26-12-2022 17:08:48.537 [Gauge] [DEBUG] Created gauge_screenshots_dir at C:\Users\testinium\Desktop\Example\QatarAirwaysProject\.gauge\screenshots
26-12-2022 17:08:48.546 [Gauge] [DEBUG] Plugin java is already installed.
26-12-2022 17:08:48.584 [Gauge] [DEBUG] Plugin html-report is already installed.
26-12-2022 17:08:48.587 [Gauge] [DEBUG] Parsing started.
26-12-2022 17:08:48.587 [Gauge] [DEBUG] Started concepts parsing.
26-12-2022 17:08:48.596 [Gauge] [DEBUG] 0 concepts parsing completed.
26-12-2022 17:08:48.597 [Gauge] [DEBUG] Started specifications parsing.
26-12-2022 17:08:48.599 [Gauge] [DEBUG] 1 specifications parsing completed.
26-12-2022 17:08:48.600 [Gauge] [DEBUG] Parsing completed.
26-12-2022 17:08:49.527 [Gauge] [DEBUG] Checking updates...
26-12-2022 17:08:49.537 [Gauge] [DEBUG] Downloading https://downloads.gauge.org/plugin/html-report?l=java&p=html-report,java,screenshot,spectacle,xml-report&o=windows&a=amd64
26-12-2022 17:08:49.959 [Gauge] [DEBUG] Downloading https://downloads.gauge.org/plugin/java?l=java&p=html-report,java,screenshot,spectacle,xml-report&o=windows&a=amd64
26-12-2022 17:08:50.544 [Gauge] [DEBUG] Downloading https://downloads.gauge.org/plugin/screenshot?l=java&p=html-report,java,screenshot,spectacle,xml-report&o=windows&a=amd64
26-12-2022 17:08:50.745 [Gauge] [DEBUG] Downloading https://downloads.gauge.org/plugin/spectacle?l=java&p=html-report,java,screenshot,spectacle,xml-report&o=windows&a=amd64
26-12-2022 17:08:51.094 [Gauge] [DEBUG] Downloading https://downloads.gauge.org/plugin/xml-report?l=java&p=html-report,java,screenshot,spectacle,xml-report&o=windows&a=amd64
26-12-2022 17:08:54.020 [java] [DEBUG] ***** Printing Properties/Env Values *****
26-12-2022 17:08:54.021 [java] [DEBUG] PATH: C:\Program Files\Common Files\Oracle\Java\javapath_target_204140046;C:\WINDOWS\system32;C:\WINDOWS;C:\WINDOWS\System32\Wbem;C:\WINDOWS\System32\WindowsPowerShell\v1.0\;C:\WINDOWS\System32\OpenSSH\;C:\Program Files (x86)\Intel\Intel(R) Management Engine Components\DAL;C:\Program Files\Intel\Intel(R) Management Engine Components\DAL;C:\Program Files\nodejs\;C:\Program Files\Maven\apache-maven-3.8.6\bin;C:\Program Files\Git\cmd;C:\Program Files\Gauge\bin;C:\WINDOWS\system32;C:\WINDOWS;C:\WINDOWS\System32\Wbem;C:\WINDOWS\System32\WindowsPowerShell\v1.0\;C:\WINDOWS\System32\OpenSSH\;C:\Program Files (x86)\Micro Focus\Unified Functional Testing\bin;C:\Users\testinium\AppData\Local\Android\Sdk\platform-tools;C:\Users\testinium\AppData\Local\Android\Sdk\tools;C:\Users\testinium\AppData\Local\Android\Sdk\build-tools;C:\Users\testinium\AppData\Local\Microsoft\WindowsApps;C:\Users\testinium\AppData\Roaming\npm;;C:\Users\testinium\AppData\Roaming\gauge\plugins\screenshot\0.1.0
26-12-2022 17:08:54.021 [java] [DEBUG] JAVA_HOME: C:\Program Files\Java\jdk-11.0.16.1
26-12-2022 17:08:54.021 [java] [DEBUG] gauge_project_root: C:\Users\testinium\Desktop\Example\QatarAirwaysProject
26-12-2022 17:08:54.021 [java] [DEBUG] gauge_parallel_streams_count: 8
26-12-2022 17:08:54.021 [java] [DEBUG] gauge_reports_dir: reports
26-12-2022 17:08:54.021 [java] [DEBUG] overwrite_reports: true
26-12-2022 17:08:54.021 [java] [DEBUG] logs_directory: logs
26-12-2022 17:08:54.021 [java] [DEBUG] enable_multithreading: false
26-12-2022 17:08:54.021 [java] [DEBUG] gauge_specs_dir: specs
26-12-2022 17:08:54.021 [java] [DEBUG] csv_delimiter: ,
26-12-2022 17:08:54.021 [java] [DEBUG] gauge_java_home: 
26-12-2022 17:08:54.021 [java] [DEBUG] gauge_custom_build_path: 
26-12-2022 17:08:54.021 [java] [DEBUG] gauge_additional_libs: libs/*
26-12-2022 17:08:54.021 [java] [DEBUG] gauge_jvm_args: 
26-12-2022 17:08:54.021 [java] [DEBUG] gauge_custom_compile_dir: 
26-12-2022 17:08:54.021 [java] [DEBUG] gauge_clear_state_level: scenario
26-12-2022 17:08:54.021 [java] [DEBUG] ***** END *****
26-12-2022 17:09:05.874 [java] [DEBUG] classpath set to C:\Program Files\Java\jdk-11.0.16.1!\java.base;C:\Program Files\Java\jdk-11.0.16.1!\java.compiler;C:\Program Files\Java\jdk-11.0.16.1!\java.datatransfer;C:\Program Files\Java\jdk-11.0.16.1!\java.desktop;C:\Program Files\Java\jdk-11.0.16.1!\java.instrument;C:\Program Files\Java\jdk-11.0.16.1!\java.logging;C:\Program Files\Java\jdk-11.0.16.1!\java.management;C:\Program Files\Java\jdk-11.0.16.1!\java.management.rmi;C:\Program Files\Java\jdk-11.0.16.1!\java.naming;C:\Program Files\Java\jdk-11.0.16.1!\java.net.http;C:\Program Files\Java\jdk-11.0.16.1!\java.prefs;C:\Program Files\Java\jdk-11.0.16.1!\java.rmi;C:\Program Files\Java\jdk-11.0.16.1!\java.scripting;C:\Program Files\Java\jdk-11.0.16.1!\java.se;C:\Program Files\Java\jdk-11.0.16.1!\java.security.jgss;C:\Program Files\Java\jdk-11.0.16.1!\java.security.sasl;C:\Program Files\Java\jdk-11.0.16.1!\java.smartcardio;C:\Program Files\Java\jdk-11.0.16.1!\java.sql;C:\Program Files\Java\jdk-11.0.16.1!\java.sql.rowset;C:\Program Files\Java\jdk-11.0.16.1!\java.transaction.xa;C:\Program Files\Java\jdk-11.0.16.1!\java.xml;C:\Program Files\Java\jdk-11.0.16.1!\java.xml.crypto;C:\Program Files\Java\jdk-11.0.16.1!\jdk.accessibility;C:\Program Files\Java\jdk-11.0.16.1!\jdk.attach;C:\Program Files\Java\jdk-11.0.16.1!\jdk.charsets;C:\Program Files\Java\jdk-11.0.16.1!\jdk.compiler;C:\Program Files\Java\jdk-11.0.16.1!\jdk.crypto.cryptoki;C:\Program Files\Java\jdk-11.0.16.1!\jdk.crypto.ec;C:\Program Files\Java\jdk-11.0.16.1!\jdk.crypto.mscapi;C:\Program Files\Java\jdk-11.0.16.1!\jdk.dynalink;C:\Program Files\Java\jdk-11.0.16.1!\jdk.editpad;C:\Program Files\Java\jdk-11.0.16.1!\jdk.hotspot.agent;C:\Program Files\Java\jdk-11.0.16.1!\jdk.httpserver;C:\Program Files\Java\jdk-11.0.16.1!\jdk.internal.ed;C:\Program Files\Java\jdk-11.0.16.1!\jdk.internal.jvmstat;C:\Program Files\Java\jdk-11.0.16.1!\jdk.internal.le;C:\Program Files\Java\jdk-11.0.16.1!\jdk.internal.opt;C:\Program Files\Java\jdk-11.0.16.1!\jdk.internal.vm.ci;C:\Program Files\Java\jdk-11.0.16.1!\jdk.internal.vm.compiler;C:\Program Files\Java\jdk-11.0.16.1!\jdk.internal.vm.compiler.management;C:\Program Files\Java\jdk-11.0.16.1!\jdk.jartool;C:\Program Files\Java\jdk-11.0.16.1!\jdk.javadoc;C:\Program Files\Java\jdk-11.0.16.1!\jdk.jcmd;C:\Program Files\Java\jdk-11.0.16.1!\jdk.jconsole;C:\Program Files\Java\jdk-11.0.16.1!\jdk.jdeps;C:\Program Files\Java\jdk-11.0.16.1!\jdk.jdi;C:\Program Files\Java\jdk-11.0.16.1!\jdk.jdwp.agent;C:\Program Files\Java\jdk-11.0.16.1!\jdk.jfr;C:\Program Files\Java\jdk-11.0.16.1!\jdk.jlink;C:\Program Files\Java\jdk-11.0.16.1!\jdk.jshell;C:\Program Files\Java\jdk-11.0.16.1!\jdk.jsobject;C:\Program Files\Java\jdk-11.0.16.1!\jdk.jstatd;C:\Program Files\Java\jdk-11.0.16.1!\jdk.localedata;C:\Program Files\Java\jdk-11.0.16.1!\jdk.management;C:\Program Files\Java\jdk-11.0.16.1!\jdk.management.agent;C:\Program Files\Java\jdk-11.0.16.1!\jdk.management.jfr;C:\Program Files\Java\jdk-11.0.16.1!\jdk.naming.dns;C:\Program Files\Java\jdk-11.0.16.1!\jdk.naming.ldap;C:\Program Files\Java\jdk-11.0.16.1!\jdk.naming.rmi;C:\Program Files\Java\jdk-11.0.16.1!\jdk.net;C:\Program Files\Java\jdk-11.0.16.1!\jdk.pack;C:\Program Files\Java\jdk-11.0.16.1!\jdk.rmic;C:\Program Files\Java\jdk-11.0.16.1!\jdk.scripting.nashorn;C:\Program Files\Java\jdk-11.0.16.1!\jdk.scripting.nashorn.shell;C:\Program Files\Java\jdk-11.0.16.1!\jdk.sctp;C:\Program Files\Java\jdk-11.0.16.1!\jdk.security.auth;C:\Program Files\Java\jdk-11.0.16.1!\jdk.security.jgss;C:\Program Files\Java\jdk-11.0.16.1!\jdk.unsupported;C:\Program Files\Java\jdk-11.0.16.1!\jdk.unsupported.desktop;C:\Program Files\Java\jdk-11.0.16.1!\jdk.xml.dom;C:\Program Files\Java\jdk-11.0.16.1!\jdk.zipfs;C:\Users\testinium\Desktop\Example\QatarAirwaysProject\target\test-classes;C:\Users\testinium\.m2\repository\junit\junit\4.12\junit-4.12.jar;C:\Users\testinium\.m2\repository\org\hamcrest\hamcrest-core\1.3\hamcrest-core-1.3.jar;C:\Users\testinium\.m2\repository\com\thoughtworks\gauge\gauge-java\0.9.1\gauge-java-0.9.1.jar;C:\Users\testinium\.m2\repository\org\assertj\assertj-core\3.22.0\assertj-core-3.22.0.jar;C:\Users\testinium\.m2\repository\org\reflections\reflections\0.10.2\reflections-0.10.2.jar;C:\Users\testinium\.m2\repository\org\javassist\javassist\3.28.0-GA\javassist-3.28.0-GA.jar;C:\Users\testinium\.m2\repository\com\google\code\findbugs\jsr305\3.0.2\jsr305-3.0.2.jar;C:\Users\testinium\.m2\repository\com\github\javaparser\javaparser-core\3.16.3\javaparser-core-3.16.3.jar;C:\Users\testinium\.m2\repository\commons-io\commons-io\2.11.0\commons-io-2.11.0.jar;C:\Users\testinium\.m2\repository\commons-lang\commons-lang\2.6\commons-lang-2.6.jar;C:\Users\testinium\.m2\repository\org\json\json\20220320\json-20220320.jar;C:\Users\testinium\.m2\repository\com\google\protobuf\protobuf-java\3.19.4\protobuf-java-3.19.4.jar;C:\Users\testinium\.m2\repository\com\google\guava\guava\31.0.1-jre\guava-31.0.1-jre.jar;C:\Users\testinium\.m2\repository\com\google\guava\failureaccess\1.0.1\failureaccess-1.0.1.jar;C:\Users\testinium\.m2\repository\com\google\guava\listenablefuture\9999.0-empty-to-avoid-conflict-with-guava\listenablefuture-9999.0-empty-to-avoid-conflict-with-guava.jar;C:\Users\testinium\.m2\repository\org\checkerframework\checker-qual\3.12.0\checker-qual-3.12.0.jar;C:\Users\testinium\.m2\repository\com\google\errorprone\error_prone_annotations\2.7.1\error_prone_annotations-2.7.1.jar;C:\Users\testinium\.m2\repository\com\google\j2objc\j2objc-annotations\1.3\j2objc-annotations-1.3.jar;C:\Users\testinium\.m2\repository\io\grpc\grpc-netty-shaded\1.41.2\grpc-netty-shaded-1.41.2.jar;C:\Users\testinium\.m2\repository\io\perfmark\perfmark-api\0.23.0\perfmark-api-0.23.0.jar;C:\Users\testinium\.m2\repository\io\grpc\grpc-core\1.41.2\grpc-core-1.41.2.jar;C:\Users\testinium\.m2\repository\com\google\android\annotations\4.1.1.4\annotations-4.1.1.4.jar;C:\Users\testinium\.m2\repository\org\codehaus\mojo\animal-sniffer-annotations\1.19\animal-sniffer-annotations-1.19.jar;C:\Users\testinium\.m2\repository\io\grpc\grpc-protobuf\1.41.2\grpc-protobuf-1.41.2.jar;C:\Users\testinium\.m2\repository\io\grpc\grpc-api\1.41.2\grpc-api-1.41.2.jar;C:\Users\testinium\.m2\repository\io\grpc\grpc-context\1.41.2\grpc-context-1.41.2.jar;C:\Users\testinium\.m2\repository\com\google\api\grpc\proto-google-common-protos\2.0.1\proto-google-common-protos-2.0.1.jar;C:\Users\testinium\.m2\repository\io\grpc\grpc-protobuf-lite\1.41.2\grpc-protobuf-lite-1.41.2.jar;C:\Users\testinium\.m2\repository\io\grpc\grpc-stub\1.41.2\grpc-stub-1.41.2.jar;C:\Users\testinium\.m2\repository\javax\annotation\javax.annotation-api\1.3.2\javax.annotation-api-1.3.2.jar;C:\Users\testinium\.m2\repository\io\appium\java-client\7.3.0\java-client-7.3.0.jar;C:\Users\testinium\.m2\repository\org\seleniumhq\selenium\selenium-java\3.141.59\selenium-java-3.141.59.jar;C:\Users\testinium\.m2\repository\org\seleniumhq\selenium\selenium-chrome-driver\3.141.59\selenium-chrome-driver-3.141.59.jar;C:\Users\testinium\.m2\repository\org\seleniumhq\selenium\selenium-edge-driver\3.141.59\selenium-edge-driver-3.141.59.jar;C:\Users\testinium\.m2\repository\org\seleniumhq\selenium\selenium-firefox-driver\3.141.59\selenium-firefox-driver-3.141.59.jar;C:\Users\testinium\.m2\repository\org\seleniumhq\selenium\selenium-ie-driver\3.141.59\selenium-ie-driver-3.141.59.jar;C:\Users\testinium\.m2\repository\org\seleniumhq\selenium\selenium-opera-driver\3.141.59\selenium-opera-driver-3.141.59.jar;C:\Users\testinium\.m2\repository\org\seleniumhq\selenium\selenium-remote-driver\3.141.59\selenium-remote-driver-3.141.59.jar;C:\Users\testinium\.m2\repository\org\seleniumhq\selenium\selenium-safari-driver\3.141.59\selenium-safari-driver-3.141.59.jar;C:\Users\testinium\.m2\repository\net\bytebuddy\byte-buddy\1.8.15\byte-buddy-1.8.15.jar;C:\Users\testinium\.m2\repository\org\apache\commons\commons-exec\1.3\commons-exec-1.3.jar;C:\Users\testinium\.m2\repository\com\squareup\okhttp3\okhttp\3.11.0\okhttp-3.11.0.jar;C:\Users\testinium\.m2\repository\com\squareup\okio\okio\1.14.0\okio-1.14.0.jar;C:\Users\testinium\.m2\repository\org\seleniumhq\selenium\selenium-support\3.141.59\selenium-support-3.141.59.jar;C:\Users\testinium\.m2\repository\org\seleniumhq\selenium\selenium-api\3.141.59\selenium-api-3.141.59.jar;C:\Users\testinium\.m2\repository\com\google\code\gson\gson\2.8.5\gson-2.8.5.jar;C:\Users\testinium\.m2\repository\org\apache\httpcomponents\httpclient\4.5.9\httpclient-4.5.9.jar;C:\Users\testinium\.m2\repository\org\apache\httpcomponents\httpcore\4.4.11\httpcore-4.4.11.jar;C:\Users\testinium\.m2\repository\commons-logging\commons-logging\1.2\commons-logging-1.2.jar;C:\Users\testinium\.m2\repository\commons-codec\commons-codec\1.11\commons-codec-1.11.jar;C:\Users\testinium\.m2\repository\cglib\cglib\3.2.12\cglib-3.2.12.jar;C:\Users\testinium\.m2\repository\org\ow2\asm\asm\7.1\asm-7.1.jar;C:\Users\testinium\.m2\repository\commons-validator\commons-validator\1.6\commons-validator-1.6.jar;C:\Users\testinium\.m2\repository\commons-beanutils\commons-beanutils\1.9.2\commons-beanutils-1.9.2.jar;C:\Users\testinium\.m2\repository\commons-digester\commons-digester\1.8.1\commons-digester-1.8.1.jar;C:\Users\testinium\.m2\repository\commons-collections\commons-collections\3.2.2\commons-collections-3.2.2.jar;C:\Users\testinium\.m2\repository\org\apache\commons\commons-lang3\3.9\commons-lang3-3.9.jar;C:\Users\testinium\.m2\repository\org\springframework\spring-context\5.1.8.RELEASE\spring-context-5.1.8.RELEASE.jar;C:\Users\testinium\.m2\repository\org\springframework\spring-aop\5.1.8.RELEASE\spring-aop-5.1.8.RELEASE.jar;C:\Users\testinium\.m2\repository\org\springframework\spring-beans\5.1.8.RELEASE\spring-beans-5.1.8.RELEASE.jar;C:\Users\testinium\.m2\repository\org\springframework\spring-core\5.1.8.RELEASE\spring-core-5.1.8.RELEASE.jar;C:\Users\testinium\.m2\repository\org\springframework\spring-jcl\5.1.8.RELEASE\spring-jcl-5.1.8.RELEASE.jar;C:\Users\testinium\.m2\repository\org\springframework\spring-expression\5.1.8.RELEASE\spring-expression-5.1.8.RELEASE.jar;C:\Users\testinium\.m2\repository\org\aspectj\aspectjweaver\1.9.4\aspectjweaver-1.9.4.jar;C:\Users\testinium\.m2\repository\org\slf4j\slf4j-api\1.7.30\slf4j-api-1.7.30.jar;C:\Users\testinium\.m2\repository\org\apache\logging\log4j\log4j-core\2.17.1\log4j-core-2.17.1.jar;C:\Users\testinium\.m2\repository\org\apache\logging\log4j\log4j-api\2.17.1\log4j-api-2.17.1.jar
26-12-2022 17:09:06.106 [java] [DEBUG] found java executable in C:\Program Files\Java\jdk-11.0.16.1\bin\java.exe
26-12-2022 17:09:06.106 [java] [DEBUG] running - C:\Program Files\Java\jdk-11.0.16.1\bin\java.exe [-Dfile.encoding=UTF-8 com.thoughtworks.gauge.GaugeRuntime --start]
26-12-2022 17:09:06.106 [java] [DEBUG] stdout/stderr is logged to logs\27496-java.exe.out
26-12-2022 17:09:06.509 [java] [DEBUG] multithreading is set to false
26-12-2022 17:09:07.097 [java] [DEBUG] Using reflection to scan dependencies for gauge implementations...
26-12-2022 17:09:07.323 [java] [ERROR] SLF4J: Failed to load class "org.slf4j.impl.StaticLoggerBinder".
26-12-2022 17:09:07.325 [java] [ERROR] SLF4J: Defaulting to no-operation (NOP) logger implementation
26-12-2022 17:09:07.325 [java] [ERROR] SLF4J: See http://www.slf4j.org/codes.html#StaticLoggerBinder for further details.
26-12-2022 17:09:11.407 [java] [DEBUG] gauge-java took 4842milliseconds to load and scan. This should be less than 'runner_connection_timeout' config value.
26-12-2022 17:09:11.407 [java] [DEBUG] run 'gauge config runner_connection_timeout' and verify that it is < 4842
26-12-2022 17:09:11.407 [java] [DEBUG] starting gRPC server...
26-12-2022 17:09:11.696 [java] [DEBUG] Scanning packages for steps
26-12-2022 17:09:11.774 [java] [DEBUG] Comparing 'StepImplementation.pickTheIstanbul' and 'StepImplementation.pickTheIstanbul'
26-12-2022 17:09:11.775 [java] [DEBUG] Found Varış Havaalanı 'Istanbul' Seçilir in current project scope.
26-12-2022 17:09:11.775 [java] [DEBUG] Comparing 'StepImplementation.selectBookTab' and 'StepImplementation.selectBookTab'
26-12-2022 17:09:11.775 [java] [DEBUG] Found Ana Menüden 'Book' Tabına Basılır in current project scope.
26-12-2022 17:09:11.775 [java] [DEBUG] Comparing 'StepImplementation.waitBySecond' and 'StepImplementation.waitBySecond'
26-12-2022 17:09:11.775 [java] [DEBUG] Found {} saniye bekle in current project scope.
26-12-2022 17:09:11.775 [java] [DEBUG] Comparing 'StepImplementation.pickTheDate' and 'StepImplementation.pickTheDate'
26-12-2022 17:09:11.775 [java] [DEBUG] Found Bugünün Tarihinden Sonraki 7. gün Seçilir in current project scope.
26-12-2022 17:09:11.775 [java] [DEBUG] Comparing 'StepImplementation.checkIsTheAppOpen' and 'StepImplementation.checkIsTheAppOpen'
26-12-2022 17:09:11.775 [java] [DEBUG] Found Uygulamanın Açıldığının Kontrolü Yapılır in current project scope.
26-12-2022 17:09:11.775 [java] [DEBUG] Comparing 'StepImplementation.AcceptNotifications' and 'StepImplementation.AcceptNotifications'
26-12-2022 17:09:11.775 [java] [DEBUG] Found Location Bildirimi Skip Butonuna Basılarak Geçilir in current project scope.
26-12-2022 17:09:11.775 [java] [DEBUG] Comparing 'StepImplementation.pickTheBerlin' and 'StepImplementation.pickTheBerlin'
26-12-2022 17:09:11.775 [java] [DEBUG] Found Kalkış Havaalanı 'Berlin' Seçilir in current project scope.
26-12-2022 17:09:11.775 [java] [DEBUG] Comparing 'StepImplementation.selectTheType' and 'StepImplementation.selectTheType'
26-12-2022 17:09:11.775 [java] [DEBUG] Found Seyahat Tipi 'One Way' Seçilir in current project scope.
26-12-2022 17:09:11.776 [java] [DEBUG] Comparing 'StepImplementation.skipTheEnterance' and 'StepImplementation.skipTheEnterance'
26-12-2022 17:09:11.776 [java] [DEBUG] Found Karşılama Ekranı Skip Butonuna BasılaraK Geçilir in current project scope.
26-12-2022 17:09:11.776 [java] [DEBUG] Comparing 'StepImplementation.allowTheNotifications' and 'StepImplementation.allowTheNotifications'
26-12-2022 17:09:11.777 [java] [DEBUG] Found Bildirimleri Kabul Etmek için 'Allow' Butonuna Basılır in current project scope.
26-12-2022 17:09:11.777 [java] [DEBUG] Scanning packages for hooks
26-12-2022 17:09:11.802 [java] [DEBUG] Scanned steps (using static parsing + reflections): 
26-12-2022 17:09:11.802 [java] [DEBUG] 	Kalkış Havaalanı 'Berlin' Seçilir : public void pickTheBerlin()
26-12-2022 17:09:11.804 [java] [DEBUG] 	Uygulamanın Açıldığının Kontrolü Yapılır : public void checkIsTheAppOpen()
26-12-2022 17:09:11.804 [java] [DEBUG] 	{} saniye bekle : public void waitBySecond(int i) throws InterruptedException
26-12-2022 17:09:11.804 [java] [DEBUG] 	Karşılama Ekranı Skip Butonuna BasılaraK Geçilir : public void skipTheEnterance()
26-12-2022 17:09:11.804 [java] [DEBUG] 	Bildirimleri Kabul Etmek için 'Allow' Butonuna Basılır : public void allowTheNotifications()
26-12-2022 17:09:11.804 [java] [DEBUG] 	Seyahat Tipi 'One Way' Seçilir : public void selectTheType()
26-12-2022 17:09:11.804 [java] [DEBUG] 	Location Bildirimi Skip Butonuna Basılarak Geçilir : public void AcceptNotifications()
26-12-2022 17:09:11.804 [java] [DEBUG] 	Bugünün Tarihinden Sonraki 7. gün Seçilir : public void pickTheDate()
26-12-2022 17:09:11.805 [java] [DEBUG] 	Ana Menüden 'Book' Tabına Basılır : public void selectBookTab()
26-12-2022 17:09:11.805 [java] [DEBUG] 	Varış Havaalanı 'Istanbul' Seçilir : public void pickTheIstanbul()
26-12-2022 17:09:12.648 [java] [DEBUG] started gRPC server on port 50615
26-12-2022 17:09:12.654 [Gauge] [DEBUG] Attempting to connect to grpc server at port: 50615
26-12-2022 17:09:12.873 [Gauge] [DEBUG] Successfully made the connection with runner with port: 50615
26-12-2022 17:09:12.875 [Gauge] [DEBUG] Validation started.
26-12-2022 17:09:13.970 [Gauge] [DEBUG] Validation completed.
26-12-2022 17:09:13.975 [Gauge] [DEBUG] Run started
26-12-2022 17:09:13.978 [Gauge] [DEBUG] Starting Html Report plugin
26-12-2022 17:09:14.765 [html-report] [DEBUG] Setting MaxRecvMsgSize = 1024 MB
26-12-2022 17:09:14.765 [Gauge] [DEBUG] Attempting to connect to grpc server at port: 50619
26-12-2022 17:09:14.768 [Gauge] [DEBUG] Successfully made the connection with plugin with port: 50619
26-12-2022 17:09:14.770 [Gauge] [DEBUG] Initialising suite data store.
26-12-2022 17:09:14.824 [java] [INFO] 2022-12-26 17:09:14,820 +03:00 INFO  b.BaseTest:26 beforeScenario - !!!!!!!!!!! Localde test başlıyor !!!!!!!!!!
26-12-2022 17:09:14.826 [java] [INFO] 2022-12-26 17:09:14,824 +03:00 INFO  b.BaseTest:29 beforeScenario - !!!!!!!!!!! Localde Android  testi başlıyor !!!!!!!!!!
26-12-2022 17:09:29.712 [java] [ERROR] Dec 26, 2022 5:09:29 PM io.appium.java_client.remote.AppiumCommandExecutor$1 lambda$0
26-12-2022 17:09:29.713 [java] [ERROR] INFO: Detected dialect: W3C
26-12-2022 17:09:29.775 [java] [DEBUG] Executing '{} saniye bekle' using 'class StepImplementation.waitBySecond
26-12-2022 17:09:34.807 [java] [DEBUG] Executing 'Uygulamanın Açıldığının Kontrolü Yapılır' using 'class StepImplementation.checkIsTheAppOpen
26-12-2022 17:09:41.287 [java] [DEBUG] Executing '{} saniye bekle' using 'class StepImplementation.waitBySecond
26-12-2022 17:09:43.387 [java] [DEBUG] Executing 'Bildirimleri Kabul Etmek için 'Allow' Butonuna Basılır' using 'class StepImplementation.allowTheNotifications
26-12-2022 17:09:43.600 [java] [DEBUG] Executing '{} saniye bekle' using 'class StepImplementation.waitBySecond
26-12-2022 17:09:45.688 [java] [DEBUG] Executing 'Ana Menüden 'Book' Tabına Basılır' using 'class StepImplementation.selectBookTab
26-12-2022 17:09:49.041 [html-report] [DEBUG] Transformed SuiteResult to report structure
26-12-2022 17:09:56.406 [Gauge] [DEBUG] Sending kill message to Html Report plugin.
26-12-2022 17:09:56.413 [html-report] [INFO] Successfully generated html-report to => C:\Users\testinium\Desktop\Example\QatarAirwaysProject\reports\html-report\index.html
26-12-2022 17:09:56.413 [html-report] [DEBUG] Done generating HTML report using theme from C:\Users\testinium\AppData\Roaming\gauge\plugins\html-report\4.2.0\themes\default
26-12-2022 17:09:56.554 [java] [DEBUG] Killing Java runner...
26-12-2022 17:09:56.562 [java] [DEBUG] Stopping execution pool...
26-12-2022 17:09:56.565 [java] [DEBUG] Shutting down grpc server...
26-12-2022 17:09:56.767 [java] [DEBUG] Runner killed gracefully.
26-12-2022 17:09:58.048 [Gauge] [DEBUG] Runner with PID:27496 has exited
26-12-2022 17:09:58.050 [Gauge] [INFO] Specifications:	1 executed	0 passed	1 failed	0 skipped
26-12-2022 17:09:58.050 [Gauge] [INFO] Scenarios:	1 executed	0 passed	1 failed	0 skipped
26-12-2022 17:09:58.051 [Gauge] [INFO] 
Total time taken: 34.803s
26-12-2022 17:13:27.602 [Gauge] [DEBUG] Created gauge_screenshots_dir at C:\Users\testinium\Desktop\Example\QatarAirwaysProject\.gauge\screenshots
26-12-2022 17:13:27.606 [Gauge] [DEBUG] Plugin html-report is already installed.
26-12-2022 17:13:27.609 [Gauge] [DEBUG] Plugin java is already installed.
26-12-2022 17:13:27.614 [Gauge] [DEBUG] Parsing started.
26-12-2022 17:13:27.614 [Gauge] [DEBUG] Started concepts parsing.
26-12-2022 17:13:27.624 [Gauge] [DEBUG] 0 concepts parsing completed.
26-12-2022 17:13:27.625 [Gauge] [DEBUG] Started specifications parsing.
26-12-2022 17:13:27.632 [Gauge] [DEBUG] 1 specifications parsing completed.
26-12-2022 17:13:27.632 [Gauge] [DEBUG] Parsing completed.
26-12-2022 17:13:27.675 [java] [DEBUG] ***** Printing Properties/Env Values *****
26-12-2022 17:13:27.675 [java] [DEBUG] PATH: C:\Program Files\Common Files\Oracle\Java\javapath_target_204140046;C:\WINDOWS\system32;C:\WINDOWS;C:\WINDOWS\System32\Wbem;C:\WINDOWS\System32\WindowsPowerShell\v1.0\;C:\WINDOWS\System32\OpenSSH\;C:\Program Files (x86)\Intel\Intel(R) Management Engine Components\DAL;C:\Program Files\Intel\Intel(R) Management Engine Components\DAL;C:\Program Files\nodejs\;C:\Program Files\Maven\apache-maven-3.8.6\bin;C:\Program Files\Git\cmd;C:\Program Files\Gauge\bin;C:\WINDOWS\system32;C:\WINDOWS;C:\WINDOWS\System32\Wbem;C:\WINDOWS\System32\WindowsPowerShell\v1.0\;C:\WINDOWS\System32\OpenSSH\;C:\Program Files (x86)\Micro Focus\Unified Functional Testing\bin;C:\Users\testinium\AppData\Local\Android\Sdk\platform-tools;C:\Users\testinium\AppData\Local\Android\Sdk\tools;C:\Users\testinium\AppData\Local\Android\Sdk\build-tools;C:\Users\testinium\AppData\Local\Microsoft\WindowsApps;C:\Users\testinium\AppData\Roaming\npm;;C:\Users\testinium\AppData\Roaming\gauge\plugins\screenshot\0.1.0
26-12-2022 17:13:27.675 [java] [DEBUG] JAVA_HOME: C:\Program Files\Java\jdk-11.0.16.1
26-12-2022 17:13:27.675 [java] [DEBUG] gauge_project_root: C:\Users\testinium\Desktop\Example\QatarAirwaysProject
26-12-2022 17:13:27.675 [java] [DEBUG] gauge_parallel_streams_count: 8
26-12-2022 17:13:27.675 [java] [DEBUG] gauge_reports_dir: reports
26-12-2022 17:13:27.675 [java] [DEBUG] overwrite_reports: true
26-12-2022 17:13:27.675 [java] [DEBUG] logs_directory: logs
26-12-2022 17:13:27.675 [java] [DEBUG] enable_multithreading: false
26-12-2022 17:13:27.676 [java] [DEBUG] gauge_specs_dir: specs
26-12-2022 17:13:27.676 [java] [DEBUG] csv_delimiter: ,
26-12-2022 17:13:27.676 [java] [DEBUG] gauge_java_home: 
26-12-2022 17:13:27.676 [java] [DEBUG] gauge_custom_build_path: 
26-12-2022 17:13:27.676 [java] [DEBUG] gauge_additional_libs: libs/*
26-12-2022 17:13:27.676 [java] [DEBUG] gauge_jvm_args: 
26-12-2022 17:13:27.676 [java] [DEBUG] gauge_custom_compile_dir: 
26-12-2022 17:13:27.676 [java] [DEBUG] gauge_clear_state_level: scenario
26-12-2022 17:13:27.676 [java] [DEBUG] ***** END *****
26-12-2022 17:13:28.054 [Gauge] [DEBUG] Checking updates...
26-12-2022 17:13:28.057 [Gauge] [DEBUG] Downloading https://downloads.gauge.org/plugin/html-report?l=java&p=html-report,java,screenshot,spectacle,xml-report&o=windows&a=amd64
26-12-2022 17:13:28.417 [Gauge] [DEBUG] Downloading https://downloads.gauge.org/plugin/java?l=java&p=html-report,java,screenshot,spectacle,xml-report&o=windows&a=amd64
26-12-2022 17:13:28.569 [Gauge] [DEBUG] Downloading https://downloads.gauge.org/plugin/screenshot?l=java&p=html-report,java,screenshot,spectacle,xml-report&o=windows&a=amd64
26-12-2022 17:13:28.653 [Gauge] [DEBUG] Downloading https://downloads.gauge.org/plugin/spectacle?l=java&p=html-report,java,screenshot,spectacle,xml-report&o=windows&a=amd64
26-12-2022 17:13:28.748 [Gauge] [DEBUG] Downloading https://downloads.gauge.org/plugin/xml-report?l=java&p=html-report,java,screenshot,spectacle,xml-report&o=windows&a=amd64
26-12-2022 17:13:36.484 [java] [DEBUG] classpath set to C:\Program Files\Java\jdk-11.0.16.1!\java.base;C:\Program Files\Java\jdk-11.0.16.1!\java.compiler;C:\Program Files\Java\jdk-11.0.16.1!\java.datatransfer;C:\Program Files\Java\jdk-11.0.16.1!\java.desktop;C:\Program Files\Java\jdk-11.0.16.1!\java.instrument;C:\Program Files\Java\jdk-11.0.16.1!\java.logging;C:\Program Files\Java\jdk-11.0.16.1!\java.management;C:\Program Files\Java\jdk-11.0.16.1!\java.management.rmi;C:\Program Files\Java\jdk-11.0.16.1!\java.naming;C:\Program Files\Java\jdk-11.0.16.1!\java.net.http;C:\Program Files\Java\jdk-11.0.16.1!\java.prefs;C:\Program Files\Java\jdk-11.0.16.1!\java.rmi;C:\Program Files\Java\jdk-11.0.16.1!\java.scripting;C:\Program Files\Java\jdk-11.0.16.1!\java.se;C:\Program Files\Java\jdk-11.0.16.1!\java.security.jgss;C:\Program Files\Java\jdk-11.0.16.1!\java.security.sasl;C:\Program Files\Java\jdk-11.0.16.1!\java.smartcardio;C:\Program Files\Java\jdk-11.0.16.1!\java.sql;C:\Program Files\Java\jdk-11.0.16.1!\java.sql.rowset;C:\Program Files\Java\jdk-11.0.16.1!\java.transaction.xa;C:\Program Files\Java\jdk-11.0.16.1!\java.xml;C:\Program Files\Java\jdk-11.0.16.1!\java.xml.crypto;C:\Program Files\Java\jdk-11.0.16.1!\jdk.accessibility;C:\Program Files\Java\jdk-11.0.16.1!\jdk.attach;C:\Program Files\Java\jdk-11.0.16.1!\jdk.charsets;C:\Program Files\Java\jdk-11.0.16.1!\jdk.compiler;C:\Program Files\Java\jdk-11.0.16.1!\jdk.crypto.cryptoki;C:\Program Files\Java\jdk-11.0.16.1!\jdk.crypto.ec;C:\Program Files\Java\jdk-11.0.16.1!\jdk.crypto.mscapi;C:\Program Files\Java\jdk-11.0.16.1!\jdk.dynalink;C:\Program Files\Java\jdk-11.0.16.1!\jdk.editpad;C:\Program Files\Java\jdk-11.0.16.1!\jdk.hotspot.agent;C:\Program Files\Java\jdk-11.0.16.1!\jdk.httpserver;C:\Program Files\Java\jdk-11.0.16.1!\jdk.internal.ed;C:\Program Files\Java\jdk-11.0.16.1!\jdk.internal.jvmstat;C:\Program Files\Java\jdk-11.0.16.1!\jdk.internal.le;C:\Program Files\Java\jdk-11.0.16.1!\jdk.internal.opt;C:\Program Files\Java\jdk-11.0.16.1!\jdk.internal.vm.ci;C:\Program Files\Java\jdk-11.0.16.1!\jdk.internal.vm.compiler;C:\Program Files\Java\jdk-11.0.16.1!\jdk.internal.vm.compiler.management;C:\Program Files\Java\jdk-11.0.16.1!\jdk.jartool;C:\Program Files\Java\jdk-11.0.16.1!\jdk.javadoc;C:\Program Files\Java\jdk-11.0.16.1!\jdk.jcmd;C:\Program Files\Java\jdk-11.0.16.1!\jdk.jconsole;C:\Program Files\Java\jdk-11.0.16.1!\jdk.jdeps;C:\Program Files\Java\jdk-11.0.16.1!\jdk.jdi;C:\Program Files\Java\jdk-11.0.16.1!\jdk.jdwp.agent;C:\Program Files\Java\jdk-11.0.16.1!\jdk.jfr;C:\Program Files\Java\jdk-11.0.16.1!\jdk.jlink;C:\Program Files\Java\jdk-11.0.16.1!\jdk.jshell;C:\Program Files\Java\jdk-11.0.16.1!\jdk.jsobject;C:\Program Files\Java\jdk-11.0.16.1!\jdk.jstatd;C:\Program Files\Java\jdk-11.0.16.1!\jdk.localedata;C:\Program Files\Java\jdk-11.0.16.1!\jdk.management;C:\Program Files\Java\jdk-11.0.16.1!\jdk.management.agent;C:\Program Files\Java\jdk-11.0.16.1!\jdk.management.jfr;C:\Program Files\Java\jdk-11.0.16.1!\jdk.naming.dns;C:\Program Files\Java\jdk-11.0.16.1!\jdk.naming.ldap;C:\Program Files\Java\jdk-11.0.16.1!\jdk.naming.rmi;C:\Program Files\Java\jdk-11.0.16.1!\jdk.net;C:\Program Files\Java\jdk-11.0.16.1!\jdk.pack;C:\Program Files\Java\jdk-11.0.16.1!\jdk.rmic;C:\Program Files\Java\jdk-11.0.16.1!\jdk.scripting.nashorn;C:\Program Files\Java\jdk-11.0.16.1!\jdk.scripting.nashorn.shell;C:\Program Files\Java\jdk-11.0.16.1!\jdk.sctp;C:\Program Files\Java\jdk-11.0.16.1!\jdk.security.auth;C:\Program Files\Java\jdk-11.0.16.1!\jdk.security.jgss;C:\Program Files\Java\jdk-11.0.16.1!\jdk.unsupported;C:\Program Files\Java\jdk-11.0.16.1!\jdk.unsupported.desktop;C:\Program Files\Java\jdk-11.0.16.1!\jdk.xml.dom;C:\Program Files\Java\jdk-11.0.16.1!\jdk.zipfs;C:\Users\testinium\Desktop\Example\QatarAirwaysProject\target\test-classes;C:\Users\testinium\.m2\repository\junit\junit\4.12\junit-4.12.jar;C:\Users\testinium\.m2\repository\org\hamcrest\hamcrest-core\1.3\hamcrest-core-1.3.jar;C:\Users\testinium\.m2\repository\com\thoughtworks\gauge\gauge-java\0.9.1\gauge-java-0.9.1.jar;C:\Users\testinium\.m2\repository\org\assertj\assertj-core\3.22.0\assertj-core-3.22.0.jar;C:\Users\testinium\.m2\repository\org\reflections\reflections\0.10.2\reflections-0.10.2.jar;C:\Users\testinium\.m2\repository\org\javassist\javassist\3.28.0-GA\javassist-3.28.0-GA.jar;C:\Users\testinium\.m2\repository\com\google\code\findbugs\jsr305\3.0.2\jsr305-3.0.2.jar;C:\Users\testinium\.m2\repository\com\github\javaparser\javaparser-core\3.16.3\javaparser-core-3.16.3.jar;C:\Users\testinium\.m2\repository\commons-io\commons-io\2.11.0\commons-io-2.11.0.jar;C:\Users\testinium\.m2\repository\commons-lang\commons-lang\2.6\commons-lang-2.6.jar;C:\Users\testinium\.m2\repository\org\json\json\20220320\json-20220320.jar;C:\Users\testinium\.m2\repository\com\google\protobuf\protobuf-java\3.19.4\protobuf-java-3.19.4.jar;C:\Users\testinium\.m2\repository\com\google\guava\guava\31.0.1-jre\guava-31.0.1-jre.jar;C:\Users\testinium\.m2\repository\com\google\guava\failureaccess\1.0.1\failureaccess-1.0.1.jar;C:\Users\testinium\.m2\repository\com\google\guava\listenablefuture\9999.0-empty-to-avoid-conflict-with-guava\listenablefuture-9999.0-empty-to-avoid-conflict-with-guava.jar;C:\Users\testinium\.m2\repository\org\checkerframework\checker-qual\3.12.0\checker-qual-3.12.0.jar;C:\Users\testinium\.m2\repository\com\google\errorprone\error_prone_annotations\2.7.1\error_prone_annotations-2.7.1.jar;C:\Users\testinium\.m2\repository\com\google\j2objc\j2objc-annotations\1.3\j2objc-annotations-1.3.jar;C:\Users\testinium\.m2\repository\io\grpc\grpc-netty-shaded\1.41.2\grpc-netty-shaded-1.41.2.jar;C:\Users\testinium\.m2\repository\io\perfmark\perfmark-api\0.23.0\perfmark-api-0.23.0.jar;C:\Users\testinium\.m2\repository\io\grpc\grpc-core\1.41.2\grpc-core-1.41.2.jar;C:\Users\testinium\.m2\repository\com\google\android\annotations\4.1.1.4\annotations-4.1.1.4.jar;C:\Users\testinium\.m2\repository\org\codehaus\mojo\animal-sniffer-annotations\1.19\animal-sniffer-annotations-1.19.jar;C:\Users\testinium\.m2\repository\io\grpc\grpc-protobuf\1.41.2\grpc-protobuf-1.41.2.jar;C:\Users\testinium\.m2\repository\io\grpc\grpc-api\1.41.2\grpc-api-1.41.2.jar;C:\Users\testinium\.m2\repository\io\grpc\grpc-context\1.41.2\grpc-context-1.41.2.jar;C:\Users\testinium\.m2\repository\com\google\api\grpc\proto-google-common-protos\2.0.1\proto-google-common-protos-2.0.1.jar;C:\Users\testinium\.m2\repository\io\grpc\grpc-protobuf-lite\1.41.2\grpc-protobuf-lite-1.41.2.jar;C:\Users\testinium\.m2\repository\io\grpc\grpc-stub\1.41.2\grpc-stub-1.41.2.jar;C:\Users\testinium\.m2\repository\javax\annotation\javax.annotation-api\1.3.2\javax.annotation-api-1.3.2.jar;C:\Users\testinium\.m2\repository\io\appium\java-client\7.3.0\java-client-7.3.0.jar;C:\Users\testinium\.m2\repository\org\seleniumhq\selenium\selenium-java\3.141.59\selenium-java-3.141.59.jar;C:\Users\testinium\.m2\repository\org\seleniumhq\selenium\selenium-chrome-driver\3.141.59\selenium-chrome-driver-3.141.59.jar;C:\Users\testinium\.m2\repository\org\seleniumhq\selenium\selenium-edge-driver\3.141.59\selenium-edge-driver-3.141.59.jar;C:\Users\testinium\.m2\repository\org\seleniumhq\selenium\selenium-firefox-driver\3.141.59\selenium-firefox-driver-3.141.59.jar;C:\Users\testinium\.m2\repository\org\seleniumhq\selenium\selenium-ie-driver\3.141.59\selenium-ie-driver-3.141.59.jar;C:\Users\testinium\.m2\repository\org\seleniumhq\selenium\selenium-opera-driver\3.141.59\selenium-opera-driver-3.141.59.jar;C:\Users\testinium\.m2\repository\org\seleniumhq\selenium\selenium-remote-driver\3.141.59\selenium-remote-driver-3.141.59.jar;C:\Users\testinium\.m2\repository\org\seleniumhq\selenium\selenium-safari-driver\3.141.59\selenium-safari-driver-3.141.59.jar;C:\Users\testinium\.m2\repository\net\bytebuddy\byte-buddy\1.8.15\byte-buddy-1.8.15.jar;C:\Users\testinium\.m2\repository\org\apache\commons\commons-exec\1.3\commons-exec-1.3.jar;C:\Users\testinium\.m2\repository\com\squareup\okhttp3\okhttp\3.11.0\okhttp-3.11.0.jar;C:\Users\testinium\.m2\repository\com\squareup\okio\okio\1.14.0\okio-1.14.0.jar;C:\Users\testinium\.m2\repository\org\seleniumhq\selenium\selenium-support\3.141.59\selenium-support-3.141.59.jar;C:\Users\testinium\.m2\repository\org\seleniumhq\selenium\selenium-api\3.141.59\selenium-api-3.141.59.jar;C:\Users\testinium\.m2\repository\com\google\code\gson\gson\2.8.5\gson-2.8.5.jar;C:\Users\testinium\.m2\repository\org\apache\httpcomponents\httpclient\4.5.9\httpclient-4.5.9.jar;C:\Users\testinium\.m2\repository\org\apache\httpcomponents\httpcore\4.4.11\httpcore-4.4.11.jar;C:\Users\testinium\.m2\repository\commons-logging\commons-logging\1.2\commons-logging-1.2.jar;C:\Users\testinium\.m2\repository\commons-codec\commons-codec\1.11\commons-codec-1.11.jar;C:\Users\testinium\.m2\repository\cglib\cglib\3.2.12\cglib-3.2.12.jar;C:\Users\testinium\.m2\repository\org\ow2\asm\asm\7.1\asm-7.1.jar;C:\Users\testinium\.m2\repository\commons-validator\commons-validator\1.6\commons-validator-1.6.jar;C:\Users\testinium\.m2\repository\commons-beanutils\commons-beanutils\1.9.2\commons-beanutils-1.9.2.jar;C:\Users\testinium\.m2\repository\commons-digester\commons-digester\1.8.1\commons-digester-1.8.1.jar;C:\Users\testinium\.m2\repository\commons-collections\commons-collections\3.2.2\commons-collections-3.2.2.jar;C:\Users\testinium\.m2\repository\org\apache\commons\commons-lang3\3.9\commons-lang3-3.9.jar;C:\Users\testinium\.m2\repository\org\springframework\spring-context\5.1.8.RELEASE\spring-context-5.1.8.RELEASE.jar;C:\Users\testinium\.m2\repository\org\springframework\spring-aop\5.1.8.RELEASE\spring-aop-5.1.8.RELEASE.jar;C:\Users\testinium\.m2\repository\org\springframework\spring-beans\5.1.8.RELEASE\spring-beans-5.1.8.RELEASE.jar;C:\Users\testinium\.m2\repository\org\springframework\spring-core\5.1.8.RELEASE\spring-core-5.1.8.RELEASE.jar;C:\Users\testinium\.m2\repository\org\springframework\spring-jcl\5.1.8.RELEASE\spring-jcl-5.1.8.RELEASE.jar;C:\Users\testinium\.m2\repository\org\springframework\spring-expression\5.1.8.RELEASE\spring-expression-5.1.8.RELEASE.jar;C:\Users\testinium\.m2\repository\org\aspectj\aspectjweaver\1.9.4\aspectjweaver-1.9.4.jar;C:\Users\testinium\.m2\repository\org\slf4j\slf4j-api\1.7.30\slf4j-api-1.7.30.jar;C:\Users\testinium\.m2\repository\org\apache\logging\log4j\log4j-core\2.17.1\log4j-core-2.17.1.jar;C:\Users\testinium\.m2\repository\org\apache\logging\log4j\log4j-api\2.17.1\log4j-api-2.17.1.jar
26-12-2022 17:13:36.688 [java] [DEBUG] found java executable in C:\Program Files\Java\jdk-11.0.16.1\bin\java.exe
26-12-2022 17:13:36.688 [java] [DEBUG] running - C:\Program Files\Java\jdk-11.0.16.1\bin\java.exe [-Dfile.encoding=UTF-8 com.thoughtworks.gauge.GaugeRuntime --start]
26-12-2022 17:13:36.688 [java] [DEBUG] stdout/stderr is logged to logs\30468-java.exe.out
26-12-2022 17:13:37.405 [java] [DEBUG] multithreading is set to false
26-12-2022 17:13:38.661 [java] [DEBUG] Using reflection to scan dependencies for gauge implementations...
26-12-2022 17:13:39.025 [java] [ERROR] SLF4J: Failed to load class "org.slf4j.impl.StaticLoggerBinder".
26-12-2022 17:13:39.025 [java] [ERROR] SLF4J: Defaulting to no-operation (NOP) logger implementation
26-12-2022 17:13:39.025 [java] [ERROR] SLF4J: See http://www.slf4j.org/codes.html#StaticLoggerBinder for further details.
26-12-2022 17:13:45.756 [java] [DEBUG] Scanning packages for steps
26-12-2022 17:13:45.884 [java] [DEBUG] Comparing 'StepImplementation.pickTheIstanbul' and 'StepImplementation.pickTheIstanbul'
26-12-2022 17:13:45.886 [java] [DEBUG] Found Varış Havaalanı 'Istanbul' Seçilir in current project scope.
26-12-2022 17:13:45.886 [java] [DEBUG] Comparing 'StepImplementation.selectBookTab' and 'StepImplementation.selectBookTab'
26-12-2022 17:13:45.886 [java] [DEBUG] Found Ana Menüden 'Book' Tabına Basılır in current project scope.
26-12-2022 17:13:45.897 [java] [DEBUG] Comparing 'StepImplementation.waitBySecond' and 'StepImplementation.waitBySecond'
26-12-2022 17:13:45.899 [java] [DEBUG] Found {} saniye bekle in current project scope.
26-12-2022 17:13:45.900 [java] [DEBUG] Comparing 'StepImplementation.pickTheDate' and 'StepImplementation.pickTheDate'
26-12-2022 17:13:45.900 [java] [DEBUG] Found Bugünün Tarihinden Sonraki 7. gün Seçilir in current project scope.
26-12-2022 17:13:45.900 [java] [DEBUG] Comparing 'StepImplementation.checkIsTheAppOpen' and 'StepImplementation.checkIsTheAppOpen'
26-12-2022 17:13:45.900 [java] [DEBUG] Found Uygulamanın Açıldığının Kontrolü Yapılır in current project scope.
26-12-2022 17:13:45.901 [java] [DEBUG] Comparing 'StepImplementation.AcceptNotifications' and 'StepImplementation.AcceptNotifications'
26-12-2022 17:13:45.901 [java] [DEBUG] Found Location Bildirimi Skip Butonuna Basılarak Geçilir in current project scope.
26-12-2022 17:13:45.901 [java] [DEBUG] Comparing 'StepImplementation.pickTheBerlin' and 'StepImplementation.pickTheBerlin'
26-12-2022 17:13:45.901 [java] [DEBUG] Found Kalkış Havaalanı 'Berlin' Seçilir in current project scope.
26-12-2022 17:13:45.901 [java] [DEBUG] Comparing 'StepImplementation.selectTheType' and 'StepImplementation.selectTheType'
26-12-2022 17:13:46.046 [java] [DEBUG] Found Seyahat Tipi 'One Way' Seçilir in current project scope.
26-12-2022 17:13:46.046 [java] [DEBUG] Comparing 'StepImplementation.skipTheEnterance' and 'StepImplementation.skipTheEnterance'
26-12-2022 17:13:46.046 [java] [DEBUG] Found Karşılama Ekranı Skip Butonuna BasılaraK Geçilir in current project scope.
26-12-2022 17:13:46.046 [java] [DEBUG] Comparing 'StepImplementation.allowTheNotifications' and 'StepImplementation.allowTheNotifications'
26-12-2022 17:13:46.046 [java] [DEBUG] Found Bildirimleri Kabul Etmek için 'Allow' Butonuna Basılır in current project scope.
26-12-2022 17:13:46.046 [java] [DEBUG] Scanning packages for hooks
26-12-2022 17:13:46.046 [java] [DEBUG] Scanned steps (using static parsing + reflections): 
26-12-2022 17:13:46.047 [java] [DEBUG] 	Kalkış Havaalanı 'Berlin' Seçilir : public void pickTheBerlin()
26-12-2022 17:13:46.047 [java] [DEBUG] 	Uygulamanın Açıldığının Kontrolü Yapılır : public void checkIsTheAppOpen()
26-12-2022 17:13:46.047 [java] [DEBUG] 	{} saniye bekle : public void waitBySecond(int i) throws InterruptedException
26-12-2022 17:13:46.047 [java] [DEBUG] 	Karşılama Ekranı Skip Butonuna BasılaraK Geçilir : public void skipTheEnterance()
26-12-2022 17:13:46.047 [java] [DEBUG] 	Bildirimleri Kabul Etmek için 'Allow' Butonuna Basılır : public void allowTheNotifications()
26-12-2022 17:13:46.047 [java] [DEBUG] 	Seyahat Tipi 'One Way' Seçilir : public void selectTheType()
26-12-2022 17:13:46.047 [java] [DEBUG] 	Location Bildirimi Skip Butonuna Basılarak Geçilir : public void AcceptNotifications()
26-12-2022 17:13:46.047 [java] [DEBUG] 	Bugünün Tarihinden Sonraki 7. gün Seçilir : public void pickTheDate()
26-12-2022 17:13:46.047 [java] [DEBUG] 	Ana Menüden 'Book' Tabına Basılır : public void selectBookTab()
26-12-2022 17:13:46.047 [java] [DEBUG] 	Varış Havaalanı 'Istanbul' Seçilir : public void pickTheIstanbul()
26-12-2022 17:13:46.047 [java] [DEBUG] gauge-java took 8568milliseconds to load and scan. This should be less than 'runner_connection_timeout' config value.
26-12-2022 17:13:46.049 [java] [DEBUG] run 'gauge config runner_connection_timeout' and verify that it is < 8568
26-12-2022 17:13:46.049 [java] [DEBUG] starting gRPC server...
26-12-2022 17:13:47.437 [java] [DEBUG] started gRPC server on port 63649
26-12-2022 17:13:47.452 [Gauge] [DEBUG] Attempting to connect to grpc server at port: 63649
26-12-2022 17:13:47.882 [Gauge] [DEBUG] Successfully made the connection with runner with port: 63649
26-12-2022 17:13:47.883 [Gauge] [DEBUG] Validation started.
26-12-2022 17:13:49.574 [Gauge] [DEBUG] Validation completed.
26-12-2022 17:13:49.646 [Gauge] [DEBUG] Run started
26-12-2022 17:13:49.669 [Gauge] [DEBUG] Starting Html Report plugin
26-12-2022 17:13:49.769 [html-report] [DEBUG] Setting MaxRecvMsgSize = 1024 MB
26-12-2022 17:13:49.770 [Gauge] [DEBUG] Attempting to connect to grpc server at port: 63652
26-12-2022 17:13:49.772 [Gauge] [DEBUG] Successfully made the connection with plugin with port: 63652
26-12-2022 17:13:49.772 [Gauge] [DEBUG] Initialising suite data store.
26-12-2022 17:13:49.887 [java] [INFO] 2022-12-26 17:13:49,880 +03:00 INFO  b.BaseTest:26 beforeScenario - !!!!!!!!!!! Localde test başlıyor !!!!!!!!!!
26-12-2022 17:13:49.888 [java] [INFO] 2022-12-26 17:13:49,887 +03:00 INFO  b.BaseTest:29 beforeScenario - !!!!!!!!!!! Localde Android  testi başlıyor !!!!!!!!!!
26-12-2022 17:14:06.059 [java] [ERROR] Dec 26, 2022 5:14:06 PM io.appium.java_client.remote.AppiumCommandExecutor$1 lambda$0
26-12-2022 17:14:06.059 [java] [ERROR] INFO: Detected dialect: W3C
26-12-2022 17:14:06.153 [java] [DEBUG] Executing '{} saniye bekle' using 'class StepImplementation.waitBySecond
26-12-2022 17:14:11.173 [java] [DEBUG] Executing 'Uygulamanın Açıldığının Kontrolü Yapılır' using 'class StepImplementation.checkIsTheAppOpen
26-12-2022 17:14:11.269 [java] [DEBUG] Executing '{} saniye bekle' using 'class StepImplementation.waitBySecond
26-12-2022 17:14:13.303 [java] [DEBUG] Executing 'Bildirimleri Kabul Etmek için 'Allow' Butonuna Basılır' using 'class StepImplementation.allowTheNotifications
26-12-2022 17:14:13.418 [java] [DEBUG] Executing '{} saniye bekle' using 'class StepImplementation.waitBySecond
26-12-2022 17:14:15.430 [java] [DEBUG] Executing 'Ana Menüden 'Book' Tabına Basılır' using 'class StepImplementation.selectBookTab
26-12-2022 17:14:15.551 [java] [DEBUG] Executing '{} saniye bekle' using 'class StepImplementation.waitBySecond
26-12-2022 17:14:18.558 [java] [DEBUG] Executing 'Seyahat Tipi 'One Way' Seçilir' using 'class StepImplementation.selectTheType
26-12-2022 17:14:19.382 [java] [DEBUG] Executing '{} saniye bekle' using 'class StepImplementation.waitBySecond
26-12-2022 17:14:21.391 [java] [DEBUG] Executing 'Kalkış Havaalanı 'Berlin' Seçilir' using 'class StepImplementation.pickTheBerlin
26-12-2022 17:14:25.414 [java] [DEBUG] Executing '{} saniye bekle' using 'class StepImplementation.waitBySecond
26-12-2022 17:14:27.428 [java] [DEBUG] Executing 'Varış Havaalanı 'Istanbul' Seçilir' using 'class StepImplementation.pickTheIstanbul
26-12-2022 17:14:29.541 [html-report] [DEBUG] Transformed SuiteResult to report structure
26-12-2022 17:14:30.064 [html-report] [INFO] Successfully generated html-report to => C:\Users\testinium\Desktop\Example\QatarAirwaysProject\reports\html-report\index.html
26-12-2022 17:14:30.064 [html-report] [DEBUG] Done generating HTML report using theme from C:\Users\testinium\AppData\Roaming\gauge\plugins\html-report\4.2.0\themes\default
26-12-2022 17:14:30.067 [Gauge] [DEBUG] Sending kill message to Html Report plugin.
26-12-2022 17:14:30.087 [java] [DEBUG] Killing Java runner...
26-12-2022 17:14:30.089 [java] [DEBUG] Stopping execution pool...
26-12-2022 17:14:30.089 [java] [DEBUG] Shutting down grpc server...
26-12-2022 17:14:30.122 [java] [DEBUG] Runner killed gracefully.
26-12-2022 17:14:31.081 [Gauge] [DEBUG] Runner with PID:30468 has exited
26-12-2022 17:14:31.083 [Gauge] [INFO] Specifications:	1 executed	0 passed	1 failed	0 skipped
26-12-2022 17:14:31.083 [Gauge] [INFO] Scenarios:	1 executed	0 passed	1 failed	0 skipped
26-12-2022 17:14:31.085 [Gauge] [INFO] 
Total time taken: 39.878s
26-12-2022 18:18:25.121 [Gauge] [DEBUG] Created gauge_screenshots_dir at C:\Users\testinium\Desktop\Example\QatarAirwaysProject\.gauge\screenshots
26-12-2022 18:18:25.129 [Gauge] [DEBUG] Plugin java is already installed.
26-12-2022 18:18:25.131 [Gauge] [DEBUG] Plugin html-report is already installed.
26-12-2022 18:18:25.134 [Gauge] [DEBUG] Parsing started.
26-12-2022 18:18:25.134 [Gauge] [DEBUG] Started concepts parsing.
26-12-2022 18:18:25.148 [Gauge] [DEBUG] 0 concepts parsing completed.
26-12-2022 18:18:25.149 [Gauge] [DEBUG] Started specifications parsing.
26-12-2022 18:18:25.154 [Gauge] [DEBUG] 1 specifications parsing completed.
26-12-2022 18:18:25.155 [Gauge] [DEBUG] Parsing completed.
26-12-2022 18:18:25.210 [java] [DEBUG] ***** Printing Properties/Env Values *****
26-12-2022 18:18:25.210 [java] [DEBUG] PATH: C:\Program Files\Common Files\Oracle\Java\javapath_target_204140046;C:\WINDOWS\system32;C:\WINDOWS;C:\WINDOWS\System32\Wbem;C:\WINDOWS\System32\WindowsPowerShell\v1.0\;C:\WINDOWS\System32\OpenSSH\;C:\Program Files (x86)\Intel\Intel(R) Management Engine Components\DAL;C:\Program Files\Intel\Intel(R) Management Engine Components\DAL;C:\Program Files\nodejs\;C:\Program Files\Maven\apache-maven-3.8.6\bin;C:\Program Files\Git\cmd;C:\Program Files\Gauge\bin;C:\WINDOWS\system32;C:\WINDOWS;C:\WINDOWS\System32\Wbem;C:\WINDOWS\System32\WindowsPowerShell\v1.0\;C:\WINDOWS\System32\OpenSSH\;C:\Program Files (x86)\Micro Focus\Unified Functional Testing\bin;C:\Users\testinium\AppData\Local\Android\Sdk\platform-tools;C:\Users\testinium\AppData\Local\Android\Sdk\tools;C:\Users\testinium\AppData\Local\Android\Sdk\build-tools;C:\Users\testinium\AppData\Local\Microsoft\WindowsApps;C:\Users\testinium\AppData\Roaming\npm;;C:\Users\testinium\AppData\Roaming\gauge\plugins\screenshot\0.1.0
26-12-2022 18:18:25.210 [java] [DEBUG] JAVA_HOME: C:\Program Files\Java\jdk-11.0.16.1
26-12-2022 18:18:25.210 [java] [DEBUG] gauge_project_root: C:\Users\testinium\Desktop\Example\QatarAirwaysProject
26-12-2022 18:18:25.210 [java] [DEBUG] gauge_parallel_streams_count: 8
26-12-2022 18:18:25.210 [java] [DEBUG] gauge_reports_dir: reports
26-12-2022 18:18:25.210 [java] [DEBUG] overwrite_reports: true
26-12-2022 18:18:25.210 [java] [DEBUG] logs_directory: logs
26-12-2022 18:18:25.210 [java] [DEBUG] enable_multithreading: false
26-12-2022 18:18:25.210 [java] [DEBUG] gauge_specs_dir: specs
26-12-2022 18:18:25.210 [java] [DEBUG] csv_delimiter: ,
26-12-2022 18:18:25.210 [java] [DEBUG] gauge_java_home: 
26-12-2022 18:18:25.210 [java] [DEBUG] gauge_custom_build_path: 
26-12-2022 18:18:25.210 [java] [DEBUG] gauge_additional_libs: libs/*
26-12-2022 18:18:25.210 [java] [DEBUG] gauge_jvm_args: 
26-12-2022 18:18:25.210 [java] [DEBUG] gauge_custom_compile_dir: 
26-12-2022 18:18:25.210 [java] [DEBUG] gauge_clear_state_level: scenario
26-12-2022 18:18:25.210 [java] [DEBUG] ***** END *****
26-12-2022 18:18:25.608 [Gauge] [DEBUG] Checking updates...
26-12-2022 18:18:25.610 [Gauge] [DEBUG] Downloading https://downloads.gauge.org/plugin/html-report?l=java&p=html-report,java,screenshot,spectacle,xml-report&o=windows&a=amd64
26-12-2022 18:18:25.949 [Gauge] [DEBUG] Downloading https://downloads.gauge.org/plugin/java?l=java&p=html-report,java,screenshot,spectacle,xml-report&o=windows&a=amd64
26-12-2022 18:18:26.092 [Gauge] [DEBUG] Downloading https://downloads.gauge.org/plugin/screenshot?l=java&p=html-report,java,screenshot,spectacle,xml-report&o=windows&a=amd64
26-12-2022 18:18:26.170 [Gauge] [DEBUG] Downloading https://downloads.gauge.org/plugin/spectacle?l=java&p=html-report,java,screenshot,spectacle,xml-report&o=windows&a=amd64
26-12-2022 18:18:26.262 [Gauge] [DEBUG] Downloading https://downloads.gauge.org/plugin/xml-report?l=java&p=html-report,java,screenshot,spectacle,xml-report&o=windows&a=amd64
26-12-2022 18:18:32.513 [java] [DEBUG] classpath set to C:\Program Files\Java\jdk-11.0.16.1!\java.base;C:\Program Files\Java\jdk-11.0.16.1!\java.compiler;C:\Program Files\Java\jdk-11.0.16.1!\java.datatransfer;C:\Program Files\Java\jdk-11.0.16.1!\java.desktop;C:\Program Files\Java\jdk-11.0.16.1!\java.instrument;C:\Program Files\Java\jdk-11.0.16.1!\java.logging;C:\Program Files\Java\jdk-11.0.16.1!\java.management;C:\Program Files\Java\jdk-11.0.16.1!\java.management.rmi;C:\Program Files\Java\jdk-11.0.16.1!\java.naming;C:\Program Files\Java\jdk-11.0.16.1!\java.net.http;C:\Program Files\Java\jdk-11.0.16.1!\java.prefs;C:\Program Files\Java\jdk-11.0.16.1!\java.rmi;C:\Program Files\Java\jdk-11.0.16.1!\java.scripting;C:\Program Files\Java\jdk-11.0.16.1!\java.se;C:\Program Files\Java\jdk-11.0.16.1!\java.security.jgss;C:\Program Files\Java\jdk-11.0.16.1!\java.security.sasl;C:\Program Files\Java\jdk-11.0.16.1!\java.smartcardio;C:\Program Files\Java\jdk-11.0.16.1!\java.sql;C:\Program Files\Java\jdk-11.0.16.1!\java.sql.rowset;C:\Program Files\Java\jdk-11.0.16.1!\java.transaction.xa;C:\Program Files\Java\jdk-11.0.16.1!\java.xml;C:\Program Files\Java\jdk-11.0.16.1!\java.xml.crypto;C:\Program Files\Java\jdk-11.0.16.1!\jdk.accessibility;C:\Program Files\Java\jdk-11.0.16.1!\jdk.attach;C:\Program Files\Java\jdk-11.0.16.1!\jdk.charsets;C:\Program Files\Java\jdk-11.0.16.1!\jdk.compiler;C:\Program Files\Java\jdk-11.0.16.1!\jdk.crypto.cryptoki;C:\Program Files\Java\jdk-11.0.16.1!\jdk.crypto.ec;C:\Program Files\Java\jdk-11.0.16.1!\jdk.crypto.mscapi;C:\Program Files\Java\jdk-11.0.16.1!\jdk.dynalink;C:\Program Files\Java\jdk-11.0.16.1!\jdk.editpad;C:\Program Files\Java\jdk-11.0.16.1!\jdk.hotspot.agent;C:\Program Files\Java\jdk-11.0.16.1!\jdk.httpserver;C:\Program Files\Java\jdk-11.0.16.1!\jdk.internal.ed;C:\Program Files\Java\jdk-11.0.16.1!\jdk.internal.jvmstat;C:\Program Files\Java\jdk-11.0.16.1!\jdk.internal.le;C:\Program Files\Java\jdk-11.0.16.1!\jdk.internal.opt;C:\Program Files\Java\jdk-11.0.16.1!\jdk.internal.vm.ci;C:\Program Files\Java\jdk-11.0.16.1!\jdk.internal.vm.compiler;C:\Program Files\Java\jdk-11.0.16.1!\jdk.internal.vm.compiler.management;C:\Program Files\Java\jdk-11.0.16.1!\jdk.jartool;C:\Program Files\Java\jdk-11.0.16.1!\jdk.javadoc;C:\Program Files\Java\jdk-11.0.16.1!\jdk.jcmd;C:\Program Files\Java\jdk-11.0.16.1!\jdk.jconsole;C:\Program Files\Java\jdk-11.0.16.1!\jdk.jdeps;C:\Program Files\Java\jdk-11.0.16.1!\jdk.jdi;C:\Program Files\Java\jdk-11.0.16.1!\jdk.jdwp.agent;C:\Program Files\Java\jdk-11.0.16.1!\jdk.jfr;C:\Program Files\Java\jdk-11.0.16.1!\jdk.jlink;C:\Program Files\Java\jdk-11.0.16.1!\jdk.jshell;C:\Program Files\Java\jdk-11.0.16.1!\jdk.jsobject;C:\Program Files\Java\jdk-11.0.16.1!\jdk.jstatd;C:\Program Files\Java\jdk-11.0.16.1!\jdk.localedata;C:\Program Files\Java\jdk-11.0.16.1!\jdk.management;C:\Program Files\Java\jdk-11.0.16.1!\jdk.management.agent;C:\Program Files\Java\jdk-11.0.16.1!\jdk.management.jfr;C:\Program Files\Java\jdk-11.0.16.1!\jdk.naming.dns;C:\Program Files\Java\jdk-11.0.16.1!\jdk.naming.ldap;C:\Program Files\Java\jdk-11.0.16.1!\jdk.naming.rmi;C:\Program Files\Java\jdk-11.0.16.1!\jdk.net;C:\Program Files\Java\jdk-11.0.16.1!\jdk.pack;C:\Program Files\Java\jdk-11.0.16.1!\jdk.rmic;C:\Program Files\Java\jdk-11.0.16.1!\jdk.scripting.nashorn;C:\Program Files\Java\jdk-11.0.16.1!\jdk.scripting.nashorn.shell;C:\Program Files\Java\jdk-11.0.16.1!\jdk.sctp;C:\Program Files\Java\jdk-11.0.16.1!\jdk.security.auth;C:\Program Files\Java\jdk-11.0.16.1!\jdk.security.jgss;C:\Program Files\Java\jdk-11.0.16.1!\jdk.unsupported;C:\Program Files\Java\jdk-11.0.16.1!\jdk.unsupported.desktop;C:\Program Files\Java\jdk-11.0.16.1!\jdk.xml.dom;C:\Program Files\Java\jdk-11.0.16.1!\jdk.zipfs;C:\Users\testinium\Desktop\Example\QatarAirwaysProject\target\test-classes;C:\Users\testinium\.m2\repository\junit\junit\4.12\junit-4.12.jar;C:\Users\testinium\.m2\repository\org\hamcrest\hamcrest-core\1.3\hamcrest-core-1.3.jar;C:\Users\testinium\.m2\repository\com\thoughtworks\gauge\gauge-java\0.9.1\gauge-java-0.9.1.jar;C:\Users\testinium\.m2\repository\org\assertj\assertj-core\3.22.0\assertj-core-3.22.0.jar;C:\Users\testinium\.m2\repository\org\reflections\reflections\0.10.2\reflections-0.10.2.jar;C:\Users\testinium\.m2\repository\org\javassist\javassist\3.28.0-GA\javassist-3.28.0-GA.jar;C:\Users\testinium\.m2\repository\com\google\code\findbugs\jsr305\3.0.2\jsr305-3.0.2.jar;C:\Users\testinium\.m2\repository\com\github\javaparser\javaparser-core\3.16.3\javaparser-core-3.16.3.jar;C:\Users\testinium\.m2\repository\commons-io\commons-io\2.11.0\commons-io-2.11.0.jar;C:\Users\testinium\.m2\repository\commons-lang\commons-lang\2.6\commons-lang-2.6.jar;C:\Users\testinium\.m2\repository\org\json\json\20220320\json-20220320.jar;C:\Users\testinium\.m2\repository\com\google\protobuf\protobuf-java\3.19.4\protobuf-java-3.19.4.jar;C:\Users\testinium\.m2\repository\com\google\guava\guava\31.0.1-jre\guava-31.0.1-jre.jar;C:\Users\testinium\.m2\repository\com\google\guava\failureaccess\1.0.1\failureaccess-1.0.1.jar;C:\Users\testinium\.m2\repository\com\google\guava\listenablefuture\9999.0-empty-to-avoid-conflict-with-guava\listenablefuture-9999.0-empty-to-avoid-conflict-with-guava.jar;C:\Users\testinium\.m2\repository\org\checkerframework\checker-qual\3.12.0\checker-qual-3.12.0.jar;C:\Users\testinium\.m2\repository\com\google\errorprone\error_prone_annotations\2.7.1\error_prone_annotations-2.7.1.jar;C:\Users\testinium\.m2\repository\com\google\j2objc\j2objc-annotations\1.3\j2objc-annotations-1.3.jar;C:\Users\testinium\.m2\repository\io\grpc\grpc-netty-shaded\1.41.2\grpc-netty-shaded-1.41.2.jar;C:\Users\testinium\.m2\repository\io\perfmark\perfmark-api\0.23.0\perfmark-api-0.23.0.jar;C:\Users\testinium\.m2\repository\io\grpc\grpc-core\1.41.2\grpc-core-1.41.2.jar;C:\Users\testinium\.m2\repository\com\google\android\annotations\4.1.1.4\annotations-4.1.1.4.jar;C:\Users\testinium\.m2\repository\org\codehaus\mojo\animal-sniffer-annotations\1.19\animal-sniffer-annotations-1.19.jar;C:\Users\testinium\.m2\repository\io\grpc\grpc-protobuf\1.41.2\grpc-protobuf-1.41.2.jar;C:\Users\testinium\.m2\repository\io\grpc\grpc-api\1.41.2\grpc-api-1.41.2.jar;C:\Users\testinium\.m2\repository\io\grpc\grpc-context\1.41.2\grpc-context-1.41.2.jar;C:\Users\testinium\.m2\repository\com\google\api\grpc\proto-google-common-protos\2.0.1\proto-google-common-protos-2.0.1.jar;C:\Users\testinium\.m2\repository\io\grpc\grpc-protobuf-lite\1.41.2\grpc-protobuf-lite-1.41.2.jar;C:\Users\testinium\.m2\repository\io\grpc\grpc-stub\1.41.2\grpc-stub-1.41.2.jar;C:\Users\testinium\.m2\repository\javax\annotation\javax.annotation-api\1.3.2\javax.annotation-api-1.3.2.jar;C:\Users\testinium\.m2\repository\io\appium\java-client\7.3.0\java-client-7.3.0.jar;C:\Users\testinium\.m2\repository\org\seleniumhq\selenium\selenium-java\3.141.59\selenium-java-3.141.59.jar;C:\Users\testinium\.m2\repository\org\seleniumhq\selenium\selenium-chrome-driver\3.141.59\selenium-chrome-driver-3.141.59.jar;C:\Users\testinium\.m2\repository\org\seleniumhq\selenium\selenium-edge-driver\3.141.59\selenium-edge-driver-3.141.59.jar;C:\Users\testinium\.m2\repository\org\seleniumhq\selenium\selenium-firefox-driver\3.141.59\selenium-firefox-driver-3.141.59.jar;C:\Users\testinium\.m2\repository\org\seleniumhq\selenium\selenium-ie-driver\3.141.59\selenium-ie-driver-3.141.59.jar;C:\Users\testinium\.m2\repository\org\seleniumhq\selenium\selenium-opera-driver\3.141.59\selenium-opera-driver-3.141.59.jar;C:\Users\testinium\.m2\repository\org\seleniumhq\selenium\selenium-remote-driver\3.141.59\selenium-remote-driver-3.141.59.jar;C:\Users\testinium\.m2\repository\org\seleniumhq\selenium\selenium-safari-driver\3.141.59\selenium-safari-driver-3.141.59.jar;C:\Users\testinium\.m2\repository\net\bytebuddy\byte-buddy\1.8.15\byte-buddy-1.8.15.jar;C:\Users\testinium\.m2\repository\org\apache\commons\commons-exec\1.3\commons-exec-1.3.jar;C:\Users\testinium\.m2\repository\com\squareup\okhttp3\okhttp\3.11.0\okhttp-3.11.0.jar;C:\Users\testinium\.m2\repository\com\squareup\okio\okio\1.14.0\okio-1.14.0.jar;C:\Users\testinium\.m2\repository\org\seleniumhq\selenium\selenium-support\3.141.59\selenium-support-3.141.59.jar;C:\Users\testinium\.m2\repository\org\seleniumhq\selenium\selenium-api\3.141.59\selenium-api-3.141.59.jar;C:\Users\testinium\.m2\repository\com\google\code\gson\gson\2.8.5\gson-2.8.5.jar;C:\Users\testinium\.m2\repository\org\apache\httpcomponents\httpclient\4.5.9\httpclient-4.5.9.jar;C:\Users\testinium\.m2\repository\org\apache\httpcomponents\httpcore\4.4.11\httpcore-4.4.11.jar;C:\Users\testinium\.m2\repository\commons-logging\commons-logging\1.2\commons-logging-1.2.jar;C:\Users\testinium\.m2\repository\commons-codec\commons-codec\1.11\commons-codec-1.11.jar;C:\Users\testinium\.m2\repository\cglib\cglib\3.2.12\cglib-3.2.12.jar;C:\Users\testinium\.m2\repository\org\ow2\asm\asm\7.1\asm-7.1.jar;C:\Users\testinium\.m2\repository\commons-validator\commons-validator\1.6\commons-validator-1.6.jar;C:\Users\testinium\.m2\repository\commons-beanutils\commons-beanutils\1.9.2\commons-beanutils-1.9.2.jar;C:\Users\testinium\.m2\repository\commons-digester\commons-digester\1.8.1\commons-digester-1.8.1.jar;C:\Users\testinium\.m2\repository\commons-collections\commons-collections\3.2.2\commons-collections-3.2.2.jar;C:\Users\testinium\.m2\repository\org\apache\commons\commons-lang3\3.9\commons-lang3-3.9.jar;C:\Users\testinium\.m2\repository\org\springframework\spring-context\5.1.8.RELEASE\spring-context-5.1.8.RELEASE.jar;C:\Users\testinium\.m2\repository\org\springframework\spring-aop\5.1.8.RELEASE\spring-aop-5.1.8.RELEASE.jar;C:\Users\testinium\.m2\repository\org\springframework\spring-beans\5.1.8.RELEASE\spring-beans-5.1.8.RELEASE.jar;C:\Users\testinium\.m2\repository\org\springframework\spring-core\5.1.8.RELEASE\spring-core-5.1.8.RELEASE.jar;C:\Users\testinium\.m2\repository\org\springframework\spring-jcl\5.1.8.RELEASE\spring-jcl-5.1.8.RELEASE.jar;C:\Users\testinium\.m2\repository\org\springframework\spring-expression\5.1.8.RELEASE\spring-expression-5.1.8.RELEASE.jar;C:\Users\testinium\.m2\repository\org\aspectj\aspectjweaver\1.9.4\aspectjweaver-1.9.4.jar;C:\Users\testinium\.m2\repository\org\slf4j\slf4j-api\1.7.30\slf4j-api-1.7.30.jar;C:\Users\testinium\.m2\repository\org\apache\logging\log4j\log4j-core\2.17.1\log4j-core-2.17.1.jar;C:\Users\testinium\.m2\repository\org\apache\logging\log4j\log4j-api\2.17.1\log4j-api-2.17.1.jar
26-12-2022 18:18:32.616 [java] [DEBUG] found java executable in C:\Program Files\Java\jdk-11.0.16.1\bin\java.exe
26-12-2022 18:18:32.618 [java] [DEBUG] running - C:\Program Files\Java\jdk-11.0.16.1\bin\java.exe [-Dfile.encoding=UTF-8 com.thoughtworks.gauge.GaugeRuntime --start]
26-12-2022 18:18:32.618 [java] [DEBUG] stdout/stderr is logged to logs\21824-java.exe.out
26-12-2022 18:18:32.950 [java] [DEBUG] multithreading is set to false
26-12-2022 18:18:33.535 [java] [DEBUG] Using reflection to scan dependencies for gauge implementations...
26-12-2022 18:18:33.713 [java] [ERROR] SLF4J: Failed to load class "org.slf4j.impl.StaticLoggerBinder".
26-12-2022 18:18:33.713 [java] [ERROR] SLF4J: Defaulting to no-operation (NOP) logger implementation
26-12-2022 18:18:33.714 [java] [ERROR] SLF4J: See http://www.slf4j.org/codes.html#StaticLoggerBinder for further details.
26-12-2022 18:18:38.358 [java] [DEBUG] gauge-java took 5406milliseconds to load and scan. This should be less than 'runner_connection_timeout' config value.
26-12-2022 18:18:38.358 [java] [DEBUG] run 'gauge config runner_connection_timeout' and verify that it is < 5406
26-12-2022 18:18:38.358 [java] [DEBUG] starting gRPC server...
26-12-2022 18:18:38.769 [java] [DEBUG] Scanning packages for steps
26-12-2022 18:18:38.839 [java] [DEBUG] Comparing 'StepImplementation.pickTheIstanbul' and 'StepImplementation.pickTheIstanbul'
26-12-2022 18:18:38.839 [java] [DEBUG] Found {}{} Varış havalimanı {} Seçilir {} in current project scope.
26-12-2022 18:18:38.839 [java] [DEBUG] Comparing 'StepImplementation.pickTheDate' and 'StepImplementation.pickTheDate'
26-12-2022 18:18:38.839 [java] [DEBUG] Found Bugünün Tarihinden Sonraki 7. gün Seçilir in current project scope.
26-12-2022 18:18:38.839 [java] [DEBUG] Comparing 'StepImplementation.allowTheNotifications' and 'StepImplementation.allowTheNotifications'
26-12-2022 18:18:38.839 [java] [DEBUG] Found {} id li elemente tıklanır in current project scope.
26-12-2022 18:18:38.839 [java] [DEBUG] Comparing 'StepImplementation.checkIsTheAppOpen' and 'StepImplementation.checkIsTheAppOpen'
26-12-2022 18:18:38.839 [java] [DEBUG] Found {} id li element bulunur ve uygulamanın açıldığının kontrolü yapılır in current project scope.
26-12-2022 18:18:38.839 [java] [DEBUG] Comparing 'StepImplementation.pickTheBerlin' and 'StepImplementation.pickTheBerlin'
26-12-2022 18:18:38.839 [java] [DEBUG] Found {}{} Kalkış havalimanı {} Seçilir {} in current project scope.
26-12-2022 18:18:38.839 [java] [DEBUG] Comparing 'StepImplementation.selectTheType' and 'StepImplementation.selectTheType'
26-12-2022 18:18:38.839 [java] [DEBUG] Found {} Seyahat Tipi 'One Way' Seçilir in current project scope.
26-12-2022 18:18:38.839 [java] [DEBUG] Scanning packages for hooks
26-12-2022 18:18:38.852 [java] [DEBUG] Scanned steps (using static parsing + reflections): 
26-12-2022 18:18:38.852 [java] [DEBUG] 	{} id li element bulunur ve uygulamanın açıldığının kontrolü yapılır : public void checkIsTheAppOpen(String id)
26-12-2022 18:18:38.852 [java] [DEBUG] 	{} Seyahat Tipi 'One Way' Seçilir : public void selectTheType(String xpath)
26-12-2022 18:18:38.852 [java] [DEBUG] 	{} id li elemente tıklanır : public void allowTheNotifications(String id)
26-12-2022 18:18:38.852 [java] [DEBUG] 	Bugünün Tarihinden Sonraki 7. gün Seçilir : public void pickTheDate()
26-12-2022 18:18:38.852 [java] [DEBUG] 	{}{} Varış havalimanı {} Seçilir {} : public void pickTheIstanbul(String id, String id1, String text, String xpath)
26-12-2022 18:18:38.852 [java] [DEBUG] 	{}{} Kalkış havalimanı {} Seçilir {} : public void pickTheBerlin(String id, String id1, String text, String xpath)
26-12-2022 18:18:39.200 [java] [DEBUG] started gRPC server on port 55528
26-12-2022 18:18:39.201 [Gauge] [DEBUG] Attempting to connect to grpc server at port: 55528
26-12-2022 18:18:39.474 [Gauge] [DEBUG] Successfully made the connection with runner with port: 55528
26-12-2022 18:18:39.475 [Gauge] [DEBUG] Validation started.
26-12-2022 18:18:40.654 [Gauge] [DEBUG] Validation completed.
26-12-2022 18:18:40.660 [Gauge] [DEBUG] Run started
26-12-2022 18:18:40.662 [Gauge] [DEBUG] Starting Html Report plugin
26-12-2022 18:18:40.709 [html-report] [DEBUG] Setting MaxRecvMsgSize = 1024 MB
26-12-2022 18:18:40.710 [Gauge] [DEBUG] Attempting to connect to grpc server at port: 55532
26-12-2022 18:18:40.710 [Gauge] [DEBUG] Successfully made the connection with plugin with port: 55532
26-12-2022 18:18:40.711 [Gauge] [DEBUG] Initialising suite data store.
26-12-2022 18:18:40.793 [java] [INFO] 2022-12-26 18:18:40,789 +03:00 INFO  b.BaseTest:48 setup - !!!!!!!!!!! Localde test başlıyor !!!!!!!!!!
26-12-2022 18:18:40.794 [java] [INFO] 2022-12-26 18:18:40,793 +03:00 INFO  b.BaseTest:51 setup - !!!!!!!!!!! Localde Android  testi başlıyor !!!!!!!!!!
26-12-2022 18:18:55.249 [java] [ERROR] Dec 26, 2022 6:18:55 PM io.appium.java_client.remote.AppiumCommandExecutor$1 lambda$0
26-12-2022 18:18:55.250 [java] [ERROR] INFO: Detected dialect: W3C
26-12-2022 18:18:55.330 [java] [DEBUG] Executing '{} id li element bulunur ve uygulamanın açıldığının kontrolü yapılır' using 'class StepImplementation.checkIsTheAppOpen
26-12-2022 18:18:59.087 [java] [INFO] 2022-12-26 18:18:59,086 +03:00 INFO  b.BaseMethods:45 isElementVisible - Uygulama Açıldı.
26-12-2022 18:18:59.103 [java] [INFO] 2022-12-26 18:18:59,103 +03:00 INFO  p.HomePage:23 checkOpenApp - Pass
26-12-2022 18:18:59.111 [java] [DEBUG] Executing '{} id li elemente tıklanır' using 'class StepImplementation.allowTheNotifications
26-12-2022 18:18:59.251 [java] [INFO] 2022-12-26 18:18:59,250 +03:00 INFO  p.HomePage:32 clickStepButton - Element Bulundu ve Tıklandı.
26-12-2022 18:18:59.269 [java] [DEBUG] Executing '{} id li elemente tıklanır' using 'class StepImplementation.allowTheNotifications
26-12-2022 18:18:59.844 [java] [INFO] 2022-12-26 18:18:59,843 +03:00 INFO  p.HomePage:34 clickStepButton - Elemente tıklanamadı.
26-12-2022 18:18:59.851 [java] [DEBUG] Executing '{} Seyahat Tipi 'One Way' Seçilir' using 'class StepImplementation.selectTheType
26-12-2022 18:19:01.495 [html-report] [DEBUG] Transformed SuiteResult to report structure
26-12-2022 18:19:01.698 [Gauge] [DEBUG] Sending kill message to Html Report plugin.
26-12-2022 18:19:01.699 [html-report] [INFO] Successfully generated html-report to => C:\Users\testinium\Desktop\Example\QatarAirwaysProject\reports\html-report\index.html
26-12-2022 18:19:01.699 [html-report] [DEBUG] Done generating HTML report using theme from C:\Users\testinium\AppData\Roaming\gauge\plugins\html-report\4.2.0\themes\default
26-12-2022 18:19:01.705 [java] [DEBUG] Killing Java runner...
26-12-2022 18:19:01.713 [java] [DEBUG] Stopping execution pool...
26-12-2022 18:19:01.713 [java] [DEBUG] Shutting down grpc server...
26-12-2022 18:19:01.736 [java] [DEBUG] Runner killed gracefully.
26-12-2022 18:19:02.590 [Gauge] [DEBUG] Runner with PID:21824 has exited
26-12-2022 18:19:02.590 [Gauge] [INFO] Specifications:	1 executed	0 passed	1 failed	0 skipped
26-12-2022 18:19:02.590 [Gauge] [INFO] Scenarios:	1 executed	0 passed	1 failed	0 skipped
26-12-2022 18:19:02.590 [Gauge] [INFO] 
Total time taken: 20.81s
26-12-2022 20:51:13.627 [Gauge] [DEBUG] Created gauge_screenshots_dir at C:\Users\testinium\Desktop\Example\QatarAirwaysProject\.gauge\screenshots
26-12-2022 20:51:13.639 [Gauge] [DEBUG] Plugin java is already installed.
26-12-2022 20:51:13.641 [Gauge] [DEBUG] Plugin html-report is already installed.
26-12-2022 20:51:13.646 [Gauge] [DEBUG] Parsing started.
26-12-2022 20:51:13.646 [Gauge] [DEBUG] Started concepts parsing.
26-12-2022 20:51:13.655 [Gauge] [ERROR] Concept parse failure: C:\Users\testinium\Desktop\Example\QatarAirwaysProject\specs\example.cpt C:\Users\testinium\Desktop\Example\QatarAirwaysProject\specs\example.cpt:6 Concept heading can have only Dynamic Parameters => 'Bildirim ekranı "Allow" seçeneği ile geçilir.'
26-12-2022 20:51:13.655 [Gauge] [ERROR] Concept parse failure: C:\Users\testinium\Desktop\Example\QatarAirwaysProject\specs\example.cpt C:\Users\testinium\Desktop\Example\QatarAirwaysProject\specs\example.cpt:7 Step is not defined inside a concept heading => '"com.m.qr:id/push_consent_allow" id li elemente tıklanır'
26-12-2022 20:51:13.655 [Gauge] [ERROR] Concept parse failure: C:\Users\testinium\Desktop\Example\QatarAirwaysProject\specs\example.cpt C:\Users\testinium\Desktop\Example\QatarAirwaysProject\specs\example.cpt:8 Concept heading can have only Dynamic Parameters => 'Alt menüden "Book" tabına geçiş yapılır.'
26-12-2022 20:51:13.655 [Gauge] [ERROR] Concept parse failure: C:\Users\testinium\Desktop\Example\QatarAirwaysProject\specs\example.cpt C:\Users\testinium\Desktop\Example\QatarAirwaysProject\specs\example.cpt:9 Step is not defined inside a concept heading => '"com.m.qr:id/nav_menu_book" id li elemente tıklanır'
26-12-2022 20:51:13.655 [Gauge] [ERROR] Concept parse failure: C:\Users\testinium\Desktop\Example\QatarAirwaysProject\specs\example.cpt C:\Users\testinium\Desktop\Example\QatarAirwaysProject\specs\example.cpt:10 Concept heading can have only Dynamic Parameters => 'Seyehat tipi olarak "One Way" seçilir.'
26-12-2022 20:51:13.655 [Gauge] [ERROR] Concept parse failure: C:\Users\testinium\Desktop\Example\QatarAirwaysProject\specs\example.cpt C:\Users\testinium\Desktop\Example\QatarAirwaysProject\specs\example.cpt:11 Step is not defined inside a concept heading => '"//android.widget.LinearLayout[@content-desc='One-way']/android.widget.TextView" Seyahat Tipi 'One Way' Seçilir'
26-12-2022 20:51:13.656 [Gauge] [ERROR] [ParseError] C:\Users\testinium\Desktop\Example\QatarAirwaysProject\specs\example.cpt:6 Concept heading can have only Dynamic Parameters => 'Bildirim ekranı "Allow" seçeneği ile geçilir.'
26-12-2022 20:51:13.656 [Gauge] [ERROR] [ParseError] C:\Users\testinium\Desktop\Example\QatarAirwaysProject\specs\example.cpt:7 Step is not defined inside a concept heading => '"com.m.qr:id/push_consent_allow" id li elemente tıklanır'
26-12-2022 20:51:13.656 [Gauge] [ERROR] [ParseError] C:\Users\testinium\Desktop\Example\QatarAirwaysProject\specs\example.cpt:8 Concept heading can have only Dynamic Parameters => 'Alt menüden "Book" tabına geçiş yapılır.'
26-12-2022 20:51:13.656 [Gauge] [ERROR] [ParseError] C:\Users\testinium\Desktop\Example\QatarAirwaysProject\specs\example.cpt:9 Step is not defined inside a concept heading => '"com.m.qr:id/nav_menu_book" id li elemente tıklanır'
26-12-2022 20:51:13.656 [Gauge] [ERROR] [ParseError] C:\Users\testinium\Desktop\Example\QatarAirwaysProject\specs\example.cpt:10 Concept heading can have only Dynamic Parameters => 'Seyehat tipi olarak "One Way" seçilir.'
26-12-2022 20:51:13.656 [Gauge] [ERROR] [ParseError] C:\Users\testinium\Desktop\Example\QatarAirwaysProject\specs\example.cpt:11 Step is not defined inside a concept heading => '"//android.widget.LinearLayout[@content-desc='One-way']/android.widget.TextView" Seyahat Tipi 'One Way' Seçilir'
26-12-2022 20:51:13.656 [Gauge] [DEBUG] 8 concepts parsing completed.
26-12-2022 20:51:13.656 [Gauge] [DEBUG] Started specifications parsing.
26-12-2022 20:51:13.658 [Gauge] [DEBUG] 1 specifications parsing completed.
26-12-2022 20:51:13.661 [Gauge] [DEBUG] Parsing completed.
26-12-2022 20:51:13.711 [java] [DEBUG] ***** Printing Properties/Env Values *****
26-12-2022 20:51:13.711 [java] [DEBUG] PATH: C:\Program Files\Common Files\Oracle\Java\javapath_target_204140046;C:\WINDOWS\system32;C:\WINDOWS;C:\WINDOWS\System32\Wbem;C:\WINDOWS\System32\WindowsPowerShell\v1.0\;C:\WINDOWS\System32\OpenSSH\;C:\Program Files (x86)\Intel\Intel(R) Management Engine Components\DAL;C:\Program Files\Intel\Intel(R) Management Engine Components\DAL;C:\Program Files\nodejs\;C:\Program Files\Maven\apache-maven-3.8.6\bin;C:\Program Files\Git\cmd;C:\Program Files\Gauge\bin;C:\WINDOWS\system32;C:\WINDOWS;C:\WINDOWS\System32\Wbem;C:\WINDOWS\System32\WindowsPowerShell\v1.0\;C:\WINDOWS\System32\OpenSSH\;C:\Program Files (x86)\Micro Focus\Unified Functional Testing\bin;C:\Users\testinium\AppData\Local\Android\Sdk\platform-tools;C:\Users\testinium\AppData\Local\Android\Sdk\tools;C:\Users\testinium\AppData\Local\Android\Sdk\build-tools;C:\Users\testinium\AppData\Local\Microsoft\WindowsApps;C:\Users\testinium\AppData\Roaming\npm;C:\Users\testinium\AppData\Roaming\gauge\plugins\screenshot\0.1.0
26-12-2022 20:51:13.711 [java] [DEBUG] JAVA_HOME: C:\Program Files\Java\jdk-11.0.16.1
26-12-2022 20:51:13.711 [java] [DEBUG] gauge_project_root: C:\Users\testinium\Desktop\Example\QatarAirwaysProject
26-12-2022 20:51:13.711 [java] [DEBUG] gauge_parallel_streams_count: 8
26-12-2022 20:51:13.711 [java] [DEBUG] gauge_reports_dir: reports
26-12-2022 20:51:13.711 [java] [DEBUG] overwrite_reports: true
26-12-2022 20:51:13.711 [java] [DEBUG] logs_directory: logs
26-12-2022 20:51:13.711 [java] [DEBUG] enable_multithreading: false
26-12-2022 20:51:13.711 [java] [DEBUG] gauge_specs_dir: specs
26-12-2022 20:51:13.711 [java] [DEBUG] csv_delimiter: ,
26-12-2022 20:51:13.711 [java] [DEBUG] gauge_java_home: 
26-12-2022 20:51:13.711 [java] [DEBUG] gauge_custom_build_path: 
26-12-2022 20:51:13.711 [java] [DEBUG] gauge_additional_libs: libs/*
26-12-2022 20:51:13.712 [java] [DEBUG] gauge_jvm_args: 
26-12-2022 20:51:13.712 [java] [DEBUG] gauge_custom_compile_dir: 
26-12-2022 20:51:13.712 [java] [DEBUG] gauge_clear_state_level: scenario
26-12-2022 20:51:13.712 [java] [DEBUG] ***** END *****
26-12-2022 20:51:14.170 [Gauge] [DEBUG] Checking updates...
26-12-2022 20:51:14.182 [Gauge] [DEBUG] Downloading https://downloads.gauge.org/plugin/html-report?l=java&p=html-report,java,screenshot,spectacle,xml-report&o=windows&a=amd64
26-12-2022 20:51:14.549 [Gauge] [DEBUG] Downloading https://downloads.gauge.org/plugin/java?l=java&p=html-report,java,screenshot,spectacle,xml-report&o=windows&a=amd64
26-12-2022 20:51:15.026 [Gauge] [DEBUG] Downloading https://downloads.gauge.org/plugin/screenshot?l=java&p=html-report,java,screenshot,spectacle,xml-report&o=windows&a=amd64
26-12-2022 20:51:15.101 [Gauge] [DEBUG] Downloading https://downloads.gauge.org/plugin/spectacle?l=java&p=html-report,java,screenshot,spectacle,xml-report&o=windows&a=amd64
26-12-2022 20:51:15.199 [Gauge] [DEBUG] Downloading https://downloads.gauge.org/plugin/xml-report?l=java&p=html-report,java,screenshot,spectacle,xml-report&o=windows&a=amd64
26-12-2022 20:51:19.770 [java] [DEBUG] classpath set to C:\Program Files\Java\jdk-11.0.16.1!\java.base;C:\Program Files\Java\jdk-11.0.16.1!\java.compiler;C:\Program Files\Java\jdk-11.0.16.1!\java.datatransfer;C:\Program Files\Java\jdk-11.0.16.1!\java.desktop;C:\Program Files\Java\jdk-11.0.16.1!\java.instrument;C:\Program Files\Java\jdk-11.0.16.1!\java.logging;C:\Program Files\Java\jdk-11.0.16.1!\java.management;C:\Program Files\Java\jdk-11.0.16.1!\java.management.rmi;C:\Program Files\Java\jdk-11.0.16.1!\java.naming;C:\Program Files\Java\jdk-11.0.16.1!\java.net.http;C:\Program Files\Java\jdk-11.0.16.1!\java.prefs;C:\Program Files\Java\jdk-11.0.16.1!\java.rmi;C:\Program Files\Java\jdk-11.0.16.1!\java.scripting;C:\Program Files\Java\jdk-11.0.16.1!\java.se;C:\Program Files\Java\jdk-11.0.16.1!\java.security.jgss;C:\Program Files\Java\jdk-11.0.16.1!\java.security.sasl;C:\Program Files\Java\jdk-11.0.16.1!\java.smartcardio;C:\Program Files\Java\jdk-11.0.16.1!\java.sql;C:\Program Files\Java\jdk-11.0.16.1!\java.sql.rowset;C:\Program Files\Java\jdk-11.0.16.1!\java.transaction.xa;C:\Program Files\Java\jdk-11.0.16.1!\java.xml;C:\Program Files\Java\jdk-11.0.16.1!\java.xml.crypto;C:\Program Files\Java\jdk-11.0.16.1!\jdk.accessibility;C:\Program Files\Java\jdk-11.0.16.1!\jdk.attach;C:\Program Files\Java\jdk-11.0.16.1!\jdk.charsets;C:\Program Files\Java\jdk-11.0.16.1!\jdk.compiler;C:\Program Files\Java\jdk-11.0.16.1!\jdk.crypto.cryptoki;C:\Program Files\Java\jdk-11.0.16.1!\jdk.crypto.ec;C:\Program Files\Java\jdk-11.0.16.1!\jdk.crypto.mscapi;C:\Program Files\Java\jdk-11.0.16.1!\jdk.dynalink;C:\Program Files\Java\jdk-11.0.16.1!\jdk.editpad;C:\Program Files\Java\jdk-11.0.16.1!\jdk.hotspot.agent;C:\Program Files\Java\jdk-11.0.16.1!\jdk.httpserver;C:\Program Files\Java\jdk-11.0.16.1!\jdk.internal.ed;C:\Program Files\Java\jdk-11.0.16.1!\jdk.internal.jvmstat;C:\Program Files\Java\jdk-11.0.16.1!\jdk.internal.le;C:\Program Files\Java\jdk-11.0.16.1!\jdk.internal.opt;C:\Program Files\Java\jdk-11.0.16.1!\jdk.internal.vm.ci;C:\Program Files\Java\jdk-11.0.16.1!\jdk.internal.vm.compiler;C:\Program Files\Java\jdk-11.0.16.1!\jdk.internal.vm.compiler.management;C:\Program Files\Java\jdk-11.0.16.1!\jdk.jartool;C:\Program Files\Java\jdk-11.0.16.1!\jdk.javadoc;C:\Program Files\Java\jdk-11.0.16.1!\jdk.jcmd;C:\Program Files\Java\jdk-11.0.16.1!\jdk.jconsole;C:\Program Files\Java\jdk-11.0.16.1!\jdk.jdeps;C:\Program Files\Java\jdk-11.0.16.1!\jdk.jdi;C:\Program Files\Java\jdk-11.0.16.1!\jdk.jdwp.agent;C:\Program Files\Java\jdk-11.0.16.1!\jdk.jfr;C:\Program Files\Java\jdk-11.0.16.1!\jdk.jlink;C:\Program Files\Java\jdk-11.0.16.1!\jdk.jshell;C:\Program Files\Java\jdk-11.0.16.1!\jdk.jsobject;C:\Program Files\Java\jdk-11.0.16.1!\jdk.jstatd;C:\Program Files\Java\jdk-11.0.16.1!\jdk.localedata;C:\Program Files\Java\jdk-11.0.16.1!\jdk.management;C:\Program Files\Java\jdk-11.0.16.1!\jdk.management.agent;C:\Program Files\Java\jdk-11.0.16.1!\jdk.management.jfr;C:\Program Files\Java\jdk-11.0.16.1!\jdk.naming.dns;C:\Program Files\Java\jdk-11.0.16.1!\jdk.naming.ldap;C:\Program Files\Java\jdk-11.0.16.1!\jdk.naming.rmi;C:\Program Files\Java\jdk-11.0.16.1!\jdk.net;C:\Program Files\Java\jdk-11.0.16.1!\jdk.pack;C:\Program Files\Java\jdk-11.0.16.1!\jdk.rmic;C:\Program Files\Java\jdk-11.0.16.1!\jdk.scripting.nashorn;C:\Program Files\Java\jdk-11.0.16.1!\jdk.scripting.nashorn.shell;C:\Program Files\Java\jdk-11.0.16.1!\jdk.sctp;C:\Program Files\Java\jdk-11.0.16.1!\jdk.security.auth;C:\Program Files\Java\jdk-11.0.16.1!\jdk.security.jgss;C:\Program Files\Java\jdk-11.0.16.1!\jdk.unsupported;C:\Program Files\Java\jdk-11.0.16.1!\jdk.unsupported.desktop;C:\Program Files\Java\jdk-11.0.16.1!\jdk.xml.dom;C:\Program Files\Java\jdk-11.0.16.1!\jdk.zipfs;C:\Users\testinium\Desktop\Example\QatarAirwaysProject\target\test-classes;C:\Users\testinium\.m2\repository\junit\junit\4.12\junit-4.12.jar;C:\Users\testinium\.m2\repository\org\hamcrest\hamcrest-core\1.3\hamcrest-core-1.3.jar;C:\Users\testinium\.m2\repository\com\thoughtworks\gauge\gauge-java\0.9.1\gauge-java-0.9.1.jar;C:\Users\testinium\.m2\repository\org\assertj\assertj-core\3.22.0\assertj-core-3.22.0.jar;C:\Users\testinium\.m2\repository\org\reflections\reflections\0.10.2\reflections-0.10.2.jar;C:\Users\testinium\.m2\repository\org\javassist\javassist\3.28.0-GA\javassist-3.28.0-GA.jar;C:\Users\testinium\.m2\repository\com\google\code\findbugs\jsr305\3.0.2\jsr305-3.0.2.jar;C:\Users\testinium\.m2\repository\com\github\javaparser\javaparser-core\3.16.3\javaparser-core-3.16.3.jar;C:\Users\testinium\.m2\repository\commons-io\commons-io\2.11.0\commons-io-2.11.0.jar;C:\Users\testinium\.m2\repository\commons-lang\commons-lang\2.6\commons-lang-2.6.jar;C:\Users\testinium\.m2\repository\org\json\json\20220320\json-20220320.jar;C:\Users\testinium\.m2\repository\com\google\protobuf\protobuf-java\3.19.4\protobuf-java-3.19.4.jar;C:\Users\testinium\.m2\repository\com\google\guava\guava\31.0.1-jre\guava-31.0.1-jre.jar;C:\Users\testinium\.m2\repository\com\google\guava\failureaccess\1.0.1\failureaccess-1.0.1.jar;C:\Users\testinium\.m2\repository\com\google\guava\listenablefuture\9999.0-empty-to-avoid-conflict-with-guava\listenablefuture-9999.0-empty-to-avoid-conflict-with-guava.jar;C:\Users\testinium\.m2\repository\org\checkerframework\checker-qual\3.12.0\checker-qual-3.12.0.jar;C:\Users\testinium\.m2\repository\com\google\errorprone\error_prone_annotations\2.7.1\error_prone_annotations-2.7.1.jar;C:\Users\testinium\.m2\repository\com\google\j2objc\j2objc-annotations\1.3\j2objc-annotations-1.3.jar;C:\Users\testinium\.m2\repository\io\grpc\grpc-netty-shaded\1.41.2\grpc-netty-shaded-1.41.2.jar;C:\Users\testinium\.m2\repository\io\perfmark\perfmark-api\0.23.0\perfmark-api-0.23.0.jar;C:\Users\testinium\.m2\repository\io\grpc\grpc-core\1.41.2\grpc-core-1.41.2.jar;C:\Users\testinium\.m2\repository\com\google\android\annotations\4.1.1.4\annotations-4.1.1.4.jar;C:\Users\testinium\.m2\repository\org\codehaus\mojo\animal-sniffer-annotations\1.19\animal-sniffer-annotations-1.19.jar;C:\Users\testinium\.m2\repository\io\grpc\grpc-protobuf\1.41.2\grpc-protobuf-1.41.2.jar;C:\Users\testinium\.m2\repository\io\grpc\grpc-api\1.41.2\grpc-api-1.41.2.jar;C:\Users\testinium\.m2\repository\io\grpc\grpc-context\1.41.2\grpc-context-1.41.2.jar;C:\Users\testinium\.m2\repository\com\google\api\grpc\proto-google-common-protos\2.0.1\proto-google-common-protos-2.0.1.jar;C:\Users\testinium\.m2\repository\io\grpc\grpc-protobuf-lite\1.41.2\grpc-protobuf-lite-1.41.2.jar;C:\Users\testinium\.m2\repository\io\grpc\grpc-stub\1.41.2\grpc-stub-1.41.2.jar;C:\Users\testinium\.m2\repository\javax\annotation\javax.annotation-api\1.3.2\javax.annotation-api-1.3.2.jar;C:\Users\testinium\.m2\repository\io\appium\java-client\7.3.0\java-client-7.3.0.jar;C:\Users\testinium\.m2\repository\org\seleniumhq\selenium\selenium-java\3.141.59\selenium-java-3.141.59.jar;C:\Users\testinium\.m2\repository\org\seleniumhq\selenium\selenium-chrome-driver\3.141.59\selenium-chrome-driver-3.141.59.jar;C:\Users\testinium\.m2\repository\org\seleniumhq\selenium\selenium-edge-driver\3.141.59\selenium-edge-driver-3.141.59.jar;C:\Users\testinium\.m2\repository\org\seleniumhq\selenium\selenium-firefox-driver\3.141.59\selenium-firefox-driver-3.141.59.jar;C:\Users\testinium\.m2\repository\org\seleniumhq\selenium\selenium-ie-driver\3.141.59\selenium-ie-driver-3.141.59.jar;C:\Users\testinium\.m2\repository\org\seleniumhq\selenium\selenium-opera-driver\3.141.59\selenium-opera-driver-3.141.59.jar;C:\Users\testinium\.m2\repository\org\seleniumhq\selenium\selenium-remote-driver\3.141.59\selenium-remote-driver-3.141.59.jar;C:\Users\testinium\.m2\repository\org\seleniumhq\selenium\selenium-safari-driver\3.141.59\selenium-safari-driver-3.141.59.jar;C:\Users\testinium\.m2\repository\net\bytebuddy\byte-buddy\1.8.15\byte-buddy-1.8.15.jar;C:\Users\testinium\.m2\repository\org\apache\commons\commons-exec\1.3\commons-exec-1.3.jar;C:\Users\testinium\.m2\repository\com\squareup\okhttp3\okhttp\3.11.0\okhttp-3.11.0.jar;C:\Users\testinium\.m2\repository\com\squareup\okio\okio\1.14.0\okio-1.14.0.jar;C:\Users\testinium\.m2\repository\org\seleniumhq\selenium\selenium-support\3.141.59\selenium-support-3.141.59.jar;C:\Users\testinium\.m2\repository\org\seleniumhq\selenium\selenium-api\3.141.59\selenium-api-3.141.59.jar;C:\Users\testinium\.m2\repository\com\google\code\gson\gson\2.8.5\gson-2.8.5.jar;C:\Users\testinium\.m2\repository\org\apache\httpcomponents\httpclient\4.5.9\httpclient-4.5.9.jar;C:\Users\testinium\.m2\repository\org\apache\httpcomponents\httpcore\4.4.11\httpcore-4.4.11.jar;C:\Users\testinium\.m2\repository\commons-logging\commons-logging\1.2\commons-logging-1.2.jar;C:\Users\testinium\.m2\repository\commons-codec\commons-codec\1.11\commons-codec-1.11.jar;C:\Users\testinium\.m2\repository\cglib\cglib\3.2.12\cglib-3.2.12.jar;C:\Users\testinium\.m2\repository\org\ow2\asm\asm\7.1\asm-7.1.jar;C:\Users\testinium\.m2\repository\commons-validator\commons-validator\1.6\commons-validator-1.6.jar;C:\Users\testinium\.m2\repository\commons-beanutils\commons-beanutils\1.9.2\commons-beanutils-1.9.2.jar;C:\Users\testinium\.m2\repository\commons-digester\commons-digester\1.8.1\commons-digester-1.8.1.jar;C:\Users\testinium\.m2\repository\commons-collections\commons-collections\3.2.2\commons-collections-3.2.2.jar;C:\Users\testinium\.m2\repository\org\apache\commons\commons-lang3\3.9\commons-lang3-3.9.jar;C:\Users\testinium\.m2\repository\org\springframework\spring-context\5.1.8.RELEASE\spring-context-5.1.8.RELEASE.jar;C:\Users\testinium\.m2\repository\org\springframework\spring-aop\5.1.8.RELEASE\spring-aop-5.1.8.RELEASE.jar;C:\Users\testinium\.m2\repository\org\springframework\spring-beans\5.1.8.RELEASE\spring-beans-5.1.8.RELEASE.jar;C:\Users\testinium\.m2\repository\org\springframework\spring-core\5.1.8.RELEASE\spring-core-5.1.8.RELEASE.jar;C:\Users\testinium\.m2\repository\org\springframework\spring-jcl\5.1.8.RELEASE\spring-jcl-5.1.8.RELEASE.jar;C:\Users\testinium\.m2\repository\org\springframework\spring-expression\5.1.8.RELEASE\spring-expression-5.1.8.RELEASE.jar;C:\Users\testinium\.m2\repository\org\aspectj\aspectjweaver\1.9.4\aspectjweaver-1.9.4.jar;C:\Users\testinium\.m2\repository\org\slf4j\slf4j-api\1.7.30\slf4j-api-1.7.30.jar;C:\Users\testinium\.m2\repository\org\apache\logging\log4j\log4j-core\2.17.1\log4j-core-2.17.1.jar;C:\Users\testinium\.m2\repository\org\apache\logging\log4j\log4j-api\2.17.1\log4j-api-2.17.1.jar
26-12-2022 20:51:19.834 [java] [DEBUG] found java executable in C:\Program Files\Java\jdk-11.0.16.1\bin\java.exe
26-12-2022 20:51:19.835 [java] [DEBUG] running - C:\Program Files\Java\jdk-11.0.16.1\bin\java.exe [-Dfile.encoding=UTF-8 com.thoughtworks.gauge.GaugeRuntime --start]
26-12-2022 20:51:19.835 [java] [DEBUG] stdout/stderr is logged to logs\29476-java.exe.out
26-12-2022 20:51:20.064 [java] [DEBUG] multithreading is set to false
26-12-2022 20:51:20.447 [java] [DEBUG] Using reflection to scan dependencies for gauge implementations...
26-12-2022 20:51:20.540 [java] [ERROR] SLF4J: Failed to load class "org.slf4j.impl.StaticLoggerBinder".
26-12-2022 20:51:20.540 [java] [ERROR] SLF4J: Defaulting to no-operation (NOP) logger implementation
26-12-2022 20:51:20.540 [java] [ERROR] SLF4J: See http://www.slf4j.org/codes.html#StaticLoggerBinder for further details.
26-12-2022 20:51:24.094 [java] [DEBUG] gauge-java took 4030milliseconds to load and scan. This should be less than 'runner_connection_timeout' config value.
26-12-2022 20:51:24.094 [java] [DEBUG] run 'gauge config runner_connection_timeout' and verify that it is < 4030
26-12-2022 20:51:24.094 [java] [DEBUG] starting gRPC server...
26-12-2022 20:51:24.163 [java] [DEBUG] Scanning packages for steps
26-12-2022 20:51:24.274 [java] [DEBUG] Comparing 'page.FlyPage.clickStepButton' and 'page.FlyPage.clickStepButton'
26-12-2022 20:51:24.274 [java] [DEBUG] Found {} xpath li elemente tıklanır in current project scope.
26-12-2022 20:51:24.274 [java] [DEBUG] Comparing 'page.HomePage.asdasd' and 'page.HomePage.asdasd'
26-12-2022 20:51:24.274 [java] [DEBUG] Found asffasf in current project scope.
26-12-2022 20:51:24.274 [java] [DEBUG] Comparing 'page.FlyPage.selectFlightDate' and 'page.FlyPage.selectFlightDate'
26-12-2022 20:51:24.274 [java] [DEBUG] Found Bugünün tarihi +7 gün seçilir. in current project scope.
26-12-2022 20:51:24.274 [java] [DEBUG] Comparing 'page.FlyPage.selectFlyType' and 'page.FlyPage.selectFlyType'
26-12-2022 20:51:24.274 [java] [DEBUG] Found {} Seyahat Tipi 'One Way' Seçilir in current project scope.
26-12-2022 20:51:24.274 [java] [DEBUG] Comparing 'page.FlyPage.randomSelectFly' and 'page.FlyPage.randomSelectFly'
26-12-2022 20:51:24.274 [java] [DEBUG] Found {} 'li uçuşlardan rastgele seç ve {} ile {} değerlerini kaydet in current project scope.
26-12-2022 20:51:24.275 [java] [DEBUG] Comparing 'page.FlyPage.lastDataFlyHours' and 'page.FlyPage.lastDataFlyHours'
26-12-2022 20:51:24.275 [java] [DEBUG] Found {} ile {} sondaki uçuş saatleri verileri in current project scope.
26-12-2022 20:51:24.275 [java] [DEBUG] Comparing 'page.HomePage.clickStepButton' and 'page.HomePage.clickStepButton'
26-12-2022 20:51:24.275 [java] [DEBUG] Found {} id li elemente tıklanır in current project scope.
26-12-2022 20:51:24.275 [java] [DEBUG] Comparing 'page.FlyPage.selectFlightLocation' and 'page.FlyPage.selectFlightLocation'
26-12-2022 20:51:24.275 [java] [DEBUG] Found {}{} Uçuş havalimanı {} Seçilir {} in current project scope.
26-12-2022 20:51:24.275 [java] [DEBUG] Comparing 'page.HomePage.checkOpenApp' and 'page.HomePage.checkOpenApp'
26-12-2022 20:51:24.275 [java] [DEBUG] Found {} id li element bulunur ve görünür mü kontrol edilir in current project scope.
26-12-2022 20:51:24.275 [java] [DEBUG] Scanning packages for hooks
26-12-2022 20:51:24.291 [java] [DEBUG] Scanned steps (using static parsing + reflections): 
26-12-2022 20:51:24.291 [java] [DEBUG] 	Bugünün tarihi +7 gün seçilir. : public void selectFlightDate()
26-12-2022 20:51:24.291 [java] [DEBUG] 	{} id li element bulunur ve görünür mü kontrol edilir : public void checkOpenApp(String id)
26-12-2022 20:51:24.291 [java] [DEBUG] 	{} Seyahat Tipi 'One Way' Seçilir : public void selectFlyType(String xpath)
26-12-2022 20:51:24.295 [java] [DEBUG] 	asffasf : public void asdasd()
26-12-2022 20:51:24.295 [java] [DEBUG] 	{} id li elemente tıklanır : public void clickStepButton(String id)
26-12-2022 20:51:24.296 [java] [DEBUG] 	{} xpath li elemente tıklanır : public void clickStepButton(String xpath)
26-12-2022 20:51:24.296 [java] [DEBUG] 	{} 'li uçuşlardan rastgele seç ve {} ile {} değerlerini kaydet : public void randomSelectFly(String xpath, String departurePath, String arrivalPath)
26-12-2022 20:51:24.296 [java] [DEBUG] 	{} ile {} sondaki uçuş saatleri verileri : public void lastDataFlyHours(String departurePath, String arrivalPath)
26-12-2022 20:51:24.296 [java] [DEBUG] 	{}{} Uçuş havalimanı {} Seçilir {} : public void selectFlightLocation(String id, String id1, String text, String xpath)
26-12-2022 20:51:25.041 [java] [DEBUG] started gRPC server on port 53544
26-12-2022 20:51:25.043 [Gauge] [DEBUG] Attempting to connect to grpc server at port: 53544
26-12-2022 20:51:25.360 [Gauge] [DEBUG] Successfully made the connection with runner with port: 53544
26-12-2022 20:51:25.360 [Gauge] [DEBUG] Validation started.
26-12-2022 20:51:26.963 [Gauge] [ERROR] [ValidationError] C:\Users\testinium\Desktop\Example\QatarAirwaysProject\specs\example.spec:11 Step implementation not found => 'Bildirim ekranı "Allow" seçeneği ile geçilir.'
26-12-2022 20:51:26.963 [Gauge] [ERROR] [ValidationError] C:\Users\testinium\Desktop\Example\QatarAirwaysProject\specs\example.spec:12 Step implementation not found => 'Alt menüden "Book" tabına geçiş yapılır.'
26-12-2022 20:51:26.963 [Gauge] [ERROR] [ValidationError] C:\Users\testinium\Desktop\Example\QatarAirwaysProject\specs\example.spec:13 Step implementation not found => 'Seyehat tipi olarak "One Way" seçilir.'
26-12-2022 20:51:26.965 [java] [DEBUG] Killing Java runner...
26-12-2022 20:51:26.966 [java] [DEBUG] Stopping execution pool...
26-12-2022 20:51:26.966 [java] [DEBUG] Shutting down grpc server...
26-12-2022 20:51:26.977 [java] [DEBUG] Runner killed gracefully.
26-12-2022 20:51:27.623 [Gauge] [DEBUG] Runner with PID:29476 has exited
26-12-2022 20:52:44.322 [Gauge] [DEBUG] Created gauge_screenshots_dir at C:\Users\testinium\Desktop\Example\QatarAirwaysProject\.gauge\screenshots
26-12-2022 20:52:44.327 [Gauge] [DEBUG] Plugin java is already installed.
26-12-2022 20:52:44.328 [Gauge] [DEBUG] Plugin html-report is already installed.
26-12-2022 20:52:44.332 [Gauge] [DEBUG] Parsing started.
26-12-2022 20:52:44.332 [Gauge] [DEBUG] Started concepts parsing.
26-12-2022 20:52:44.337 [Gauge] [ERROR] Concept parse failure: C:\Users\testinium\Desktop\Example\QatarAirwaysProject\specs\example.cpt C:\Users\testinium\Desktop\Example\QatarAirwaysProject\specs\example.cpt:6 Concept heading can have only Dynamic Parameters => 'Bildirim ekranı "Allow" seçeneği ile geçilir.'
26-12-2022 20:52:44.337 [Gauge] [ERROR] Concept parse failure: C:\Users\testinium\Desktop\Example\QatarAirwaysProject\specs\example.cpt C:\Users\testinium\Desktop\Example\QatarAirwaysProject\specs\example.cpt:7 Step is not defined inside a concept heading => '"com.m.qr:id/push_consent_allow" id li elemente tıklanır'
26-12-2022 20:52:44.337 [Gauge] [ERROR] Concept parse failure: C:\Users\testinium\Desktop\Example\QatarAirwaysProject\specs\example.cpt C:\Users\testinium\Desktop\Example\QatarAirwaysProject\specs\example.cpt:8 Concept heading can have only Dynamic Parameters => 'Alt menüden "Book" tabına geçiş yapılır.'
26-12-2022 20:52:44.337 [Gauge] [ERROR] Concept parse failure: C:\Users\testinium\Desktop\Example\QatarAirwaysProject\specs\example.cpt C:\Users\testinium\Desktop\Example\QatarAirwaysProject\specs\example.cpt:9 Step is not defined inside a concept heading => '"com.m.qr:id/nav_menu_book" id li elemente tıklanır'
26-12-2022 20:52:44.337 [Gauge] [ERROR] Concept parse failure: C:\Users\testinium\Desktop\Example\QatarAirwaysProject\specs\example.cpt C:\Users\testinium\Desktop\Example\QatarAirwaysProject\specs\example.cpt:10 Concept heading can have only Dynamic Parameters => 'Seyehat tipi olarak "One Way" seçilir.'
26-12-2022 20:52:44.337 [Gauge] [ERROR] Concept parse failure: C:\Users\testinium\Desktop\Example\QatarAirwaysProject\specs\example.cpt C:\Users\testinium\Desktop\Example\QatarAirwaysProject\specs\example.cpt:11 Step is not defined inside a concept heading => '"//android.widget.LinearLayout[@content-desc='One-way']/android.widget.TextView" Seyahat Tipi 'One Way' Seçilir'
26-12-2022 20:52:44.337 [Gauge] [ERROR] [ParseError] C:\Users\testinium\Desktop\Example\QatarAirwaysProject\specs\example.cpt:6 Concept heading can have only Dynamic Parameters => 'Bildirim ekranı "Allow" seçeneği ile geçilir.'
26-12-2022 20:52:44.337 [Gauge] [ERROR] [ParseError] C:\Users\testinium\Desktop\Example\QatarAirwaysProject\specs\example.cpt:7 Step is not defined inside a concept heading => '"com.m.qr:id/push_consent_allow" id li elemente tıklanır'
26-12-2022 20:52:44.337 [Gauge] [ERROR] [ParseError] C:\Users\testinium\Desktop\Example\QatarAirwaysProject\specs\example.cpt:8 Concept heading can have only Dynamic Parameters => 'Alt menüden "Book" tabına geçiş yapılır.'
26-12-2022 20:52:44.337 [Gauge] [ERROR] [ParseError] C:\Users\testinium\Desktop\Example\QatarAirwaysProject\specs\example.cpt:9 Step is not defined inside a concept heading => '"com.m.qr:id/nav_menu_book" id li elemente tıklanır'
26-12-2022 20:52:44.338 [Gauge] [ERROR] [ParseError] C:\Users\testinium\Desktop\Example\QatarAirwaysProject\specs\example.cpt:10 Concept heading can have only Dynamic Parameters => 'Seyehat tipi olarak "One Way" seçilir.'
26-12-2022 20:52:44.338 [Gauge] [ERROR] [ParseError] C:\Users\testinium\Desktop\Example\QatarAirwaysProject\specs\example.cpt:11 Step is not defined inside a concept heading => '"//android.widget.LinearLayout[@content-desc='One-way']/android.widget.TextView" Seyahat Tipi 'One Way' Seçilir'
26-12-2022 20:52:44.338 [Gauge] [DEBUG] 8 concepts parsing completed.
26-12-2022 20:52:44.338 [Gauge] [DEBUG] Started specifications parsing.
26-12-2022 20:52:44.338 [Gauge] [DEBUG] 1 specifications parsing completed.
26-12-2022 20:52:44.341 [Gauge] [DEBUG] Parsing completed.
26-12-2022 20:52:44.373 [java] [DEBUG] ***** Printing Properties/Env Values *****
26-12-2022 20:52:44.373 [java] [DEBUG] PATH: C:\Program Files\Common Files\Oracle\Java\javapath_target_204140046;C:\WINDOWS\system32;C:\WINDOWS;C:\WINDOWS\System32\Wbem;C:\WINDOWS\System32\WindowsPowerShell\v1.0\;C:\WINDOWS\System32\OpenSSH\;C:\Program Files (x86)\Intel\Intel(R) Management Engine Components\DAL;C:\Program Files\Intel\Intel(R) Management Engine Components\DAL;C:\Program Files\nodejs\;C:\Program Files\Maven\apache-maven-3.8.6\bin;C:\Program Files\Git\cmd;C:\Program Files\Gauge\bin;C:\WINDOWS\system32;C:\WINDOWS;C:\WINDOWS\System32\Wbem;C:\WINDOWS\System32\WindowsPowerShell\v1.0\;C:\WINDOWS\System32\OpenSSH\;C:\Program Files (x86)\Micro Focus\Unified Functional Testing\bin;C:\Users\testinium\AppData\Local\Android\Sdk\platform-tools;C:\Users\testinium\AppData\Local\Android\Sdk\tools;C:\Users\testinium\AppData\Local\Android\Sdk\build-tools;C:\Users\testinium\AppData\Local\Microsoft\WindowsApps;C:\Users\testinium\AppData\Roaming\npm;C:\Users\testinium\AppData\Roaming\gauge\plugins\screenshot\0.1.0
26-12-2022 20:52:44.373 [java] [DEBUG] JAVA_HOME: C:\Program Files\Java\jdk-11.0.16.1
26-12-2022 20:52:44.373 [java] [DEBUG] gauge_project_root: C:\Users\testinium\Desktop\Example\QatarAirwaysProject
26-12-2022 20:52:44.373 [java] [DEBUG] gauge_parallel_streams_count: 8
26-12-2022 20:52:44.373 [java] [DEBUG] gauge_reports_dir: reports
26-12-2022 20:52:44.373 [java] [DEBUG] overwrite_reports: true
26-12-2022 20:52:44.373 [java] [DEBUG] logs_directory: logs
26-12-2022 20:52:44.373 [java] [DEBUG] enable_multithreading: false
26-12-2022 20:52:44.373 [java] [DEBUG] gauge_specs_dir: specs
26-12-2022 20:52:44.373 [java] [DEBUG] csv_delimiter: ,
26-12-2022 20:52:44.373 [java] [DEBUG] gauge_java_home: 
26-12-2022 20:52:44.373 [java] [DEBUG] gauge_custom_build_path: 
26-12-2022 20:52:44.373 [java] [DEBUG] gauge_additional_libs: libs/*
26-12-2022 20:52:44.373 [java] [DEBUG] gauge_jvm_args: 
26-12-2022 20:52:44.373 [java] [DEBUG] gauge_custom_compile_dir: 
26-12-2022 20:52:44.373 [java] [DEBUG] gauge_clear_state_level: scenario
26-12-2022 20:52:44.373 [java] [DEBUG] ***** END *****
26-12-2022 20:52:44.756 [Gauge] [DEBUG] Checking updates...
26-12-2022 20:52:44.758 [Gauge] [DEBUG] Downloading https://downloads.gauge.org/plugin/html-report?l=java&p=html-report,java,screenshot,spectacle,xml-report&o=windows&a=amd64
26-12-2022 20:52:45.021 [Gauge] [DEBUG] Downloading https://downloads.gauge.org/plugin/java?l=java&p=html-report,java,screenshot,spectacle,xml-report&o=windows&a=amd64
26-12-2022 20:52:45.099 [Gauge] [DEBUG] Downloading https://downloads.gauge.org/plugin/screenshot?l=java&p=html-report,java,screenshot,spectacle,xml-report&o=windows&a=amd64
26-12-2022 20:52:45.164 [Gauge] [DEBUG] Downloading https://downloads.gauge.org/plugin/spectacle?l=java&p=html-report,java,screenshot,spectacle,xml-report&o=windows&a=amd64
26-12-2022 20:52:45.252 [Gauge] [DEBUG] Downloading https://downloads.gauge.org/plugin/xml-report?l=java&p=html-report,java,screenshot,spectacle,xml-report&o=windows&a=amd64
26-12-2022 20:52:48.950 [java] [DEBUG] classpath set to C:\Program Files\Java\jdk-11.0.16.1!\java.base;C:\Program Files\Java\jdk-11.0.16.1!\java.compiler;C:\Program Files\Java\jdk-11.0.16.1!\java.datatransfer;C:\Program Files\Java\jdk-11.0.16.1!\java.desktop;C:\Program Files\Java\jdk-11.0.16.1!\java.instrument;C:\Program Files\Java\jdk-11.0.16.1!\java.logging;C:\Program Files\Java\jdk-11.0.16.1!\java.management;C:\Program Files\Java\jdk-11.0.16.1!\java.management.rmi;C:\Program Files\Java\jdk-11.0.16.1!\java.naming;C:\Program Files\Java\jdk-11.0.16.1!\java.net.http;C:\Program Files\Java\jdk-11.0.16.1!\java.prefs;C:\Program Files\Java\jdk-11.0.16.1!\java.rmi;C:\Program Files\Java\jdk-11.0.16.1!\java.scripting;C:\Program Files\Java\jdk-11.0.16.1!\java.se;C:\Program Files\Java\jdk-11.0.16.1!\java.security.jgss;C:\Program Files\Java\jdk-11.0.16.1!\java.security.sasl;C:\Program Files\Java\jdk-11.0.16.1!\java.smartcardio;C:\Program Files\Java\jdk-11.0.16.1!\java.sql;C:\Program Files\Java\jdk-11.0.16.1!\java.sql.rowset;C:\Program Files\Java\jdk-11.0.16.1!\java.transaction.xa;C:\Program Files\Java\jdk-11.0.16.1!\java.xml;C:\Program Files\Java\jdk-11.0.16.1!\java.xml.crypto;C:\Program Files\Java\jdk-11.0.16.1!\jdk.accessibility;C:\Program Files\Java\jdk-11.0.16.1!\jdk.attach;C:\Program Files\Java\jdk-11.0.16.1!\jdk.charsets;C:\Program Files\Java\jdk-11.0.16.1!\jdk.compiler;C:\Program Files\Java\jdk-11.0.16.1!\jdk.crypto.cryptoki;C:\Program Files\Java\jdk-11.0.16.1!\jdk.crypto.ec;C:\Program Files\Java\jdk-11.0.16.1!\jdk.crypto.mscapi;C:\Program Files\Java\jdk-11.0.16.1!\jdk.dynalink;C:\Program Files\Java\jdk-11.0.16.1!\jdk.editpad;C:\Program Files\Java\jdk-11.0.16.1!\jdk.hotspot.agent;C:\Program Files\Java\jdk-11.0.16.1!\jdk.httpserver;C:\Program Files\Java\jdk-11.0.16.1!\jdk.internal.ed;C:\Program Files\Java\jdk-11.0.16.1!\jdk.internal.jvmstat;C:\Program Files\Java\jdk-11.0.16.1!\jdk.internal.le;C:\Program Files\Java\jdk-11.0.16.1!\jdk.internal.opt;C:\Program Files\Java\jdk-11.0.16.1!\jdk.internal.vm.ci;C:\Program Files\Java\jdk-11.0.16.1!\jdk.internal.vm.compiler;C:\Program Files\Java\jdk-11.0.16.1!\jdk.internal.vm.compiler.management;C:\Program Files\Java\jdk-11.0.16.1!\jdk.jartool;C:\Program Files\Java\jdk-11.0.16.1!\jdk.javadoc;C:\Program Files\Java\jdk-11.0.16.1!\jdk.jcmd;C:\Program Files\Java\jdk-11.0.16.1!\jdk.jconsole;C:\Program Files\Java\jdk-11.0.16.1!\jdk.jdeps;C:\Program Files\Java\jdk-11.0.16.1!\jdk.jdi;C:\Program Files\Java\jdk-11.0.16.1!\jdk.jdwp.agent;C:\Program Files\Java\jdk-11.0.16.1!\jdk.jfr;C:\Program Files\Java\jdk-11.0.16.1!\jdk.jlink;C:\Program Files\Java\jdk-11.0.16.1!\jdk.jshell;C:\Program Files\Java\jdk-11.0.16.1!\jdk.jsobject;C:\Program Files\Java\jdk-11.0.16.1!\jdk.jstatd;C:\Program Files\Java\jdk-11.0.16.1!\jdk.localedata;C:\Program Files\Java\jdk-11.0.16.1!\jdk.management;C:\Program Files\Java\jdk-11.0.16.1!\jdk.management.agent;C:\Program Files\Java\jdk-11.0.16.1!\jdk.management.jfr;C:\Program Files\Java\jdk-11.0.16.1!\jdk.naming.dns;C:\Program Files\Java\jdk-11.0.16.1!\jdk.naming.ldap;C:\Program Files\Java\jdk-11.0.16.1!\jdk.naming.rmi;C:\Program Files\Java\jdk-11.0.16.1!\jdk.net;C:\Program Files\Java\jdk-11.0.16.1!\jdk.pack;C:\Program Files\Java\jdk-11.0.16.1!\jdk.rmic;C:\Program Files\Java\jdk-11.0.16.1!\jdk.scripting.nashorn;C:\Program Files\Java\jdk-11.0.16.1!\jdk.scripting.nashorn.shell;C:\Program Files\Java\jdk-11.0.16.1!\jdk.sctp;C:\Program Files\Java\jdk-11.0.16.1!\jdk.security.auth;C:\Program Files\Java\jdk-11.0.16.1!\jdk.security.jgss;C:\Program Files\Java\jdk-11.0.16.1!\jdk.unsupported;C:\Program Files\Java\jdk-11.0.16.1!\jdk.unsupported.desktop;C:\Program Files\Java\jdk-11.0.16.1!\jdk.xml.dom;C:\Program Files\Java\jdk-11.0.16.1!\jdk.zipfs;C:\Users\testinium\Desktop\Example\QatarAirwaysProject\target\test-classes;C:\Users\testinium\.m2\repository\junit\junit\4.12\junit-4.12.jar;C:\Users\testinium\.m2\repository\org\hamcrest\hamcrest-core\1.3\hamcrest-core-1.3.jar;C:\Users\testinium\.m2\repository\com\thoughtworks\gauge\gauge-java\0.9.1\gauge-java-0.9.1.jar;C:\Users\testinium\.m2\repository\org\assertj\assertj-core\3.22.0\assertj-core-3.22.0.jar;C:\Users\testinium\.m2\repository\org\reflections\reflections\0.10.2\reflections-0.10.2.jar;C:\Users\testinium\.m2\repository\org\javassist\javassist\3.28.0-GA\javassist-3.28.0-GA.jar;C:\Users\testinium\.m2\repository\com\google\code\findbugs\jsr305\3.0.2\jsr305-3.0.2.jar;C:\Users\testinium\.m2\repository\com\github\javaparser\javaparser-core\3.16.3\javaparser-core-3.16.3.jar;C:\Users\testinium\.m2\repository\commons-io\commons-io\2.11.0\commons-io-2.11.0.jar;C:\Users\testinium\.m2\repository\commons-lang\commons-lang\2.6\commons-lang-2.6.jar;C:\Users\testinium\.m2\repository\org\json\json\20220320\json-20220320.jar;C:\Users\testinium\.m2\repository\com\google\protobuf\protobuf-java\3.19.4\protobuf-java-3.19.4.jar;C:\Users\testinium\.m2\repository\com\google\guava\guava\31.0.1-jre\guava-31.0.1-jre.jar;C:\Users\testinium\.m2\repository\com\google\guava\failureaccess\1.0.1\failureaccess-1.0.1.jar;C:\Users\testinium\.m2\repository\com\google\guava\listenablefuture\9999.0-empty-to-avoid-conflict-with-guava\listenablefuture-9999.0-empty-to-avoid-conflict-with-guava.jar;C:\Users\testinium\.m2\repository\org\checkerframework\checker-qual\3.12.0\checker-qual-3.12.0.jar;C:\Users\testinium\.m2\repository\com\google\errorprone\error_prone_annotations\2.7.1\error_prone_annotations-2.7.1.jar;C:\Users\testinium\.m2\repository\com\google\j2objc\j2objc-annotations\1.3\j2objc-annotations-1.3.jar;C:\Users\testinium\.m2\repository\io\grpc\grpc-netty-shaded\1.41.2\grpc-netty-shaded-1.41.2.jar;C:\Users\testinium\.m2\repository\io\perfmark\perfmark-api\0.23.0\perfmark-api-0.23.0.jar;C:\Users\testinium\.m2\repository\io\grpc\grpc-core\1.41.2\grpc-core-1.41.2.jar;C:\Users\testinium\.m2\repository\com\google\android\annotations\4.1.1.4\annotations-4.1.1.4.jar;C:\Users\testinium\.m2\repository\org\codehaus\mojo\animal-sniffer-annotations\1.19\animal-sniffer-annotations-1.19.jar;C:\Users\testinium\.m2\repository\io\grpc\grpc-protobuf\1.41.2\grpc-protobuf-1.41.2.jar;C:\Users\testinium\.m2\repository\io\grpc\grpc-api\1.41.2\grpc-api-1.41.2.jar;C:\Users\testinium\.m2\repository\io\grpc\grpc-context\1.41.2\grpc-context-1.41.2.jar;C:\Users\testinium\.m2\repository\com\google\api\grpc\proto-google-common-protos\2.0.1\proto-google-common-protos-2.0.1.jar;C:\Users\testinium\.m2\repository\io\grpc\grpc-protobuf-lite\1.41.2\grpc-protobuf-lite-1.41.2.jar;C:\Users\testinium\.m2\repository\io\grpc\grpc-stub\1.41.2\grpc-stub-1.41.2.jar;C:\Users\testinium\.m2\repository\javax\annotation\javax.annotation-api\1.3.2\javax.annotation-api-1.3.2.jar;C:\Users\testinium\.m2\repository\io\appium\java-client\7.3.0\java-client-7.3.0.jar;C:\Users\testinium\.m2\repository\org\seleniumhq\selenium\selenium-java\3.141.59\selenium-java-3.141.59.jar;C:\Users\testinium\.m2\repository\org\seleniumhq\selenium\selenium-chrome-driver\3.141.59\selenium-chrome-driver-3.141.59.jar;C:\Users\testinium\.m2\repository\org\seleniumhq\selenium\selenium-edge-driver\3.141.59\selenium-edge-driver-3.141.59.jar;C:\Users\testinium\.m2\repository\org\seleniumhq\selenium\selenium-firefox-driver\3.141.59\selenium-firefox-driver-3.141.59.jar;C:\Users\testinium\.m2\repository\org\seleniumhq\selenium\selenium-ie-driver\3.141.59\selenium-ie-driver-3.141.59.jar;C:\Users\testinium\.m2\repository\org\seleniumhq\selenium\selenium-opera-driver\3.141.59\selenium-opera-driver-3.141.59.jar;C:\Users\testinium\.m2\repository\org\seleniumhq\selenium\selenium-remote-driver\3.141.59\selenium-remote-driver-3.141.59.jar;C:\Users\testinium\.m2\repository\org\seleniumhq\selenium\selenium-safari-driver\3.141.59\selenium-safari-driver-3.141.59.jar;C:\Users\testinium\.m2\repository\net\bytebuddy\byte-buddy\1.8.15\byte-buddy-1.8.15.jar;C:\Users\testinium\.m2\repository\org\apache\commons\commons-exec\1.3\commons-exec-1.3.jar;C:\Users\testinium\.m2\repository\com\squareup\okhttp3\okhttp\3.11.0\okhttp-3.11.0.jar;C:\Users\testinium\.m2\repository\com\squareup\okio\okio\1.14.0\okio-1.14.0.jar;C:\Users\testinium\.m2\repository\org\seleniumhq\selenium\selenium-support\3.141.59\selenium-support-3.141.59.jar;C:\Users\testinium\.m2\repository\org\seleniumhq\selenium\selenium-api\3.141.59\selenium-api-3.141.59.jar;C:\Users\testinium\.m2\repository\com\google\code\gson\gson\2.8.5\gson-2.8.5.jar;C:\Users\testinium\.m2\repository\org\apache\httpcomponents\httpclient\4.5.9\httpclient-4.5.9.jar;C:\Users\testinium\.m2\repository\org\apache\httpcomponents\httpcore\4.4.11\httpcore-4.4.11.jar;C:\Users\testinium\.m2\repository\commons-logging\commons-logging\1.2\commons-logging-1.2.jar;C:\Users\testinium\.m2\repository\commons-codec\commons-codec\1.11\commons-codec-1.11.jar;C:\Users\testinium\.m2\repository\cglib\cglib\3.2.12\cglib-3.2.12.jar;C:\Users\testinium\.m2\repository\org\ow2\asm\asm\7.1\asm-7.1.jar;C:\Users\testinium\.m2\repository\commons-validator\commons-validator\1.6\commons-validator-1.6.jar;C:\Users\testinium\.m2\repository\commons-beanutils\commons-beanutils\1.9.2\commons-beanutils-1.9.2.jar;C:\Users\testinium\.m2\repository\commons-digester\commons-digester\1.8.1\commons-digester-1.8.1.jar;C:\Users\testinium\.m2\repository\commons-collections\commons-collections\3.2.2\commons-collections-3.2.2.jar;C:\Users\testinium\.m2\repository\org\apache\commons\commons-lang3\3.9\commons-lang3-3.9.jar;C:\Users\testinium\.m2\repository\org\springframework\spring-context\5.1.8.RELEASE\spring-context-5.1.8.RELEASE.jar;C:\Users\testinium\.m2\repository\org\springframework\spring-aop\5.1.8.RELEASE\spring-aop-5.1.8.RELEASE.jar;C:\Users\testinium\.m2\repository\org\springframework\spring-beans\5.1.8.RELEASE\spring-beans-5.1.8.RELEASE.jar;C:\Users\testinium\.m2\repository\org\springframework\spring-core\5.1.8.RELEASE\spring-core-5.1.8.RELEASE.jar;C:\Users\testinium\.m2\repository\org\springframework\spring-jcl\5.1.8.RELEASE\spring-jcl-5.1.8.RELEASE.jar;C:\Users\testinium\.m2\repository\org\springframework\spring-expression\5.1.8.RELEASE\spring-expression-5.1.8.RELEASE.jar;C:\Users\testinium\.m2\repository\org\aspectj\aspectjweaver\1.9.4\aspectjweaver-1.9.4.jar;C:\Users\testinium\.m2\repository\org\slf4j\slf4j-api\1.7.30\slf4j-api-1.7.30.jar;C:\Users\testinium\.m2\repository\org\apache\logging\log4j\log4j-core\2.17.1\log4j-core-2.17.1.jar;C:\Users\testinium\.m2\repository\org\apache\logging\log4j\log4j-api\2.17.1\log4j-api-2.17.1.jar
26-12-2022 20:52:48.990 [java] [DEBUG] found java executable in C:\Program Files\Java\jdk-11.0.16.1\bin\java.exe
26-12-2022 20:52:48.990 [java] [DEBUG] running - C:\Program Files\Java\jdk-11.0.16.1\bin\java.exe [-Dfile.encoding=UTF-8 com.thoughtworks.gauge.GaugeRuntime --start]
26-12-2022 20:52:48.990 [java] [DEBUG] stdout/stderr is logged to logs\21900-java.exe.out
26-12-2022 20:52:49.349 [java] [DEBUG] multithreading is set to false
26-12-2022 20:52:49.719 [java] [DEBUG] Using reflection to scan dependencies for gauge implementations...
26-12-2022 20:52:49.836 [java] [ERROR] SLF4J: Failed to load class "org.slf4j.impl.StaticLoggerBinder".
26-12-2022 20:52:49.836 [java] [ERROR] SLF4J: Defaulting to no-operation (NOP) logger implementation
26-12-2022 20:52:49.836 [java] [ERROR] SLF4J: See http://www.slf4j.org/codes.html#StaticLoggerBinder for further details.
26-12-2022 20:52:52.064 [java] [DEBUG] gauge-java took 2713milliseconds to load and scan. This should be less than 'runner_connection_timeout' config value.
26-12-2022 20:52:52.064 [java] [DEBUG] run 'gauge config runner_connection_timeout' and verify that it is < 2713
26-12-2022 20:52:52.064 [java] [DEBUG] starting gRPC server...
26-12-2022 20:52:52.372 [java] [DEBUG] Scanning packages for steps
26-12-2022 20:52:52.416 [java] [DEBUG] Comparing 'page.FlyPage.clickStepButton' and 'page.FlyPage.clickStepButton'
26-12-2022 20:52:52.416 [java] [DEBUG] Found {} xpath li elemente tıklanır in current project scope.
26-12-2022 20:52:52.416 [java] [DEBUG] Comparing 'page.HomePage.asdasd' and 'page.HomePage.asdasd'
26-12-2022 20:52:52.416 [java] [DEBUG] Found asffasf in current project scope.
26-12-2022 20:52:52.417 [java] [DEBUG] Comparing 'page.FlyPage.selectFlightDate' and 'page.FlyPage.selectFlightDate'
26-12-2022 20:52:52.417 [java] [DEBUG] Found Bugünün tarihi +7 gün seçilir. in current project scope.
26-12-2022 20:52:52.417 [java] [DEBUG] Comparing 'page.FlyPage.selectFlyType' and 'page.FlyPage.selectFlyType'
26-12-2022 20:52:52.417 [java] [DEBUG] Found {} Seyahat Tipi 'One Way' Seçilir in current project scope.
26-12-2022 20:52:52.418 [java] [DEBUG] Comparing 'page.FlyPage.randomSelectFly' and 'page.FlyPage.randomSelectFly'
26-12-2022 20:52:52.418 [java] [DEBUG] Found {} 'li uçuşlardan rastgele seç ve {} ile {} değerlerini kaydet in current project scope.
26-12-2022 20:52:52.418 [java] [DEBUG] Comparing 'page.FlyPage.lastDataFlyHours' and 'page.FlyPage.lastDataFlyHours'
26-12-2022 20:52:52.418 [java] [DEBUG] Found {} ile {} sondaki uçuş saatleri verileri in current project scope.
26-12-2022 20:52:52.419 [java] [DEBUG] Comparing 'page.HomePage.clickStepButton' and 'page.HomePage.clickStepButton'
26-12-2022 20:52:52.419 [java] [DEBUG] Found {} id li elemente tıklanır in current project scope.
26-12-2022 20:52:52.419 [java] [DEBUG] Comparing 'page.FlyPage.selectFlightLocation' and 'page.FlyPage.selectFlightLocation'
26-12-2022 20:52:52.419 [java] [DEBUG] Found {}{} Uçuş havalimanı {} Seçilir {} in current project scope.
26-12-2022 20:52:52.419 [java] [DEBUG] Comparing 'page.HomePage.checkOpenApp' and 'page.HomePage.checkOpenApp'
26-12-2022 20:52:52.419 [java] [DEBUG] Found {} id li element bulunur ve görünür mü kontrol edilir in current project scope.
26-12-2022 20:52:52.419 [java] [DEBUG] Scanning packages for hooks
26-12-2022 20:52:52.431 [java] [DEBUG] Scanned steps (using static parsing + reflections): 
26-12-2022 20:52:52.431 [java] [DEBUG] 	Bugünün tarihi +7 gün seçilir. : public void selectFlightDate()
26-12-2022 20:52:52.431 [java] [DEBUG] 	{} id li element bulunur ve görünür mü kontrol edilir : public void checkOpenApp(String id)
26-12-2022 20:52:52.431 [java] [DEBUG] 	{} Seyahat Tipi 'One Way' Seçilir : public void selectFlyType(String xpath)
26-12-2022 20:52:52.431 [java] [DEBUG] 	asffasf : public void asdasd()
26-12-2022 20:52:52.432 [java] [DEBUG] 	{} id li elemente tıklanır : public void clickStepButton(String id)
26-12-2022 20:52:52.432 [java] [DEBUG] 	{} xpath li elemente tıklanır : public void clickStepButton(String xpath)
26-12-2022 20:52:52.432 [java] [DEBUG] 	{} 'li uçuşlardan rastgele seç ve {} ile {} değerlerini kaydet : public void randomSelectFly(String xpath, String departurePath, String arrivalPath)
26-12-2022 20:52:52.432 [java] [DEBUG] 	{} ile {} sondaki uçuş saatleri verileri : public void lastDataFlyHours(String departurePath, String arrivalPath)
26-12-2022 20:52:52.432 [java] [DEBUG] 	{}{} Uçuş havalimanı {} Seçilir {} : public void selectFlightLocation(String id, String id1, String text, String xpath)
26-12-2022 20:52:52.604 [java] [DEBUG] started gRPC server on port 57318
26-12-2022 20:52:52.604 [Gauge] [DEBUG] Attempting to connect to grpc server at port: 57318
26-12-2022 20:52:52.730 [Gauge] [DEBUG] Successfully made the connection with runner with port: 57318
26-12-2022 20:52:52.730 [Gauge] [DEBUG] Validation started.
26-12-2022 20:52:53.900 [Gauge] [ERROR] [ValidationError] C:\Users\testinium\Desktop\Example\QatarAirwaysProject\specs\example.spec:11 Step implementation not found => 'Bildirim ekranı "Allow" seçeneği ile geçilir.'
26-12-2022 20:52:53.900 [Gauge] [ERROR] [ValidationError] C:\Users\testinium\Desktop\Example\QatarAirwaysProject\specs\example.spec:12 Step implementation not found => 'Alt menüden "Book" tabına geçiş yapılır.'
26-12-2022 20:52:53.900 [Gauge] [ERROR] [ValidationError] C:\Users\testinium\Desktop\Example\QatarAirwaysProject\specs\example.spec:13 Step implementation not found => 'Seyehat tipi olarak "One Way" seçilir.'
26-12-2022 20:52:53.902 [java] [DEBUG] Killing Java runner...
26-12-2022 20:52:53.904 [java] [DEBUG] Stopping execution pool...
26-12-2022 20:52:53.904 [java] [DEBUG] Shutting down grpc server...
26-12-2022 20:52:53.924 [java] [DEBUG] Runner killed gracefully.
26-12-2022 20:52:54.576 [Gauge] [DEBUG] Runner with PID:21900 has exited
26-12-2022 21:00:17.014 [Gauge] [DEBUG] Created gauge_screenshots_dir at C:\Users\testinium\Desktop\Example\QatarAirwaysProject\.gauge\screenshots
26-12-2022 21:00:17.025 [Gauge] [DEBUG] Plugin java is already installed.
26-12-2022 21:00:17.026 [Gauge] [DEBUG] Plugin html-report is already installed.
26-12-2022 21:00:17.030 [Gauge] [DEBUG] Parsing started.
26-12-2022 21:00:17.030 [Gauge] [DEBUG] Started concepts parsing.
26-12-2022 21:00:17.042 [Gauge] [ERROR] Concept parse failure: C:\Users\testinium\Desktop\Example\QatarAirwaysProject\specs\example.cpt C:\Users\testinium\Desktop\Example\QatarAirwaysProject\specs\example.cpt:6 Concept heading can have only Dynamic Parameters => 'Bildirim ekrani "Allow" secenegi ile gecilir.'
26-12-2022 21:00:17.042 [Gauge] [ERROR] Concept parse failure: C:\Users\testinium\Desktop\Example\QatarAirwaysProject\specs\example.cpt C:\Users\testinium\Desktop\Example\QatarAirwaysProject\specs\example.cpt:7 Step is not defined inside a concept heading => '"com.m.qr:id/push_consent_allow" id li elemente tıklanır'
26-12-2022 21:00:17.042 [Gauge] [ERROR] Concept parse failure: C:\Users\testinium\Desktop\Example\QatarAirwaysProject\specs\example.cpt C:\Users\testinium\Desktop\Example\QatarAirwaysProject\specs\example.cpt:8 Concept heading can have only Dynamic Parameters => 'Alt menuden "Book" tabina gecis yapilir.'
26-12-2022 21:00:17.042 [Gauge] [ERROR] Concept parse failure: C:\Users\testinium\Desktop\Example\QatarAirwaysProject\specs\example.cpt C:\Users\testinium\Desktop\Example\QatarAirwaysProject\specs\example.cpt:9 Step is not defined inside a concept heading => '"com.m.qr:id/nav_menu_book" id li elemente tıklanır'
26-12-2022 21:00:17.042 [Gauge] [ERROR] Concept parse failure: C:\Users\testinium\Desktop\Example\QatarAirwaysProject\specs\example.cpt C:\Users\testinium\Desktop\Example\QatarAirwaysProject\specs\example.cpt:10 Concept heading can have only Dynamic Parameters => 'Seyehat tipi olarak "One Way" secilir.'
26-12-2022 21:00:17.042 [Gauge] [ERROR] Concept parse failure: C:\Users\testinium\Desktop\Example\QatarAirwaysProject\specs\example.cpt C:\Users\testinium\Desktop\Example\QatarAirwaysProject\specs\example.cpt:11 Step is not defined inside a concept heading => '"//android.widget.LinearLayout[@content-desc='One-way']/android.widget.TextView" Seyahat Tipi 'One Way' Seçilir'
26-12-2022 21:00:17.043 [Gauge] [ERROR] [ParseError] C:\Users\testinium\Desktop\Example\QatarAirwaysProject\specs\example.cpt:6 Concept heading can have only Dynamic Parameters => 'Bildirim ekrani "Allow" secenegi ile gecilir.'
26-12-2022 21:00:17.043 [Gauge] [ERROR] [ParseError] C:\Users\testinium\Desktop\Example\QatarAirwaysProject\specs\example.cpt:7 Step is not defined inside a concept heading => '"com.m.qr:id/push_consent_allow" id li elemente tıklanır'
26-12-2022 21:00:17.043 [Gauge] [ERROR] [ParseError] C:\Users\testinium\Desktop\Example\QatarAirwaysProject\specs\example.cpt:8 Concept heading can have only Dynamic Parameters => 'Alt menuden "Book" tabina gecis yapilir.'
26-12-2022 21:00:17.043 [Gauge] [ERROR] [ParseError] C:\Users\testinium\Desktop\Example\QatarAirwaysProject\specs\example.cpt:9 Step is not defined inside a concept heading => '"com.m.qr:id/nav_menu_book" id li elemente tıklanır'
26-12-2022 21:00:17.043 [Gauge] [ERROR] [ParseError] C:\Users\testinium\Desktop\Example\QatarAirwaysProject\specs\example.cpt:10 Concept heading can have only Dynamic Parameters => 'Seyehat tipi olarak "One Way" secilir.'
26-12-2022 21:00:17.043 [Gauge] [ERROR] [ParseError] C:\Users\testinium\Desktop\Example\QatarAirwaysProject\specs\example.cpt:11 Step is not defined inside a concept heading => '"//android.widget.LinearLayout[@content-desc='One-way']/android.widget.TextView" Seyahat Tipi 'One Way' Seçilir'
26-12-2022 21:00:17.043 [Gauge] [DEBUG] 8 concepts parsing completed.
26-12-2022 21:00:17.043 [Gauge] [DEBUG] Started specifications parsing.
26-12-2022 21:00:17.045 [Gauge] [DEBUG] 1 specifications parsing completed.
26-12-2022 21:00:17.046 [Gauge] [DEBUG] Parsing completed.
26-12-2022 21:00:17.100 [java] [DEBUG] ***** Printing Properties/Env Values *****
26-12-2022 21:00:17.100 [java] [DEBUG] PATH: C:\Program Files\Common Files\Oracle\Java\javapath_target_204140046;C:\WINDOWS\system32;C:\WINDOWS;C:\WINDOWS\System32\Wbem;C:\WINDOWS\System32\WindowsPowerShell\v1.0\;C:\WINDOWS\System32\OpenSSH\;C:\Program Files (x86)\Intel\Intel(R) Management Engine Components\DAL;C:\Program Files\Intel\Intel(R) Management Engine Components\DAL;C:\Program Files\nodejs\;C:\Program Files\Maven\apache-maven-3.8.6\bin;C:\Program Files\Git\cmd;C:\Program Files\Gauge\bin;C:\WINDOWS\system32;C:\WINDOWS;C:\WINDOWS\System32\Wbem;C:\WINDOWS\System32\WindowsPowerShell\v1.0\;C:\WINDOWS\System32\OpenSSH\;C:\Program Files (x86)\Micro Focus\Unified Functional Testing\bin;C:\Users\testinium\AppData\Local\Android\Sdk\platform-tools;C:\Users\testinium\AppData\Local\Android\Sdk\tools;C:\Users\testinium\AppData\Local\Android\Sdk\build-tools;C:\Users\testinium\AppData\Local\Microsoft\WindowsApps;C:\Users\testinium\AppData\Roaming\npm;C:\Users\testinium\AppData\Roaming\gauge\plugins\screenshot\0.1.0
26-12-2022 21:00:17.100 [java] [DEBUG] JAVA_HOME: C:\Program Files\Java\jdk-11.0.16.1
26-12-2022 21:00:17.100 [java] [DEBUG] gauge_project_root: C:\Users\testinium\Desktop\Example\QatarAirwaysProject
26-12-2022 21:00:17.100 [java] [DEBUG] gauge_parallel_streams_count: 8
26-12-2022 21:00:17.100 [java] [DEBUG] gauge_reports_dir: reports
26-12-2022 21:00:17.100 [java] [DEBUG] overwrite_reports: true
26-12-2022 21:00:17.100 [java] [DEBUG] logs_directory: logs
26-12-2022 21:00:17.100 [java] [DEBUG] enable_multithreading: false
26-12-2022 21:00:17.100 [java] [DEBUG] gauge_specs_dir: specs
26-12-2022 21:00:17.100 [java] [DEBUG] csv_delimiter: ,
26-12-2022 21:00:17.100 [java] [DEBUG] gauge_java_home: 
26-12-2022 21:00:17.100 [java] [DEBUG] gauge_custom_build_path: 
26-12-2022 21:00:17.100 [java] [DEBUG] gauge_additional_libs: libs/*
26-12-2022 21:00:17.100 [java] [DEBUG] gauge_jvm_args: 
26-12-2022 21:00:17.100 [java] [DEBUG] gauge_custom_compile_dir: 
26-12-2022 21:00:17.100 [java] [DEBUG] gauge_clear_state_level: scenario
26-12-2022 21:00:17.100 [java] [DEBUG] ***** END *****
26-12-2022 21:00:17.449 [Gauge] [DEBUG] Checking updates...
26-12-2022 21:00:17.452 [Gauge] [DEBUG] Downloading https://downloads.gauge.org/plugin/html-report?l=java&p=html-report,java,screenshot,spectacle,xml-report&o=windows&a=amd64
26-12-2022 21:00:17.814 [Gauge] [DEBUG] Downloading https://downloads.gauge.org/plugin/java?l=java&p=html-report,java,screenshot,spectacle,xml-report&o=windows&a=amd64
26-12-2022 21:00:17.919 [Gauge] [DEBUG] Downloading https://downloads.gauge.org/plugin/screenshot?l=java&p=html-report,java,screenshot,spectacle,xml-report&o=windows&a=amd64
26-12-2022 21:00:18.009 [Gauge] [DEBUG] Downloading https://downloads.gauge.org/plugin/spectacle?l=java&p=html-report,java,screenshot,spectacle,xml-report&o=windows&a=amd64
26-12-2022 21:00:18.114 [Gauge] [DEBUG] Downloading https://downloads.gauge.org/plugin/xml-report?l=java&p=html-report,java,screenshot,spectacle,xml-report&o=windows&a=amd64
26-12-2022 21:00:22.310 [java] [DEBUG] classpath set to C:\Program Files\Java\jdk-11.0.16.1!\java.base;C:\Program Files\Java\jdk-11.0.16.1!\java.compiler;C:\Program Files\Java\jdk-11.0.16.1!\java.datatransfer;C:\Program Files\Java\jdk-11.0.16.1!\java.desktop;C:\Program Files\Java\jdk-11.0.16.1!\java.instrument;C:\Program Files\Java\jdk-11.0.16.1!\java.logging;C:\Program Files\Java\jdk-11.0.16.1!\java.management;C:\Program Files\Java\jdk-11.0.16.1!\java.management.rmi;C:\Program Files\Java\jdk-11.0.16.1!\java.naming;C:\Program Files\Java\jdk-11.0.16.1!\java.net.http;C:\Program Files\Java\jdk-11.0.16.1!\java.prefs;C:\Program Files\Java\jdk-11.0.16.1!\java.rmi;C:\Program Files\Java\jdk-11.0.16.1!\java.scripting;C:\Program Files\Java\jdk-11.0.16.1!\java.se;C:\Program Files\Java\jdk-11.0.16.1!\java.security.jgss;C:\Program Files\Java\jdk-11.0.16.1!\java.security.sasl;C:\Program Files\Java\jdk-11.0.16.1!\java.smartcardio;C:\Program Files\Java\jdk-11.0.16.1!\java.sql;C:\Program Files\Java\jdk-11.0.16.1!\java.sql.rowset;C:\Program Files\Java\jdk-11.0.16.1!\java.transaction.xa;C:\Program Files\Java\jdk-11.0.16.1!\java.xml;C:\Program Files\Java\jdk-11.0.16.1!\java.xml.crypto;C:\Program Files\Java\jdk-11.0.16.1!\jdk.accessibility;C:\Program Files\Java\jdk-11.0.16.1!\jdk.attach;C:\Program Files\Java\jdk-11.0.16.1!\jdk.charsets;C:\Program Files\Java\jdk-11.0.16.1!\jdk.compiler;C:\Program Files\Java\jdk-11.0.16.1!\jdk.crypto.cryptoki;C:\Program Files\Java\jdk-11.0.16.1!\jdk.crypto.ec;C:\Program Files\Java\jdk-11.0.16.1!\jdk.crypto.mscapi;C:\Program Files\Java\jdk-11.0.16.1!\jdk.dynalink;C:\Program Files\Java\jdk-11.0.16.1!\jdk.editpad;C:\Program Files\Java\jdk-11.0.16.1!\jdk.hotspot.agent;C:\Program Files\Java\jdk-11.0.16.1!\jdk.httpserver;C:\Program Files\Java\jdk-11.0.16.1!\jdk.internal.ed;C:\Program Files\Java\jdk-11.0.16.1!\jdk.internal.jvmstat;C:\Program Files\Java\jdk-11.0.16.1!\jdk.internal.le;C:\Program Files\Java\jdk-11.0.16.1!\jdk.internal.opt;C:\Program Files\Java\jdk-11.0.16.1!\jdk.internal.vm.ci;C:\Program Files\Java\jdk-11.0.16.1!\jdk.internal.vm.compiler;C:\Program Files\Java\jdk-11.0.16.1!\jdk.internal.vm.compiler.management;C:\Program Files\Java\jdk-11.0.16.1!\jdk.jartool;C:\Program Files\Java\jdk-11.0.16.1!\jdk.javadoc;C:\Program Files\Java\jdk-11.0.16.1!\jdk.jcmd;C:\Program Files\Java\jdk-11.0.16.1!\jdk.jconsole;C:\Program Files\Java\jdk-11.0.16.1!\jdk.jdeps;C:\Program Files\Java\jdk-11.0.16.1!\jdk.jdi;C:\Program Files\Java\jdk-11.0.16.1!\jdk.jdwp.agent;C:\Program Files\Java\jdk-11.0.16.1!\jdk.jfr;C:\Program Files\Java\jdk-11.0.16.1!\jdk.jlink;C:\Program Files\Java\jdk-11.0.16.1!\jdk.jshell;C:\Program Files\Java\jdk-11.0.16.1!\jdk.jsobject;C:\Program Files\Java\jdk-11.0.16.1!\jdk.jstatd;C:\Program Files\Java\jdk-11.0.16.1!\jdk.localedata;C:\Program Files\Java\jdk-11.0.16.1!\jdk.management;C:\Program Files\Java\jdk-11.0.16.1!\jdk.management.agent;C:\Program Files\Java\jdk-11.0.16.1!\jdk.management.jfr;C:\Program Files\Java\jdk-11.0.16.1!\jdk.naming.dns;C:\Program Files\Java\jdk-11.0.16.1!\jdk.naming.ldap;C:\Program Files\Java\jdk-11.0.16.1!\jdk.naming.rmi;C:\Program Files\Java\jdk-11.0.16.1!\jdk.net;C:\Program Files\Java\jdk-11.0.16.1!\jdk.pack;C:\Program Files\Java\jdk-11.0.16.1!\jdk.rmic;C:\Program Files\Java\jdk-11.0.16.1!\jdk.scripting.nashorn;C:\Program Files\Java\jdk-11.0.16.1!\jdk.scripting.nashorn.shell;C:\Program Files\Java\jdk-11.0.16.1!\jdk.sctp;C:\Program Files\Java\jdk-11.0.16.1!\jdk.security.auth;C:\Program Files\Java\jdk-11.0.16.1!\jdk.security.jgss;C:\Program Files\Java\jdk-11.0.16.1!\jdk.unsupported;C:\Program Files\Java\jdk-11.0.16.1!\jdk.unsupported.desktop;C:\Program Files\Java\jdk-11.0.16.1!\jdk.xml.dom;C:\Program Files\Java\jdk-11.0.16.1!\jdk.zipfs;C:\Users\testinium\Desktop\Example\QatarAirwaysProject\target\test-classes;C:\Users\testinium\.m2\repository\junit\junit\4.12\junit-4.12.jar;C:\Users\testinium\.m2\repository\org\hamcrest\hamcrest-core\1.3\hamcrest-core-1.3.jar;C:\Users\testinium\.m2\repository\com\thoughtworks\gauge\gauge-java\0.9.1\gauge-java-0.9.1.jar;C:\Users\testinium\.m2\repository\org\assertj\assertj-core\3.22.0\assertj-core-3.22.0.jar;C:\Users\testinium\.m2\repository\org\reflections\reflections\0.10.2\reflections-0.10.2.jar;C:\Users\testinium\.m2\repository\org\javassist\javassist\3.28.0-GA\javassist-3.28.0-GA.jar;C:\Users\testinium\.m2\repository\com\google\code\findbugs\jsr305\3.0.2\jsr305-3.0.2.jar;C:\Users\testinium\.m2\repository\com\github\javaparser\javaparser-core\3.16.3\javaparser-core-3.16.3.jar;C:\Users\testinium\.m2\repository\commons-io\commons-io\2.11.0\commons-io-2.11.0.jar;C:\Users\testinium\.m2\repository\commons-lang\commons-lang\2.6\commons-lang-2.6.jar;C:\Users\testinium\.m2\repository\org\json\json\20220320\json-20220320.jar;C:\Users\testinium\.m2\repository\com\google\protobuf\protobuf-java\3.19.4\protobuf-java-3.19.4.jar;C:\Users\testinium\.m2\repository\com\google\guava\guava\31.0.1-jre\guava-31.0.1-jre.jar;C:\Users\testinium\.m2\repository\com\google\guava\failureaccess\1.0.1\failureaccess-1.0.1.jar;C:\Users\testinium\.m2\repository\com\google\guava\listenablefuture\9999.0-empty-to-avoid-conflict-with-guava\listenablefuture-9999.0-empty-to-avoid-conflict-with-guava.jar;C:\Users\testinium\.m2\repository\org\checkerframework\checker-qual\3.12.0\checker-qual-3.12.0.jar;C:\Users\testinium\.m2\repository\com\google\errorprone\error_prone_annotations\2.7.1\error_prone_annotations-2.7.1.jar;C:\Users\testinium\.m2\repository\com\google\j2objc\j2objc-annotations\1.3\j2objc-annotations-1.3.jar;C:\Users\testinium\.m2\repository\io\grpc\grpc-netty-shaded\1.41.2\grpc-netty-shaded-1.41.2.jar;C:\Users\testinium\.m2\repository\io\perfmark\perfmark-api\0.23.0\perfmark-api-0.23.0.jar;C:\Users\testinium\.m2\repository\io\grpc\grpc-core\1.41.2\grpc-core-1.41.2.jar;C:\Users\testinium\.m2\repository\com\google\android\annotations\4.1.1.4\annotations-4.1.1.4.jar;C:\Users\testinium\.m2\repository\org\codehaus\mojo\animal-sniffer-annotations\1.19\animal-sniffer-annotations-1.19.jar;C:\Users\testinium\.m2\repository\io\grpc\grpc-protobuf\1.41.2\grpc-protobuf-1.41.2.jar;C:\Users\testinium\.m2\repository\io\grpc\grpc-api\1.41.2\grpc-api-1.41.2.jar;C:\Users\testinium\.m2\repository\io\grpc\grpc-context\1.41.2\grpc-context-1.41.2.jar;C:\Users\testinium\.m2\repository\com\google\api\grpc\proto-google-common-protos\2.0.1\proto-google-common-protos-2.0.1.jar;C:\Users\testinium\.m2\repository\io\grpc\grpc-protobuf-lite\1.41.2\grpc-protobuf-lite-1.41.2.jar;C:\Users\testinium\.m2\repository\io\grpc\grpc-stub\1.41.2\grpc-stub-1.41.2.jar;C:\Users\testinium\.m2\repository\javax\annotation\javax.annotation-api\1.3.2\javax.annotation-api-1.3.2.jar;C:\Users\testinium\.m2\repository\io\appium\java-client\7.3.0\java-client-7.3.0.jar;C:\Users\testinium\.m2\repository\org\seleniumhq\selenium\selenium-java\3.141.59\selenium-java-3.141.59.jar;C:\Users\testinium\.m2\repository\org\seleniumhq\selenium\selenium-chrome-driver\3.141.59\selenium-chrome-driver-3.141.59.jar;C:\Users\testinium\.m2\repository\org\seleniumhq\selenium\selenium-edge-driver\3.141.59\selenium-edge-driver-3.141.59.jar;C:\Users\testinium\.m2\repository\org\seleniumhq\selenium\selenium-firefox-driver\3.141.59\selenium-firefox-driver-3.141.59.jar;C:\Users\testinium\.m2\repository\org\seleniumhq\selenium\selenium-ie-driver\3.141.59\selenium-ie-driver-3.141.59.jar;C:\Users\testinium\.m2\repository\org\seleniumhq\selenium\selenium-opera-driver\3.141.59\selenium-opera-driver-3.141.59.jar;C:\Users\testinium\.m2\repository\org\seleniumhq\selenium\selenium-remote-driver\3.141.59\selenium-remote-driver-3.141.59.jar;C:\Users\testinium\.m2\repository\org\seleniumhq\selenium\selenium-safari-driver\3.141.59\selenium-safari-driver-3.141.59.jar;C:\Users\testinium\.m2\repository\net\bytebuddy\byte-buddy\1.8.15\byte-buddy-1.8.15.jar;C:\Users\testinium\.m2\repository\org\apache\commons\commons-exec\1.3\commons-exec-1.3.jar;C:\Users\testinium\.m2\repository\com\squareup\okhttp3\okhttp\3.11.0\okhttp-3.11.0.jar;C:\Users\testinium\.m2\repository\com\squareup\okio\okio\1.14.0\okio-1.14.0.jar;C:\Users\testinium\.m2\repository\org\seleniumhq\selenium\selenium-support\3.141.59\selenium-support-3.141.59.jar;C:\Users\testinium\.m2\repository\org\seleniumhq\selenium\selenium-api\3.141.59\selenium-api-3.141.59.jar;C:\Users\testinium\.m2\repository\com\google\code\gson\gson\2.8.5\gson-2.8.5.jar;C:\Users\testinium\.m2\repository\org\apache\httpcomponents\httpclient\4.5.9\httpclient-4.5.9.jar;C:\Users\testinium\.m2\repository\org\apache\httpcomponents\httpcore\4.4.11\httpcore-4.4.11.jar;C:\Users\testinium\.m2\repository\commons-logging\commons-logging\1.2\commons-logging-1.2.jar;C:\Users\testinium\.m2\repository\commons-codec\commons-codec\1.11\commons-codec-1.11.jar;C:\Users\testinium\.m2\repository\cglib\cglib\3.2.12\cglib-3.2.12.jar;C:\Users\testinium\.m2\repository\org\ow2\asm\asm\7.1\asm-7.1.jar;C:\Users\testinium\.m2\repository\commons-validator\commons-validator\1.6\commons-validator-1.6.jar;C:\Users\testinium\.m2\repository\commons-beanutils\commons-beanutils\1.9.2\commons-beanutils-1.9.2.jar;C:\Users\testinium\.m2\repository\commons-digester\commons-digester\1.8.1\commons-digester-1.8.1.jar;C:\Users\testinium\.m2\repository\commons-collections\commons-collections\3.2.2\commons-collections-3.2.2.jar;C:\Users\testinium\.m2\repository\org\apache\commons\commons-lang3\3.9\commons-lang3-3.9.jar;C:\Users\testinium\.m2\repository\org\springframework\spring-context\5.1.8.RELEASE\spring-context-5.1.8.RELEASE.jar;C:\Users\testinium\.m2\repository\org\springframework\spring-aop\5.1.8.RELEASE\spring-aop-5.1.8.RELEASE.jar;C:\Users\testinium\.m2\repository\org\springframework\spring-beans\5.1.8.RELEASE\spring-beans-5.1.8.RELEASE.jar;C:\Users\testinium\.m2\repository\org\springframework\spring-core\5.1.8.RELEASE\spring-core-5.1.8.RELEASE.jar;C:\Users\testinium\.m2\repository\org\springframework\spring-jcl\5.1.8.RELEASE\spring-jcl-5.1.8.RELEASE.jar;C:\Users\testinium\.m2\repository\org\springframework\spring-expression\5.1.8.RELEASE\spring-expression-5.1.8.RELEASE.jar;C:\Users\testinium\.m2\repository\org\aspectj\aspectjweaver\1.9.4\aspectjweaver-1.9.4.jar;C:\Users\testinium\.m2\repository\org\slf4j\slf4j-api\1.7.30\slf4j-api-1.7.30.jar;C:\Users\testinium\.m2\repository\org\apache\logging\log4j\log4j-core\2.17.1\log4j-core-2.17.1.jar;C:\Users\testinium\.m2\repository\org\apache\logging\log4j\log4j-api\2.17.1\log4j-api-2.17.1.jar
26-12-2022 21:00:22.367 [java] [DEBUG] found java executable in C:\Program Files\Java\jdk-11.0.16.1\bin\java.exe
26-12-2022 21:00:22.367 [java] [DEBUG] running - C:\Program Files\Java\jdk-11.0.16.1\bin\java.exe [-Dfile.encoding=UTF-8 com.thoughtworks.gauge.GaugeRuntime --start]
26-12-2022 21:00:22.367 [java] [DEBUG] stdout/stderr is logged to logs\24404-java.exe.out
26-12-2022 21:00:22.623 [java] [DEBUG] multithreading is set to false
26-12-2022 21:00:23.014 [java] [DEBUG] Using reflection to scan dependencies for gauge implementations...
26-12-2022 21:00:23.110 [java] [ERROR] SLF4J: Failed to load class "org.slf4j.impl.StaticLoggerBinder".
26-12-2022 21:00:23.110 [java] [ERROR] SLF4J: Defaulting to no-operation (NOP) logger implementation
26-12-2022 21:00:23.110 [java] [ERROR] SLF4J: See http://www.slf4j.org/codes.html#StaticLoggerBinder for further details.
26-12-2022 21:00:26.163 [java] [DEBUG] gauge-java took 3540milliseconds to load and scan. This should be less than 'runner_connection_timeout' config value.
26-12-2022 21:00:26.163 [java] [DEBUG] run 'gauge config runner_connection_timeout' and verify that it is < 3540
26-12-2022 21:00:26.163 [java] [DEBUG] starting gRPC server...
26-12-2022 21:00:26.363 [java] [DEBUG] Scanning packages for steps
26-12-2022 21:00:26.434 [java] [DEBUG] Comparing 'page.FlyPage.clickStepButton' and 'page.FlyPage.clickStepButton'
26-12-2022 21:00:26.436 [java] [DEBUG] Found {} xpath li elemente tıklanır in current project scope.
26-12-2022 21:00:26.436 [java] [DEBUG] Comparing 'page.HomePage.asdasd' and 'page.HomePage.asdasd'
26-12-2022 21:00:26.436 [java] [DEBUG] Found asffasf in current project scope.
26-12-2022 21:00:26.436 [java] [DEBUG] Comparing 'page.FlyPage.selectFlightDate' and 'page.FlyPage.selectFlightDate'
26-12-2022 21:00:26.436 [java] [DEBUG] Found Bugünün tarihi +7 gün seçilir. in current project scope.
26-12-2022 21:00:26.436 [java] [DEBUG] Comparing 'page.FlyPage.selectFlyType' and 'page.FlyPage.selectFlyType'
26-12-2022 21:00:26.438 [java] [DEBUG] Found {} Seyahat Tipi 'One Way' Seçilir in current project scope.
26-12-2022 21:00:26.438 [java] [DEBUG] Comparing 'page.FlyPage.randomSelectFly' and 'page.FlyPage.randomSelectFly'
26-12-2022 21:00:26.439 [java] [DEBUG] Found {} 'li uçuşlardan rastgele seç ve {} ile {} değerlerini kaydet in current project scope.
26-12-2022 21:00:26.440 [java] [DEBUG] Comparing 'page.FlyPage.lastDataFlyHours' and 'page.FlyPage.lastDataFlyHours'
26-12-2022 21:00:26.440 [java] [DEBUG] Found {} ile {} sondaki uçuş saatleri verileri in current project scope.
26-12-2022 21:00:26.443 [java] [DEBUG] Comparing 'page.HomePage.clickStepButton' and 'page.HomePage.clickStepButton'
26-12-2022 21:00:26.443 [java] [DEBUG] Found {} id li elemente tıklanır in current project scope.
26-12-2022 21:00:26.443 [java] [DEBUG] Comparing 'page.FlyPage.selectFlightLocation' and 'page.FlyPage.selectFlightLocation'
26-12-2022 21:00:26.443 [java] [DEBUG] Found {}{} Uçuş havalimanı {} Seçilir {} in current project scope.
26-12-2022 21:00:26.443 [java] [DEBUG] Comparing 'page.HomePage.checkOpenApp' and 'page.HomePage.checkOpenApp'
26-12-2022 21:00:26.444 [java] [DEBUG] Found {} id li element bulunur ve görünür mü kontrol edilir in current project scope.
26-12-2022 21:00:26.444 [java] [DEBUG] Scanning packages for hooks
26-12-2022 21:00:26.467 [java] [DEBUG] Scanned steps (using static parsing + reflections): 
26-12-2022 21:00:26.488 [java] [DEBUG] 	Bugünün tarihi +7 gün seçilir. : public void selectFlightDate()
26-12-2022 21:00:26.489 [java] [DEBUG] 	{} id li element bulunur ve görünür mü kontrol edilir : public void checkOpenApp(String id)
26-12-2022 21:00:26.494 [java] [DEBUG] 	{} Seyahat Tipi 'One Way' Seçilir : public void selectFlyType(String xpath)
26-12-2022 21:00:26.494 [java] [DEBUG] 	asffasf : public void asdasd()
26-12-2022 21:00:26.494 [java] [DEBUG] 	{} id li elemente tıklanır : public void clickStepButton(String id)
26-12-2022 21:00:26.494 [java] [DEBUG] 	{} xpath li elemente tıklanır : public void clickStepButton(String xpath)
26-12-2022 21:00:26.495 [java] [DEBUG] 	{} 'li uçuşlardan rastgele seç ve {} ile {} değerlerini kaydet : public void randomSelectFly(String xpath, String departurePath, String arrivalPath)
26-12-2022 21:00:26.495 [java] [DEBUG] 	{} ile {} sondaki uçuş saatleri verileri : public void lastDataFlyHours(String departurePath, String arrivalPath)
26-12-2022 21:00:26.495 [java] [DEBUG] 	{}{} Uçuş havalimanı {} Seçilir {} : public void selectFlightLocation(String id, String id1, String text, String xpath)
26-12-2022 21:00:26.834 [java] [DEBUG] started gRPC server on port 64243
26-12-2022 21:00:26.834 [Gauge] [DEBUG] Attempting to connect to grpc server at port: 64243
26-12-2022 21:00:26.955 [Gauge] [DEBUG] Successfully made the connection with runner with port: 64243
26-12-2022 21:00:26.955 [Gauge] [DEBUG] Validation started.
26-12-2022 21:00:28.288 [Gauge] [ERROR] [ValidationError] C:\Users\testinium\Desktop\Example\QatarAirwaysProject\specs\example.spec:11 Step implementation not found => 'Bildirim ekrani "Allow" secenegi ile gecilir.'
26-12-2022 21:00:28.288 [Gauge] [ERROR] [ValidationError] C:\Users\testinium\Desktop\Example\QatarAirwaysProject\specs\example.spec:12 Step implementation not found => 'Alt menuden "Book" tabina gecis yapilir.'
26-12-2022 21:00:28.288 [Gauge] [ERROR] [ValidationError] C:\Users\testinium\Desktop\Example\QatarAirwaysProject\specs\example.spec:13 Step implementation not found => 'Seyehat tipi olarak "One Way" secilir.'
26-12-2022 21:00:28.291 [java] [DEBUG] Killing Java runner...
26-12-2022 21:00:28.294 [java] [DEBUG] Stopping execution pool...
26-12-2022 21:00:28.294 [java] [DEBUG] Shutting down grpc server...
26-12-2022 21:00:28.309 [java] [DEBUG] Runner killed gracefully.
26-12-2022 21:00:28.962 [Gauge] [DEBUG] Runner with PID:24404 has exited
26-12-2022 21:04:11.371 [Gauge] [DEBUG] Created gauge_screenshots_dir at C:\Users\testinium\Desktop\Example\QatarAirwaysProject\.gauge\screenshots
26-12-2022 21:04:11.378 [Gauge] [DEBUG] Plugin java is already installed.
26-12-2022 21:04:11.380 [Gauge] [DEBUG] Plugin html-report is already installed.
26-12-2022 21:04:11.384 [Gauge] [DEBUG] Parsing started.
26-12-2022 21:04:11.384 [Gauge] [DEBUG] Started concepts parsing.
26-12-2022 21:04:11.396 [Gauge] [DEBUG] 11 concepts parsing completed.
26-12-2022 21:04:11.396 [Gauge] [DEBUG] Started specifications parsing.
26-12-2022 21:04:11.398 [Gauge] [DEBUG] 1 specifications parsing completed.
26-12-2022 21:04:11.399 [Gauge] [DEBUG] Parsing completed.
26-12-2022 21:04:11.430 [java] [DEBUG] ***** Printing Properties/Env Values *****
26-12-2022 21:04:11.431 [java] [DEBUG] PATH: C:\Program Files\Common Files\Oracle\Java\javapath_target_204140046;C:\WINDOWS\system32;C:\WINDOWS;C:\WINDOWS\System32\Wbem;C:\WINDOWS\System32\WindowsPowerShell\v1.0\;C:\WINDOWS\System32\OpenSSH\;C:\Program Files (x86)\Intel\Intel(R) Management Engine Components\DAL;C:\Program Files\Intel\Intel(R) Management Engine Components\DAL;C:\Program Files\nodejs\;C:\Program Files\Maven\apache-maven-3.8.6\bin;C:\Program Files\Git\cmd;C:\Program Files\Gauge\bin;C:\WINDOWS\system32;C:\WINDOWS;C:\WINDOWS\System32\Wbem;C:\WINDOWS\System32\WindowsPowerShell\v1.0\;C:\WINDOWS\System32\OpenSSH\;C:\Program Files (x86)\Micro Focus\Unified Functional Testing\bin;C:\Users\testinium\AppData\Local\Android\Sdk\platform-tools;C:\Users\testinium\AppData\Local\Android\Sdk\tools;C:\Users\testinium\AppData\Local\Android\Sdk\build-tools;C:\Users\testinium\AppData\Local\Microsoft\WindowsApps;C:\Users\testinium\AppData\Roaming\npm;C:\Users\testinium\AppData\Roaming\gauge\plugins\screenshot\0.1.0
26-12-2022 21:04:11.431 [java] [DEBUG] JAVA_HOME: C:\Program Files\Java\jdk-11.0.16.1
26-12-2022 21:04:11.431 [java] [DEBUG] gauge_project_root: C:\Users\testinium\Desktop\Example\QatarAirwaysProject
26-12-2022 21:04:11.431 [java] [DEBUG] gauge_parallel_streams_count: 8
26-12-2022 21:04:11.431 [java] [DEBUG] gauge_reports_dir: reports
26-12-2022 21:04:11.431 [java] [DEBUG] overwrite_reports: true
26-12-2022 21:04:11.431 [java] [DEBUG] logs_directory: logs
26-12-2022 21:04:11.431 [java] [DEBUG] enable_multithreading: false
26-12-2022 21:04:11.431 [java] [DEBUG] gauge_specs_dir: specs
26-12-2022 21:04:11.431 [java] [DEBUG] csv_delimiter: ,
26-12-2022 21:04:11.431 [java] [DEBUG] gauge_java_home: 
26-12-2022 21:04:11.431 [java] [DEBUG] gauge_custom_build_path: 
26-12-2022 21:04:11.431 [java] [DEBUG] gauge_additional_libs: libs/*
26-12-2022 21:04:11.431 [java] [DEBUG] gauge_jvm_args: 
26-12-2022 21:04:11.431 [java] [DEBUG] gauge_custom_compile_dir: 
26-12-2022 21:04:11.431 [java] [DEBUG] gauge_clear_state_level: scenario
26-12-2022 21:04:11.431 [java] [DEBUG] ***** END *****
26-12-2022 21:04:12.348 [Gauge] [DEBUG] Checking updates...
26-12-2022 21:04:12.350 [Gauge] [DEBUG] Downloading https://downloads.gauge.org/plugin/html-report?l=java&p=html-report,java,screenshot,spectacle,xml-report&o=windows&a=amd64
26-12-2022 21:04:12.710 [Gauge] [DEBUG] Downloading https://downloads.gauge.org/plugin/java?l=java&p=html-report,java,screenshot,spectacle,xml-report&o=windows&a=amd64
26-12-2022 21:04:12.862 [Gauge] [DEBUG] Downloading https://downloads.gauge.org/plugin/screenshot?l=java&p=html-report,java,screenshot,spectacle,xml-report&o=windows&a=amd64
26-12-2022 21:04:12.965 [Gauge] [DEBUG] Downloading https://downloads.gauge.org/plugin/spectacle?l=java&p=html-report,java,screenshot,spectacle,xml-report&o=windows&a=amd64
26-12-2022 21:04:13.139 [Gauge] [DEBUG] Downloading https://downloads.gauge.org/plugin/xml-report?l=java&p=html-report,java,screenshot,spectacle,xml-report&o=windows&a=amd64
26-12-2022 21:04:15.875 [java] [DEBUG] classpath set to C:\Program Files\Java\jdk-11.0.16.1!\java.base;C:\Program Files\Java\jdk-11.0.16.1!\java.compiler;C:\Program Files\Java\jdk-11.0.16.1!\java.datatransfer;C:\Program Files\Java\jdk-11.0.16.1!\java.desktop;C:\Program Files\Java\jdk-11.0.16.1!\java.instrument;C:\Program Files\Java\jdk-11.0.16.1!\java.logging;C:\Program Files\Java\jdk-11.0.16.1!\java.management;C:\Program Files\Java\jdk-11.0.16.1!\java.management.rmi;C:\Program Files\Java\jdk-11.0.16.1!\java.naming;C:\Program Files\Java\jdk-11.0.16.1!\java.net.http;C:\Program Files\Java\jdk-11.0.16.1!\java.prefs;C:\Program Files\Java\jdk-11.0.16.1!\java.rmi;C:\Program Files\Java\jdk-11.0.16.1!\java.scripting;C:\Program Files\Java\jdk-11.0.16.1!\java.se;C:\Program Files\Java\jdk-11.0.16.1!\java.security.jgss;C:\Program Files\Java\jdk-11.0.16.1!\java.security.sasl;C:\Program Files\Java\jdk-11.0.16.1!\java.smartcardio;C:\Program Files\Java\jdk-11.0.16.1!\java.sql;C:\Program Files\Java\jdk-11.0.16.1!\java.sql.rowset;C:\Program Files\Java\jdk-11.0.16.1!\java.transaction.xa;C:\Program Files\Java\jdk-11.0.16.1!\java.xml;C:\Program Files\Java\jdk-11.0.16.1!\java.xml.crypto;C:\Program Files\Java\jdk-11.0.16.1!\jdk.accessibility;C:\Program Files\Java\jdk-11.0.16.1!\jdk.attach;C:\Program Files\Java\jdk-11.0.16.1!\jdk.charsets;C:\Program Files\Java\jdk-11.0.16.1!\jdk.compiler;C:\Program Files\Java\jdk-11.0.16.1!\jdk.crypto.cryptoki;C:\Program Files\Java\jdk-11.0.16.1!\jdk.crypto.ec;C:\Program Files\Java\jdk-11.0.16.1!\jdk.crypto.mscapi;C:\Program Files\Java\jdk-11.0.16.1!\jdk.dynalink;C:\Program Files\Java\jdk-11.0.16.1!\jdk.editpad;C:\Program Files\Java\jdk-11.0.16.1!\jdk.hotspot.agent;C:\Program Files\Java\jdk-11.0.16.1!\jdk.httpserver;C:\Program Files\Java\jdk-11.0.16.1!\jdk.internal.ed;C:\Program Files\Java\jdk-11.0.16.1!\jdk.internal.jvmstat;C:\Program Files\Java\jdk-11.0.16.1!\jdk.internal.le;C:\Program Files\Java\jdk-11.0.16.1!\jdk.internal.opt;C:\Program Files\Java\jdk-11.0.16.1!\jdk.internal.vm.ci;C:\Program Files\Java\jdk-11.0.16.1!\jdk.internal.vm.compiler;C:\Program Files\Java\jdk-11.0.16.1!\jdk.internal.vm.compiler.management;C:\Program Files\Java\jdk-11.0.16.1!\jdk.jartool;C:\Program Files\Java\jdk-11.0.16.1!\jdk.javadoc;C:\Program Files\Java\jdk-11.0.16.1!\jdk.jcmd;C:\Program Files\Java\jdk-11.0.16.1!\jdk.jconsole;C:\Program Files\Java\jdk-11.0.16.1!\jdk.jdeps;C:\Program Files\Java\jdk-11.0.16.1!\jdk.jdi;C:\Program Files\Java\jdk-11.0.16.1!\jdk.jdwp.agent;C:\Program Files\Java\jdk-11.0.16.1!\jdk.jfr;C:\Program Files\Java\jdk-11.0.16.1!\jdk.jlink;C:\Program Files\Java\jdk-11.0.16.1!\jdk.jshell;C:\Program Files\Java\jdk-11.0.16.1!\jdk.jsobject;C:\Program Files\Java\jdk-11.0.16.1!\jdk.jstatd;C:\Program Files\Java\jdk-11.0.16.1!\jdk.localedata;C:\Program Files\Java\jdk-11.0.16.1!\jdk.management;C:\Program Files\Java\jdk-11.0.16.1!\jdk.management.agent;C:\Program Files\Java\jdk-11.0.16.1!\jdk.management.jfr;C:\Program Files\Java\jdk-11.0.16.1!\jdk.naming.dns;C:\Program Files\Java\jdk-11.0.16.1!\jdk.naming.ldap;C:\Program Files\Java\jdk-11.0.16.1!\jdk.naming.rmi;C:\Program Files\Java\jdk-11.0.16.1!\jdk.net;C:\Program Files\Java\jdk-11.0.16.1!\jdk.pack;C:\Program Files\Java\jdk-11.0.16.1!\jdk.rmic;C:\Program Files\Java\jdk-11.0.16.1!\jdk.scripting.nashorn;C:\Program Files\Java\jdk-11.0.16.1!\jdk.scripting.nashorn.shell;C:\Program Files\Java\jdk-11.0.16.1!\jdk.sctp;C:\Program Files\Java\jdk-11.0.16.1!\jdk.security.auth;C:\Program Files\Java\jdk-11.0.16.1!\jdk.security.jgss;C:\Program Files\Java\jdk-11.0.16.1!\jdk.unsupported;C:\Program Files\Java\jdk-11.0.16.1!\jdk.unsupported.desktop;C:\Program Files\Java\jdk-11.0.16.1!\jdk.xml.dom;C:\Program Files\Java\jdk-11.0.16.1!\jdk.zipfs;C:\Users\testinium\Desktop\Example\QatarAirwaysProject\target\test-classes;C:\Users\testinium\.m2\repository\junit\junit\4.12\junit-4.12.jar;C:\Users\testinium\.m2\repository\org\hamcrest\hamcrest-core\1.3\hamcrest-core-1.3.jar;C:\Users\testinium\.m2\repository\com\thoughtworks\gauge\gauge-java\0.9.1\gauge-java-0.9.1.jar;C:\Users\testinium\.m2\repository\org\assertj\assertj-core\3.22.0\assertj-core-3.22.0.jar;C:\Users\testinium\.m2\repository\org\reflections\reflections\0.10.2\reflections-0.10.2.jar;C:\Users\testinium\.m2\repository\org\javassist\javassist\3.28.0-GA\javassist-3.28.0-GA.jar;C:\Users\testinium\.m2\repository\com\google\code\findbugs\jsr305\3.0.2\jsr305-3.0.2.jar;C:\Users\testinium\.m2\repository\com\github\javaparser\javaparser-core\3.16.3\javaparser-core-3.16.3.jar;C:\Users\testinium\.m2\repository\commons-io\commons-io\2.11.0\commons-io-2.11.0.jar;C:\Users\testinium\.m2\repository\commons-lang\commons-lang\2.6\commons-lang-2.6.jar;C:\Users\testinium\.m2\repository\org\json\json\20220320\json-20220320.jar;C:\Users\testinium\.m2\repository\com\google\protobuf\protobuf-java\3.19.4\protobuf-java-3.19.4.jar;C:\Users\testinium\.m2\repository\com\google\guava\guava\31.0.1-jre\guava-31.0.1-jre.jar;C:\Users\testinium\.m2\repository\com\google\guava\failureaccess\1.0.1\failureaccess-1.0.1.jar;C:\Users\testinium\.m2\repository\com\google\guava\listenablefuture\9999.0-empty-to-avoid-conflict-with-guava\listenablefuture-9999.0-empty-to-avoid-conflict-with-guava.jar;C:\Users\testinium\.m2\repository\org\checkerframework\checker-qual\3.12.0\checker-qual-3.12.0.jar;C:\Users\testinium\.m2\repository\com\google\errorprone\error_prone_annotations\2.7.1\error_prone_annotations-2.7.1.jar;C:\Users\testinium\.m2\repository\com\google\j2objc\j2objc-annotations\1.3\j2objc-annotations-1.3.jar;C:\Users\testinium\.m2\repository\io\grpc\grpc-netty-shaded\1.41.2\grpc-netty-shaded-1.41.2.jar;C:\Users\testinium\.m2\repository\io\perfmark\perfmark-api\0.23.0\perfmark-api-0.23.0.jar;C:\Users\testinium\.m2\repository\io\grpc\grpc-core\1.41.2\grpc-core-1.41.2.jar;C:\Users\testinium\.m2\repository\com\google\android\annotations\4.1.1.4\annotations-4.1.1.4.jar;C:\Users\testinium\.m2\repository\org\codehaus\mojo\animal-sniffer-annotations\1.19\animal-sniffer-annotations-1.19.jar;C:\Users\testinium\.m2\repository\io\grpc\grpc-protobuf\1.41.2\grpc-protobuf-1.41.2.jar;C:\Users\testinium\.m2\repository\io\grpc\grpc-api\1.41.2\grpc-api-1.41.2.jar;C:\Users\testinium\.m2\repository\io\grpc\grpc-context\1.41.2\grpc-context-1.41.2.jar;C:\Users\testinium\.m2\repository\com\google\api\grpc\proto-google-common-protos\2.0.1\proto-google-common-protos-2.0.1.jar;C:\Users\testinium\.m2\repository\io\grpc\grpc-protobuf-lite\1.41.2\grpc-protobuf-lite-1.41.2.jar;C:\Users\testinium\.m2\repository\io\grpc\grpc-stub\1.41.2\grpc-stub-1.41.2.jar;C:\Users\testinium\.m2\repository\javax\annotation\javax.annotation-api\1.3.2\javax.annotation-api-1.3.2.jar;C:\Users\testinium\.m2\repository\io\appium\java-client\7.3.0\java-client-7.3.0.jar;C:\Users\testinium\.m2\repository\org\seleniumhq\selenium\selenium-java\3.141.59\selenium-java-3.141.59.jar;C:\Users\testinium\.m2\repository\org\seleniumhq\selenium\selenium-chrome-driver\3.141.59\selenium-chrome-driver-3.141.59.jar;C:\Users\testinium\.m2\repository\org\seleniumhq\selenium\selenium-edge-driver\3.141.59\selenium-edge-driver-3.141.59.jar;C:\Users\testinium\.m2\repository\org\seleniumhq\selenium\selenium-firefox-driver\3.141.59\selenium-firefox-driver-3.141.59.jar;C:\Users\testinium\.m2\repository\org\seleniumhq\selenium\selenium-ie-driver\3.141.59\selenium-ie-driver-3.141.59.jar;C:\Users\testinium\.m2\repository\org\seleniumhq\selenium\selenium-opera-driver\3.141.59\selenium-opera-driver-3.141.59.jar;C:\Users\testinium\.m2\repository\org\seleniumhq\selenium\selenium-remote-driver\3.141.59\selenium-remote-driver-3.141.59.jar;C:\Users\testinium\.m2\repository\org\seleniumhq\selenium\selenium-safari-driver\3.141.59\selenium-safari-driver-3.141.59.jar;C:\Users\testinium\.m2\repository\net\bytebuddy\byte-buddy\1.8.15\byte-buddy-1.8.15.jar;C:\Users\testinium\.m2\repository\org\apache\commons\commons-exec\1.3\commons-exec-1.3.jar;C:\Users\testinium\.m2\repository\com\squareup\okhttp3\okhttp\3.11.0\okhttp-3.11.0.jar;C:\Users\testinium\.m2\repository\com\squareup\okio\okio\1.14.0\okio-1.14.0.jar;C:\Users\testinium\.m2\repository\org\seleniumhq\selenium\selenium-support\3.141.59\selenium-support-3.141.59.jar;C:\Users\testinium\.m2\repository\org\seleniumhq\selenium\selenium-api\3.141.59\selenium-api-3.141.59.jar;C:\Users\testinium\.m2\repository\com\google\code\gson\gson\2.8.5\gson-2.8.5.jar;C:\Users\testinium\.m2\repository\org\apache\httpcomponents\httpclient\4.5.9\httpclient-4.5.9.jar;C:\Users\testinium\.m2\repository\org\apache\httpcomponents\httpcore\4.4.11\httpcore-4.4.11.jar;C:\Users\testinium\.m2\repository\commons-logging\commons-logging\1.2\commons-logging-1.2.jar;C:\Users\testinium\.m2\repository\commons-codec\commons-codec\1.11\commons-codec-1.11.jar;C:\Users\testinium\.m2\repository\cglib\cglib\3.2.12\cglib-3.2.12.jar;C:\Users\testinium\.m2\repository\org\ow2\asm\asm\7.1\asm-7.1.jar;C:\Users\testinium\.m2\repository\commons-validator\commons-validator\1.6\commons-validator-1.6.jar;C:\Users\testinium\.m2\repository\commons-beanutils\commons-beanutils\1.9.2\commons-beanutils-1.9.2.jar;C:\Users\testinium\.m2\repository\commons-digester\commons-digester\1.8.1\commons-digester-1.8.1.jar;C:\Users\testinium\.m2\repository\commons-collections\commons-collections\3.2.2\commons-collections-3.2.2.jar;C:\Users\testinium\.m2\repository\org\apache\commons\commons-lang3\3.9\commons-lang3-3.9.jar;C:\Users\testinium\.m2\repository\org\springframework\spring-context\5.1.8.RELEASE\spring-context-5.1.8.RELEASE.jar;C:\Users\testinium\.m2\repository\org\springframework\spring-aop\5.1.8.RELEASE\spring-aop-5.1.8.RELEASE.jar;C:\Users\testinium\.m2\repository\org\springframework\spring-beans\5.1.8.RELEASE\spring-beans-5.1.8.RELEASE.jar;C:\Users\testinium\.m2\repository\org\springframework\spring-core\5.1.8.RELEASE\spring-core-5.1.8.RELEASE.jar;C:\Users\testinium\.m2\repository\org\springframework\spring-jcl\5.1.8.RELEASE\spring-jcl-5.1.8.RELEASE.jar;C:\Users\testinium\.m2\repository\org\springframework\spring-expression\5.1.8.RELEASE\spring-expression-5.1.8.RELEASE.jar;C:\Users\testinium\.m2\repository\org\aspectj\aspectjweaver\1.9.4\aspectjweaver-1.9.4.jar;C:\Users\testinium\.m2\repository\org\slf4j\slf4j-api\1.7.30\slf4j-api-1.7.30.jar;C:\Users\testinium\.m2\repository\org\apache\logging\log4j\log4j-core\2.17.1\log4j-core-2.17.1.jar;C:\Users\testinium\.m2\repository\org\apache\logging\log4j\log4j-api\2.17.1\log4j-api-2.17.1.jar
26-12-2022 21:04:15.915 [java] [DEBUG] found java executable in C:\Program Files\Java\jdk-11.0.16.1\bin\java.exe
26-12-2022 21:04:15.916 [java] [DEBUG] running - C:\Program Files\Java\jdk-11.0.16.1\bin\java.exe [-Dfile.encoding=UTF-8 com.thoughtworks.gauge.GaugeRuntime --start]
26-12-2022 21:04:15.916 [java] [DEBUG] stdout/stderr is logged to logs\11932-java.exe.out
26-12-2022 21:04:16.193 [java] [DEBUG] multithreading is set to false
26-12-2022 21:04:16.542 [java] [DEBUG] Using reflection to scan dependencies for gauge implementations...
26-12-2022 21:04:16.656 [java] [ERROR] SLF4J: Failed to load class "org.slf4j.impl.StaticLoggerBinder".
26-12-2022 21:04:16.656 [java] [ERROR] SLF4J: Defaulting to no-operation (NOP) logger implementation
26-12-2022 21:04:16.656 [java] [ERROR] SLF4J: See http://www.slf4j.org/codes.html#StaticLoggerBinder for further details.
26-12-2022 21:04:19.695 [java] [DEBUG] gauge-java took 3502milliseconds to load and scan. This should be less than 'runner_connection_timeout' config value.
26-12-2022 21:04:19.695 [java] [DEBUG] run 'gauge config runner_connection_timeout' and verify that it is < 3502
26-12-2022 21:04:19.695 [java] [DEBUG] starting gRPC server...
26-12-2022 21:04:19.933 [java] [DEBUG] Scanning packages for steps
26-12-2022 21:04:19.972 [java] [DEBUG] Comparing 'page.FlyPage.clickStepButton' and 'page.FlyPage.clickStepButton'
26-12-2022 21:04:19.972 [java] [DEBUG] Found {} xpath li elemente tıklanır in current project scope.
26-12-2022 21:04:19.973 [java] [DEBUG] Comparing 'page.HomePage.asdasd' and 'page.HomePage.asdasd'
26-12-2022 21:04:19.973 [java] [DEBUG] Found asffasf in current project scope.
26-12-2022 21:04:19.974 [java] [DEBUG] Comparing 'page.FlyPage.selectFlightDate' and 'page.FlyPage.selectFlightDate'
26-12-2022 21:04:19.974 [java] [DEBUG] Found Bugünün tarihi +7 gün seçilir. in current project scope.
26-12-2022 21:04:19.974 [java] [DEBUG] Comparing 'page.FlyPage.selectFlyType' and 'page.FlyPage.selectFlyType'
26-12-2022 21:04:19.974 [java] [DEBUG] Found {} Seyahat Tipi 'One Way' Seçilir in current project scope.
26-12-2022 21:04:19.974 [java] [DEBUG] Comparing 'page.FlyPage.randomSelectFly' and 'page.FlyPage.randomSelectFly'
26-12-2022 21:04:19.974 [java] [DEBUG] Found {} 'li uçuşlardan rastgele seç ve {} ile {} değerlerini kaydet in current project scope.
26-12-2022 21:04:19.974 [java] [DEBUG] Comparing 'page.FlyPage.lastDataFlyHours' and 'page.FlyPage.lastDataFlyHours'
26-12-2022 21:04:19.975 [java] [DEBUG] Found {} ile {} sondaki uçuş saatleri verileri in current project scope.
26-12-2022 21:04:19.975 [java] [DEBUG] Comparing 'page.HomePage.clickStepButton' and 'page.HomePage.clickStepButton'
26-12-2022 21:04:19.975 [java] [DEBUG] Found {} id li elemente tıklanır in current project scope.
26-12-2022 21:04:19.975 [java] [DEBUG] Comparing 'page.FlyPage.selectFlightLocation' and 'page.FlyPage.selectFlightLocation'
26-12-2022 21:04:19.975 [java] [DEBUG] Found {}{} Uçuş havalimanı {} Seçilir {} in current project scope.
26-12-2022 21:04:19.975 [java] [DEBUG] Comparing 'page.HomePage.checkOpenApp' and 'page.HomePage.checkOpenApp'
26-12-2022 21:04:19.975 [java] [DEBUG] Found {} id li element bulunur ve görünür mü kontrol edilir in current project scope.
26-12-2022 21:04:19.975 [java] [DEBUG] Scanning packages for hooks
26-12-2022 21:04:19.987 [java] [DEBUG] Scanned steps (using static parsing + reflections): 
26-12-2022 21:04:19.987 [java] [DEBUG] 	Bugünün tarihi +7 gün seçilir. : public void selectFlightDate()
26-12-2022 21:04:19.987 [java] [DEBUG] 	{} id li element bulunur ve görünür mü kontrol edilir : public void checkOpenApp(String id)
26-12-2022 21:04:19.987 [java] [DEBUG] 	{} Seyahat Tipi 'One Way' Seçilir : public void selectFlyType(String xpath)
26-12-2022 21:04:19.987 [java] [DEBUG] 	asffasf : public void asdasd()
26-12-2022 21:04:19.987 [java] [DEBUG] 	{} id li elemente tıklanır : public void clickStepButton(String id)
26-12-2022 21:04:19.988 [java] [DEBUG] 	{} xpath li elemente tıklanır : public void clickStepButton(String xpath)
26-12-2022 21:04:19.988 [java] [DEBUG] 	{} 'li uçuşlardan rastgele seç ve {} ile {} değerlerini kaydet : public void randomSelectFly(String xpath, String departurePath, String arrivalPath)
26-12-2022 21:04:19.988 [java] [DEBUG] 	{} ile {} sondaki uçuş saatleri verileri : public void lastDataFlyHours(String departurePath, String arrivalPath)
26-12-2022 21:04:19.988 [java] [DEBUG] 	{}{} Uçuş havalimanı {} Seçilir {} : public void selectFlightLocation(String id, String id1, String text, String xpath)
26-12-2022 21:04:20.204 [java] [DEBUG] started gRPC server on port 54092
26-12-2022 21:04:20.204 [Gauge] [DEBUG] Attempting to connect to grpc server at port: 54092
26-12-2022 21:04:20.335 [Gauge] [DEBUG] Successfully made the connection with runner with port: 54092
26-12-2022 21:04:20.335 [Gauge] [DEBUG] Validation started.
26-12-2022 21:04:21.211 [Gauge] [DEBUG] Validation completed.
26-12-2022 21:04:21.218 [Gauge] [DEBUG] Run started
26-12-2022 21:04:21.220 [Gauge] [DEBUG] Starting Html Report plugin
26-12-2022 21:04:21.275 [html-report] [DEBUG] Setting MaxRecvMsgSize = 1024 MB
26-12-2022 21:04:21.275 [Gauge] [DEBUG] Attempting to connect to grpc server at port: 54095
26-12-2022 21:04:21.276 [Gauge] [DEBUG] Successfully made the connection with plugin with port: 54095
26-12-2022 21:04:21.276 [Gauge] [DEBUG] Initialising suite data store.
26-12-2022 21:04:21.356 [java] [INFO] 2022-12-26 21:04:21,350 +03:00 INFO  b.BaseTest:30 setup - !!!!!!!!!!! Localde test başlıyor !!!!!!!!!!
26-12-2022 21:04:21.357 [java] [INFO] 2022-12-26 21:04:21,356 +03:00 INFO  b.BaseTest:33 setup - !!!!!!!!!!! Localde Android  testi başlıyor !!!!!!!!!!
26-12-2022 21:04:35.788 [java] [ERROR] Dec 26, 2022 9:04:35 PM io.appium.java_client.remote.AppiumCommandExecutor$1 lambda$0
26-12-2022 21:04:35.789 [java] [ERROR] INFO: Detected dialect: W3C
26-12-2022 21:04:35.880 [java] [DEBUG] Executing '{} id li element bulunur ve görünür mü kontrol edilir' using 'class page.HomePage.checkOpenApp
26-12-2022 21:04:38.884 [html-report] [DEBUG] Transformed SuiteResult to report structure
26-12-2022 21:04:39.235 [html-report] [INFO] Successfully generated html-report to => C:\Users\testinium\Desktop\Example\QatarAirwaysProject\reports\html-report\index.html
26-12-2022 21:04:39.235 [html-report] [DEBUG] Done generating HTML report using theme from C:\Users\testinium\AppData\Roaming\gauge\plugins\html-report\4.2.0\themes\default
26-12-2022 21:04:39.242 [Gauge] [DEBUG] Sending kill message to Html Report plugin.
26-12-2022 21:04:39.267 [java] [DEBUG] Killing Java runner...
26-12-2022 21:04:39.273 [java] [DEBUG] Stopping execution pool...
26-12-2022 21:04:39.273 [java] [DEBUG] Shutting down grpc server...
26-12-2022 21:04:39.293 [java] [DEBUG] Runner killed gracefully.
26-12-2022 21:04:40.163 [Gauge] [DEBUG] Runner with PID:11932 has exited
26-12-2022 21:04:40.163 [Gauge] [INFO] Specifications:	1 executed	0 passed	1 failed	0 skipped
26-12-2022 21:04:40.163 [Gauge] [INFO] Scenarios:	1 executed	0 passed	1 failed	0 skipped
26-12-2022 21:04:40.164 [Gauge] [INFO] 
Total time taken: 17.66s
26-12-2022 21:19:29.612 [Gauge] [DEBUG] Created gauge_screenshots_dir at C:\Users\testinium\Desktop\Example\QatarAirwaysProject\.gauge\screenshots
26-12-2022 21:19:29.646 [Gauge] [DEBUG] Plugin html-report is already installed.
26-12-2022 21:19:29.655 [Gauge] [DEBUG] Plugin java is already installed.
26-12-2022 21:19:29.657 [Gauge] [DEBUG] Parsing started.
26-12-2022 21:19:29.659 [Gauge] [DEBUG] Started concepts parsing.
26-12-2022 21:19:29.686 [Gauge] [DEBUG] 11 concepts parsing completed.
26-12-2022 21:19:29.686 [Gauge] [DEBUG] Started specifications parsing.
26-12-2022 21:19:29.690 [Gauge] [DEBUG] 1 specifications parsing completed.
26-12-2022 21:19:29.691 [Gauge] [DEBUG] Parsing completed.
26-12-2022 21:19:29.817 [java] [DEBUG] ***** Printing Properties/Env Values *****
26-12-2022 21:19:29.817 [java] [DEBUG] PATH: C:\Program Files\Common Files\Oracle\Java\javapath_target_204140046;C:\WINDOWS\system32;C:\WINDOWS;C:\WINDOWS\System32\Wbem;C:\WINDOWS\System32\WindowsPowerShell\v1.0\;C:\WINDOWS\System32\OpenSSH\;C:\Program Files (x86)\Intel\Intel(R) Management Engine Components\DAL;C:\Program Files\Intel\Intel(R) Management Engine Components\DAL;C:\Program Files\nodejs\;C:\Program Files\Maven\apache-maven-3.8.6\bin;C:\Program Files\Git\cmd;C:\Program Files\Gauge\bin;C:\WINDOWS\system32;C:\WINDOWS;C:\WINDOWS\System32\Wbem;C:\WINDOWS\System32\WindowsPowerShell\v1.0\;C:\WINDOWS\System32\OpenSSH\;C:\Program Files (x86)\Micro Focus\Unified Functional Testing\bin;C:\Users\testinium\AppData\Local\Android\Sdk\platform-tools;C:\Users\testinium\AppData\Local\Android\Sdk\tools;C:\Users\testinium\AppData\Local\Android\Sdk\build-tools;C:\Users\testinium\AppData\Local\Microsoft\WindowsApps;C:\Users\testinium\AppData\Roaming\npm;C:\Users\testinium\AppData\Roaming\gauge\plugins\screenshot\0.1.0
26-12-2022 21:19:29.817 [java] [DEBUG] JAVA_HOME: C:\Program Files\Java\jdk-11.0.16.1
26-12-2022 21:19:29.817 [java] [DEBUG] gauge_project_root: C:\Users\testinium\Desktop\Example\QatarAirwaysProject
26-12-2022 21:19:29.817 [java] [DEBUG] gauge_parallel_streams_count: 8
26-12-2022 21:19:29.817 [java] [DEBUG] gauge_reports_dir: reports
26-12-2022 21:19:29.817 [java] [DEBUG] overwrite_reports: true
26-12-2022 21:19:29.817 [java] [DEBUG] logs_directory: logs
26-12-2022 21:19:29.817 [java] [DEBUG] enable_multithreading: false
26-12-2022 21:19:29.817 [java] [DEBUG] gauge_specs_dir: specs
26-12-2022 21:19:29.817 [java] [DEBUG] csv_delimiter: ,
26-12-2022 21:19:29.817 [java] [DEBUG] gauge_java_home: 
26-12-2022 21:19:29.817 [java] [DEBUG] gauge_custom_build_path: 
26-12-2022 21:19:29.817 [java] [DEBUG] gauge_additional_libs: libs/*
26-12-2022 21:19:29.817 [java] [DEBUG] gauge_jvm_args: 
26-12-2022 21:19:29.817 [java] [DEBUG] gauge_custom_compile_dir: 
26-12-2022 21:19:29.817 [java] [DEBUG] gauge_clear_state_level: scenario
26-12-2022 21:19:29.817 [java] [DEBUG] ***** END *****
26-12-2022 21:19:30.145 [Gauge] [DEBUG] Checking updates...
26-12-2022 21:19:30.147 [Gauge] [DEBUG] Downloading https://downloads.gauge.org/plugin/html-report?l=java&p=html-report,java,screenshot,spectacle,xml-report&o=windows&a=amd64
26-12-2022 21:19:30.439 [Gauge] [DEBUG] Downloading https://downloads.gauge.org/plugin/java?l=java&p=html-report,java,screenshot,spectacle,xml-report&o=windows&a=amd64
26-12-2022 21:19:30.554 [Gauge] [DEBUG] Downloading https://downloads.gauge.org/plugin/screenshot?l=java&p=html-report,java,screenshot,spectacle,xml-report&o=windows&a=amd64
26-12-2022 21:19:30.626 [Gauge] [DEBUG] Downloading https://downloads.gauge.org/plugin/spectacle?l=java&p=html-report,java,screenshot,spectacle,xml-report&o=windows&a=amd64
26-12-2022 21:19:30.716 [Gauge] [DEBUG] Downloading https://downloads.gauge.org/plugin/xml-report?l=java&p=html-report,java,screenshot,spectacle,xml-report&o=windows&a=amd64
26-12-2022 21:19:34.460 [java] [DEBUG] classpath set to C:\Program Files\Java\jdk-11.0.16.1!\java.base;C:\Program Files\Java\jdk-11.0.16.1!\java.compiler;C:\Program Files\Java\jdk-11.0.16.1!\java.datatransfer;C:\Program Files\Java\jdk-11.0.16.1!\java.desktop;C:\Program Files\Java\jdk-11.0.16.1!\java.instrument;C:\Program Files\Java\jdk-11.0.16.1!\java.logging;C:\Program Files\Java\jdk-11.0.16.1!\java.management;C:\Program Files\Java\jdk-11.0.16.1!\java.management.rmi;C:\Program Files\Java\jdk-11.0.16.1!\java.naming;C:\Program Files\Java\jdk-11.0.16.1!\java.net.http;C:\Program Files\Java\jdk-11.0.16.1!\java.prefs;C:\Program Files\Java\jdk-11.0.16.1!\java.rmi;C:\Program Files\Java\jdk-11.0.16.1!\java.scripting;C:\Program Files\Java\jdk-11.0.16.1!\java.se;C:\Program Files\Java\jdk-11.0.16.1!\java.security.jgss;C:\Program Files\Java\jdk-11.0.16.1!\java.security.sasl;C:\Program Files\Java\jdk-11.0.16.1!\java.smartcardio;C:\Program Files\Java\jdk-11.0.16.1!\java.sql;C:\Program Files\Java\jdk-11.0.16.1!\java.sql.rowset;C:\Program Files\Java\jdk-11.0.16.1!\java.transaction.xa;C:\Program Files\Java\jdk-11.0.16.1!\java.xml;C:\Program Files\Java\jdk-11.0.16.1!\java.xml.crypto;C:\Program Files\Java\jdk-11.0.16.1!\jdk.accessibility;C:\Program Files\Java\jdk-11.0.16.1!\jdk.attach;C:\Program Files\Java\jdk-11.0.16.1!\jdk.charsets;C:\Program Files\Java\jdk-11.0.16.1!\jdk.compiler;C:\Program Files\Java\jdk-11.0.16.1!\jdk.crypto.cryptoki;C:\Program Files\Java\jdk-11.0.16.1!\jdk.crypto.ec;C:\Program Files\Java\jdk-11.0.16.1!\jdk.crypto.mscapi;C:\Program Files\Java\jdk-11.0.16.1!\jdk.dynalink;C:\Program Files\Java\jdk-11.0.16.1!\jdk.editpad;C:\Program Files\Java\jdk-11.0.16.1!\jdk.hotspot.agent;C:\Program Files\Java\jdk-11.0.16.1!\jdk.httpserver;C:\Program Files\Java\jdk-11.0.16.1!\jdk.internal.ed;C:\Program Files\Java\jdk-11.0.16.1!\jdk.internal.jvmstat;C:\Program Files\Java\jdk-11.0.16.1!\jdk.internal.le;C:\Program Files\Java\jdk-11.0.16.1!\jdk.internal.opt;C:\Program Files\Java\jdk-11.0.16.1!\jdk.internal.vm.ci;C:\Program Files\Java\jdk-11.0.16.1!\jdk.internal.vm.compiler;C:\Program Files\Java\jdk-11.0.16.1!\jdk.internal.vm.compiler.management;C:\Program Files\Java\jdk-11.0.16.1!\jdk.jartool;C:\Program Files\Java\jdk-11.0.16.1!\jdk.javadoc;C:\Program Files\Java\jdk-11.0.16.1!\jdk.jcmd;C:\Program Files\Java\jdk-11.0.16.1!\jdk.jconsole;C:\Program Files\Java\jdk-11.0.16.1!\jdk.jdeps;C:\Program Files\Java\jdk-11.0.16.1!\jdk.jdi;C:\Program Files\Java\jdk-11.0.16.1!\jdk.jdwp.agent;C:\Program Files\Java\jdk-11.0.16.1!\jdk.jfr;C:\Program Files\Java\jdk-11.0.16.1!\jdk.jlink;C:\Program Files\Java\jdk-11.0.16.1!\jdk.jshell;C:\Program Files\Java\jdk-11.0.16.1!\jdk.jsobject;C:\Program Files\Java\jdk-11.0.16.1!\jdk.jstatd;C:\Program Files\Java\jdk-11.0.16.1!\jdk.localedata;C:\Program Files\Java\jdk-11.0.16.1!\jdk.management;C:\Program Files\Java\jdk-11.0.16.1!\jdk.management.agent;C:\Program Files\Java\jdk-11.0.16.1!\jdk.management.jfr;C:\Program Files\Java\jdk-11.0.16.1!\jdk.naming.dns;C:\Program Files\Java\jdk-11.0.16.1!\jdk.naming.ldap;C:\Program Files\Java\jdk-11.0.16.1!\jdk.naming.rmi;C:\Program Files\Java\jdk-11.0.16.1!\jdk.net;C:\Program Files\Java\jdk-11.0.16.1!\jdk.pack;C:\Program Files\Java\jdk-11.0.16.1!\jdk.rmic;C:\Program Files\Java\jdk-11.0.16.1!\jdk.scripting.nashorn;C:\Program Files\Java\jdk-11.0.16.1!\jdk.scripting.nashorn.shell;C:\Program Files\Java\jdk-11.0.16.1!\jdk.sctp;C:\Program Files\Java\jdk-11.0.16.1!\jdk.security.auth;C:\Program Files\Java\jdk-11.0.16.1!\jdk.security.jgss;C:\Program Files\Java\jdk-11.0.16.1!\jdk.unsupported;C:\Program Files\Java\jdk-11.0.16.1!\jdk.unsupported.desktop;C:\Program Files\Java\jdk-11.0.16.1!\jdk.xml.dom;C:\Program Files\Java\jdk-11.0.16.1!\jdk.zipfs;C:\Users\testinium\Desktop\Example\QatarAirwaysProject\target\test-classes;C:\Users\testinium\.m2\repository\junit\junit\4.12\junit-4.12.jar;C:\Users\testinium\.m2\repository\org\hamcrest\hamcrest-core\1.3\hamcrest-core-1.3.jar;C:\Users\testinium\.m2\repository\com\thoughtworks\gauge\gauge-java\0.9.1\gauge-java-0.9.1.jar;C:\Users\testinium\.m2\repository\org\assertj\assertj-core\3.22.0\assertj-core-3.22.0.jar;C:\Users\testinium\.m2\repository\org\reflections\reflections\0.10.2\reflections-0.10.2.jar;C:\Users\testinium\.m2\repository\org\javassist\javassist\3.28.0-GA\javassist-3.28.0-GA.jar;C:\Users\testinium\.m2\repository\com\google\code\findbugs\jsr305\3.0.2\jsr305-3.0.2.jar;C:\Users\testinium\.m2\repository\com\github\javaparser\javaparser-core\3.16.3\javaparser-core-3.16.3.jar;C:\Users\testinium\.m2\repository\commons-io\commons-io\2.11.0\commons-io-2.11.0.jar;C:\Users\testinium\.m2\repository\commons-lang\commons-lang\2.6\commons-lang-2.6.jar;C:\Users\testinium\.m2\repository\org\json\json\20220320\json-20220320.jar;C:\Users\testinium\.m2\repository\com\google\protobuf\protobuf-java\3.19.4\protobuf-java-3.19.4.jar;C:\Users\testinium\.m2\repository\com\google\guava\guava\31.0.1-jre\guava-31.0.1-jre.jar;C:\Users\testinium\.m2\repository\com\google\guava\failureaccess\1.0.1\failureaccess-1.0.1.jar;C:\Users\testinium\.m2\repository\com\google\guava\listenablefuture\9999.0-empty-to-avoid-conflict-with-guava\listenablefuture-9999.0-empty-to-avoid-conflict-with-guava.jar;C:\Users\testinium\.m2\repository\org\checkerframework\checker-qual\3.12.0\checker-qual-3.12.0.jar;C:\Users\testinium\.m2\repository\com\google\errorprone\error_prone_annotations\2.7.1\error_prone_annotations-2.7.1.jar;C:\Users\testinium\.m2\repository\com\google\j2objc\j2objc-annotations\1.3\j2objc-annotations-1.3.jar;C:\Users\testinium\.m2\repository\io\grpc\grpc-netty-shaded\1.41.2\grpc-netty-shaded-1.41.2.jar;C:\Users\testinium\.m2\repository\io\perfmark\perfmark-api\0.23.0\perfmark-api-0.23.0.jar;C:\Users\testinium\.m2\repository\io\grpc\grpc-core\1.41.2\grpc-core-1.41.2.jar;C:\Users\testinium\.m2\repository\com\google\android\annotations\4.1.1.4\annotations-4.1.1.4.jar;C:\Users\testinium\.m2\repository\org\codehaus\mojo\animal-sniffer-annotations\1.19\animal-sniffer-annotations-1.19.jar;C:\Users\testinium\.m2\repository\io\grpc\grpc-protobuf\1.41.2\grpc-protobuf-1.41.2.jar;C:\Users\testinium\.m2\repository\io\grpc\grpc-api\1.41.2\grpc-api-1.41.2.jar;C:\Users\testinium\.m2\repository\io\grpc\grpc-context\1.41.2\grpc-context-1.41.2.jar;C:\Users\testinium\.m2\repository\com\google\api\grpc\proto-google-common-protos\2.0.1\proto-google-common-protos-2.0.1.jar;C:\Users\testinium\.m2\repository\io\grpc\grpc-protobuf-lite\1.41.2\grpc-protobuf-lite-1.41.2.jar;C:\Users\testinium\.m2\repository\io\grpc\grpc-stub\1.41.2\grpc-stub-1.41.2.jar;C:\Users\testinium\.m2\repository\javax\annotation\javax.annotation-api\1.3.2\javax.annotation-api-1.3.2.jar;C:\Users\testinium\.m2\repository\io\appium\java-client\7.3.0\java-client-7.3.0.jar;C:\Users\testinium\.m2\repository\org\seleniumhq\selenium\selenium-java\3.141.59\selenium-java-3.141.59.jar;C:\Users\testinium\.m2\repository\org\seleniumhq\selenium\selenium-chrome-driver\3.141.59\selenium-chrome-driver-3.141.59.jar;C:\Users\testinium\.m2\repository\org\seleniumhq\selenium\selenium-edge-driver\3.141.59\selenium-edge-driver-3.141.59.jar;C:\Users\testinium\.m2\repository\org\seleniumhq\selenium\selenium-firefox-driver\3.141.59\selenium-firefox-driver-3.141.59.jar;C:\Users\testinium\.m2\repository\org\seleniumhq\selenium\selenium-ie-driver\3.141.59\selenium-ie-driver-3.141.59.jar;C:\Users\testinium\.m2\repository\org\seleniumhq\selenium\selenium-opera-driver\3.141.59\selenium-opera-driver-3.141.59.jar;C:\Users\testinium\.m2\repository\org\seleniumhq\selenium\selenium-remote-driver\3.141.59\selenium-remote-driver-3.141.59.jar;C:\Users\testinium\.m2\repository\org\seleniumhq\selenium\selenium-safari-driver\3.141.59\selenium-safari-driver-3.141.59.jar;C:\Users\testinium\.m2\repository\net\bytebuddy\byte-buddy\1.8.15\byte-buddy-1.8.15.jar;C:\Users\testinium\.m2\repository\org\apache\commons\commons-exec\1.3\commons-exec-1.3.jar;C:\Users\testinium\.m2\repository\com\squareup\okhttp3\okhttp\3.11.0\okhttp-3.11.0.jar;C:\Users\testinium\.m2\repository\com\squareup\okio\okio\1.14.0\okio-1.14.0.jar;C:\Users\testinium\.m2\repository\org\seleniumhq\selenium\selenium-support\3.141.59\selenium-support-3.141.59.jar;C:\Users\testinium\.m2\repository\org\seleniumhq\selenium\selenium-api\3.141.59\selenium-api-3.141.59.jar;C:\Users\testinium\.m2\repository\com\google\code\gson\gson\2.8.5\gson-2.8.5.jar;C:\Users\testinium\.m2\repository\org\apache\httpcomponents\httpclient\4.5.9\httpclient-4.5.9.jar;C:\Users\testinium\.m2\repository\org\apache\httpcomponents\httpcore\4.4.11\httpcore-4.4.11.jar;C:\Users\testinium\.m2\repository\commons-logging\commons-logging\1.2\commons-logging-1.2.jar;C:\Users\testinium\.m2\repository\commons-codec\commons-codec\1.11\commons-codec-1.11.jar;C:\Users\testinium\.m2\repository\cglib\cglib\3.2.12\cglib-3.2.12.jar;C:\Users\testinium\.m2\repository\org\ow2\asm\asm\7.1\asm-7.1.jar;C:\Users\testinium\.m2\repository\commons-validator\commons-validator\1.6\commons-validator-1.6.jar;C:\Users\testinium\.m2\repository\commons-beanutils\commons-beanutils\1.9.2\commons-beanutils-1.9.2.jar;C:\Users\testinium\.m2\repository\commons-digester\commons-digester\1.8.1\commons-digester-1.8.1.jar;C:\Users\testinium\.m2\repository\commons-collections\commons-collections\3.2.2\commons-collections-3.2.2.jar;C:\Users\testinium\.m2\repository\org\apache\commons\commons-lang3\3.9\commons-lang3-3.9.jar;C:\Users\testinium\.m2\repository\org\springframework\spring-context\5.1.8.RELEASE\spring-context-5.1.8.RELEASE.jar;C:\Users\testinium\.m2\repository\org\springframework\spring-aop\5.1.8.RELEASE\spring-aop-5.1.8.RELEASE.jar;C:\Users\testinium\.m2\repository\org\springframework\spring-beans\5.1.8.RELEASE\spring-beans-5.1.8.RELEASE.jar;C:\Users\testinium\.m2\repository\org\springframework\spring-core\5.1.8.RELEASE\spring-core-5.1.8.RELEASE.jar;C:\Users\testinium\.m2\repository\org\springframework\spring-jcl\5.1.8.RELEASE\spring-jcl-5.1.8.RELEASE.jar;C:\Users\testinium\.m2\repository\org\springframework\spring-expression\5.1.8.RELEASE\spring-expression-5.1.8.RELEASE.jar;C:\Users\testinium\.m2\repository\org\aspectj\aspectjweaver\1.9.4\aspectjweaver-1.9.4.jar;C:\Users\testinium\.m2\repository\org\slf4j\slf4j-api\1.7.30\slf4j-api-1.7.30.jar;C:\Users\testinium\.m2\repository\org\apache\logging\log4j\log4j-core\2.17.1\log4j-core-2.17.1.jar;C:\Users\testinium\.m2\repository\org\apache\logging\log4j\log4j-api\2.17.1\log4j-api-2.17.1.jar
26-12-2022 21:19:34.538 [java] [DEBUG] found java executable in C:\Program Files\Java\jdk-11.0.16.1\bin\java.exe
26-12-2022 21:19:34.538 [java] [DEBUG] running - C:\Program Files\Java\jdk-11.0.16.1\bin\java.exe [-Dfile.encoding=UTF-8 com.thoughtworks.gauge.GaugeRuntime --start]
26-12-2022 21:19:34.539 [java] [DEBUG] stdout/stderr is logged to logs\9620-java.exe.out
26-12-2022 21:19:34.830 [java] [DEBUG] multithreading is set to false
26-12-2022 21:19:35.344 [java] [DEBUG] Using reflection to scan dependencies for gauge implementations...
26-12-2022 21:19:35.489 [java] [ERROR] SLF4J: Failed to load class "org.slf4j.impl.StaticLoggerBinder".
26-12-2022 21:19:35.489 [java] [ERROR] SLF4J: Defaulting to no-operation (NOP) logger implementation
26-12-2022 21:19:35.489 [java] [ERROR] SLF4J: See http://www.slf4j.org/codes.html#StaticLoggerBinder for further details.
26-12-2022 21:19:40.435 [java] [DEBUG] gauge-java took 5599milliseconds to load and scan. This should be less than 'runner_connection_timeout' config value.
26-12-2022 21:19:40.435 [java] [DEBUG] run 'gauge config runner_connection_timeout' and verify that it is < 5599
26-12-2022 21:19:40.435 [java] [DEBUG] starting gRPC server...
26-12-2022 21:19:40.670 [java] [DEBUG] Scanning packages for steps
26-12-2022 21:19:40.746 [java] [DEBUG] Comparing 'page.FlyPage.clickStepButton' and 'page.FlyPage.clickStepButton'
26-12-2022 21:19:40.746 [java] [DEBUG] Found {} xpath li elemente tıklanır in current project scope.
26-12-2022 21:19:40.747 [java] [DEBUG] Comparing 'page.FlyPage.selectFlightDate' and 'page.FlyPage.selectFlightDate'
26-12-2022 21:19:40.747 [java] [DEBUG] Found Bugünün tarihi +7 gün seçilir. in current project scope.
26-12-2022 21:19:40.747 [java] [DEBUG] Comparing 'page.FlyPage.randomSelectFly' and 'page.FlyPage.randomSelectFly'
26-12-2022 21:19:40.747 [java] [DEBUG] Found {} 'li uçuşlardan rastgele seç ve {} ile {} değerlerini kaydet in current project scope.
26-12-2022 21:19:40.747 [java] [DEBUG] Comparing 'page.FlyPage.lastDataFlyHours' and 'page.FlyPage.lastDataFlyHours'
26-12-2022 21:19:40.747 [java] [DEBUG] Found {} ile {} sondaki uçuş saatleri verileri in current project scope.
26-12-2022 21:19:40.747 [java] [DEBUG] Comparing 'page.HomePage.clickStepButton' and 'page.HomePage.clickStepButton'
26-12-2022 21:19:40.747 [java] [DEBUG] Found {} id li elemente tıklanır in current project scope.
26-12-2022 21:19:40.747 [java] [DEBUG] Comparing 'page.FlyPage.sendKeyById' and 'page.FlyPage.sendKeyById'
26-12-2022 21:19:40.747 [java] [DEBUG] Found {} id li elemente tıkla {} değerini gir in current project scope.
26-12-2022 21:19:40.748 [java] [DEBUG] Comparing 'page.HomePage.checkOpenApp' and 'page.HomePage.checkOpenApp'
26-12-2022 21:19:40.748 [java] [DEBUG] Found {} id li element bulunur ve görünür mü kontrol edilir in current project scope.
26-12-2022 21:19:40.749 [java] [DEBUG] Scanning packages for hooks
26-12-2022 21:19:40.778 [java] [DEBUG] Scanned steps (using static parsing + reflections): 
26-12-2022 21:19:40.779 [java] [DEBUG] 	Bugünün tarihi +7 gün seçilir. : public void selectFlightDate()
26-12-2022 21:19:40.779 [java] [DEBUG] 	{} id li element bulunur ve görünür mü kontrol edilir : public void checkOpenApp(String id)
26-12-2022 21:19:40.779 [java] [DEBUG] 	{} id li elemente tıklanır : public void clickStepButton(String id)
26-12-2022 21:19:40.779 [java] [DEBUG] 	{} xpath li elemente tıklanır : public void clickStepButton(String xpath)
26-12-2022 21:19:40.780 [java] [DEBUG] 	{} id li elemente tıkla {} değerini gir : public void sendKeyById(String id, String text)
26-12-2022 21:19:40.780 [java] [DEBUG] 	{} 'li uçuşlardan rastgele seç ve {} ile {} değerlerini kaydet : public void randomSelectFly(String xpath, String departurePath, String arrivalPath)
26-12-2022 21:19:40.780 [java] [DEBUG] 	{} ile {} sondaki uçuş saatleri verileri : public void lastDataFlyHours(String departurePath, String arrivalPath)
26-12-2022 21:19:41.312 [java] [DEBUG] started gRPC server on port 49866
26-12-2022 21:19:41.312 [Gauge] [DEBUG] Attempting to connect to grpc server at port: 49866
26-12-2022 21:19:41.523 [Gauge] [DEBUG] Successfully made the connection with runner with port: 49866
26-12-2022 21:19:41.523 [Gauge] [DEBUG] Validation started.
26-12-2022 21:19:43.626 [Gauge] [DEBUG] Validation completed.
26-12-2022 21:19:43.628 [Gauge] [DEBUG] Run started
26-12-2022 21:19:43.631 [Gauge] [DEBUG] Starting Html Report plugin
26-12-2022 21:19:43.688 [html-report] [DEBUG] Setting MaxRecvMsgSize = 1024 MB
26-12-2022 21:19:43.688 [Gauge] [DEBUG] Attempting to connect to grpc server at port: 49869
26-12-2022 21:19:43.689 [Gauge] [DEBUG] Successfully made the connection with plugin with port: 49869
26-12-2022 21:19:43.689 [Gauge] [DEBUG] Initialising suite data store.
26-12-2022 21:19:43.799 [java] [INFO] 2022-12-26 21:19:43,792 +03:00 INFO  b.BaseTest:30 setup - !!!!!!!!!!! Localde test başlıyor !!!!!!!!!!
26-12-2022 21:19:43.799 [java] [INFO] 2022-12-26 21:19:43,799 +03:00 INFO  b.BaseTest:33 setup - !!!!!!!!!!! Localde Android  testi başlıyor !!!!!!!!!!
26-12-2022 21:19:55.817 [java] [ERROR] Dec 26, 2022 9:19:55 PM io.appium.java_client.remote.AppiumCommandExecutor$1 lambda$0
26-12-2022 21:19:55.818 [java] [ERROR] INFO: Detected dialect: W3C
26-12-2022 21:19:55.962 [java] [DEBUG] Executing '{} id li element bulunur ve görünür mü kontrol edilir' using 'class page.HomePage.checkOpenApp
26-12-2022 21:19:59.189 [html-report] [DEBUG] Transformed SuiteResult to report structure
26-12-2022 21:19:59.481 [html-report] [INFO] Successfully generated html-report to => C:\Users\testinium\Desktop\Example\QatarAirwaysProject\reports\html-report\index.html
26-12-2022 21:19:59.481 [html-report] [DEBUG] Done generating HTML report using theme from C:\Users\testinium\AppData\Roaming\gauge\plugins\html-report\4.2.0\themes\default
26-12-2022 21:19:59.482 [Gauge] [DEBUG] Sending kill message to Html Report plugin.
26-12-2022 21:19:59.487 [java] [DEBUG] Killing Java runner...
26-12-2022 21:19:59.490 [java] [DEBUG] Stopping execution pool...
26-12-2022 21:19:59.490 [java] [DEBUG] Shutting down grpc server...
26-12-2022 21:19:59.513 [java] [DEBUG] Runner killed gracefully.
26-12-2022 21:20:00.376 [Gauge] [DEBUG] Runner with PID:9620 has exited
26-12-2022 21:20:00.376 [Gauge] [INFO] Specifications:	1 executed	0 passed	1 failed	0 skipped
26-12-2022 21:20:00.376 [Gauge] [INFO] Scenarios:	1 executed	0 passed	1 failed	0 skipped
26-12-2022 21:20:00.377 [Gauge] [INFO] 
Total time taken: 15.55s
26-12-2022 21:22:12.340 [Gauge] [DEBUG] Created gauge_screenshots_dir at C:\Users\testinium\Desktop\Example\QatarAirwaysProject\.gauge\screenshots
26-12-2022 21:22:12.343 [Gauge] [DEBUG] Plugin java is already installed.
26-12-2022 21:22:12.344 [Gauge] [DEBUG] Plugin html-report is already installed.
26-12-2022 21:22:12.346 [Gauge] [DEBUG] Parsing started.
26-12-2022 21:22:12.347 [Gauge] [DEBUG] Started concepts parsing.
26-12-2022 21:22:12.355 [Gauge] [DEBUG] 11 concepts parsing completed.
26-12-2022 21:22:12.355 [Gauge] [DEBUG] Started specifications parsing.
26-12-2022 21:22:12.357 [Gauge] [DEBUG] 1 specifications parsing completed.
26-12-2022 21:22:12.359 [Gauge] [DEBUG] Parsing completed.
26-12-2022 21:22:12.392 [java] [DEBUG] ***** Printing Properties/Env Values *****
26-12-2022 21:22:12.392 [java] [DEBUG] PATH: C:\Program Files\Common Files\Oracle\Java\javapath_target_204140046;C:\WINDOWS\system32;C:\WINDOWS;C:\WINDOWS\System32\Wbem;C:\WINDOWS\System32\WindowsPowerShell\v1.0\;C:\WINDOWS\System32\OpenSSH\;C:\Program Files (x86)\Intel\Intel(R) Management Engine Components\DAL;C:\Program Files\Intel\Intel(R) Management Engine Components\DAL;C:\Program Files\nodejs\;C:\Program Files\Maven\apache-maven-3.8.6\bin;C:\Program Files\Git\cmd;C:\Program Files\Gauge\bin;C:\WINDOWS\system32;C:\WINDOWS;C:\WINDOWS\System32\Wbem;C:\WINDOWS\System32\WindowsPowerShell\v1.0\;C:\WINDOWS\System32\OpenSSH\;C:\Program Files (x86)\Micro Focus\Unified Functional Testing\bin;C:\Users\testinium\AppData\Local\Android\Sdk\platform-tools;C:\Users\testinium\AppData\Local\Android\Sdk\tools;C:\Users\testinium\AppData\Local\Android\Sdk\build-tools;C:\Users\testinium\AppData\Local\Microsoft\WindowsApps;C:\Users\testinium\AppData\Roaming\npm;C:\Users\testinium\AppData\Roaming\gauge\plugins\screenshot\0.1.0
26-12-2022 21:22:12.392 [java] [DEBUG] JAVA_HOME: C:\Program Files\Java\jdk-11.0.16.1
26-12-2022 21:22:12.392 [java] [DEBUG] gauge_project_root: C:\Users\testinium\Desktop\Example\QatarAirwaysProject
26-12-2022 21:22:12.392 [java] [DEBUG] gauge_parallel_streams_count: 8
26-12-2022 21:22:12.392 [java] [DEBUG] gauge_reports_dir: reports
26-12-2022 21:22:12.392 [java] [DEBUG] overwrite_reports: true
26-12-2022 21:22:12.392 [java] [DEBUG] logs_directory: logs
26-12-2022 21:22:12.392 [java] [DEBUG] enable_multithreading: false
26-12-2022 21:22:12.392 [java] [DEBUG] gauge_specs_dir: specs
26-12-2022 21:22:12.392 [java] [DEBUG] csv_delimiter: ,
26-12-2022 21:22:12.392 [java] [DEBUG] gauge_java_home: 
26-12-2022 21:22:12.392 [java] [DEBUG] gauge_custom_build_path: 
26-12-2022 21:22:12.392 [java] [DEBUG] gauge_additional_libs: libs/*
26-12-2022 21:22:12.392 [java] [DEBUG] gauge_jvm_args: 
26-12-2022 21:22:12.392 [java] [DEBUG] gauge_custom_compile_dir: 
26-12-2022 21:22:12.392 [java] [DEBUG] gauge_clear_state_level: scenario
26-12-2022 21:22:12.392 [java] [DEBUG] ***** END *****
26-12-2022 21:22:12.722 [Gauge] [DEBUG] Checking updates...
26-12-2022 21:22:12.724 [Gauge] [DEBUG] Downloading https://downloads.gauge.org/plugin/html-report?l=java&p=html-report,java,screenshot,spectacle,xml-report&o=windows&a=amd64
26-12-2022 21:22:13.051 [Gauge] [DEBUG] Downloading https://downloads.gauge.org/plugin/java?l=java&p=html-report,java,screenshot,spectacle,xml-report&o=windows&a=amd64
26-12-2022 21:22:13.166 [Gauge] [DEBUG] Downloading https://downloads.gauge.org/plugin/screenshot?l=java&p=html-report,java,screenshot,spectacle,xml-report&o=windows&a=amd64
26-12-2022 21:22:13.254 [Gauge] [DEBUG] Downloading https://downloads.gauge.org/plugin/spectacle?l=java&p=html-report,java,screenshot,spectacle,xml-report&o=windows&a=amd64
26-12-2022 21:22:13.342 [Gauge] [DEBUG] Downloading https://downloads.gauge.org/plugin/xml-report?l=java&p=html-report,java,screenshot,spectacle,xml-report&o=windows&a=amd64
26-12-2022 21:22:16.948 [java] [DEBUG] classpath set to C:\Program Files\Java\jdk-11.0.16.1!\java.base;C:\Program Files\Java\jdk-11.0.16.1!\java.compiler;C:\Program Files\Java\jdk-11.0.16.1!\java.datatransfer;C:\Program Files\Java\jdk-11.0.16.1!\java.desktop;C:\Program Files\Java\jdk-11.0.16.1!\java.instrument;C:\Program Files\Java\jdk-11.0.16.1!\java.logging;C:\Program Files\Java\jdk-11.0.16.1!\java.management;C:\Program Files\Java\jdk-11.0.16.1!\java.management.rmi;C:\Program Files\Java\jdk-11.0.16.1!\java.naming;C:\Program Files\Java\jdk-11.0.16.1!\java.net.http;C:\Program Files\Java\jdk-11.0.16.1!\java.prefs;C:\Program Files\Java\jdk-11.0.16.1!\java.rmi;C:\Program Files\Java\jdk-11.0.16.1!\java.scripting;C:\Program Files\Java\jdk-11.0.16.1!\java.se;C:\Program Files\Java\jdk-11.0.16.1!\java.security.jgss;C:\Program Files\Java\jdk-11.0.16.1!\java.security.sasl;C:\Program Files\Java\jdk-11.0.16.1!\java.smartcardio;C:\Program Files\Java\jdk-11.0.16.1!\java.sql;C:\Program Files\Java\jdk-11.0.16.1!\java.sql.rowset;C:\Program Files\Java\jdk-11.0.16.1!\java.transaction.xa;C:\Program Files\Java\jdk-11.0.16.1!\java.xml;C:\Program Files\Java\jdk-11.0.16.1!\java.xml.crypto;C:\Program Files\Java\jdk-11.0.16.1!\jdk.accessibility;C:\Program Files\Java\jdk-11.0.16.1!\jdk.attach;C:\Program Files\Java\jdk-11.0.16.1!\jdk.charsets;C:\Program Files\Java\jdk-11.0.16.1!\jdk.compiler;C:\Program Files\Java\jdk-11.0.16.1!\jdk.crypto.cryptoki;C:\Program Files\Java\jdk-11.0.16.1!\jdk.crypto.ec;C:\Program Files\Java\jdk-11.0.16.1!\jdk.crypto.mscapi;C:\Program Files\Java\jdk-11.0.16.1!\jdk.dynalink;C:\Program Files\Java\jdk-11.0.16.1!\jdk.editpad;C:\Program Files\Java\jdk-11.0.16.1!\jdk.hotspot.agent;C:\Program Files\Java\jdk-11.0.16.1!\jdk.httpserver;C:\Program Files\Java\jdk-11.0.16.1!\jdk.internal.ed;C:\Program Files\Java\jdk-11.0.16.1!\jdk.internal.jvmstat;C:\Program Files\Java\jdk-11.0.16.1!\jdk.internal.le;C:\Program Files\Java\jdk-11.0.16.1!\jdk.internal.opt;C:\Program Files\Java\jdk-11.0.16.1!\jdk.internal.vm.ci;C:\Program Files\Java\jdk-11.0.16.1!\jdk.internal.vm.compiler;C:\Program Files\Java\jdk-11.0.16.1!\jdk.internal.vm.compiler.management;C:\Program Files\Java\jdk-11.0.16.1!\jdk.jartool;C:\Program Files\Java\jdk-11.0.16.1!\jdk.javadoc;C:\Program Files\Java\jdk-11.0.16.1!\jdk.jcmd;C:\Program Files\Java\jdk-11.0.16.1!\jdk.jconsole;C:\Program Files\Java\jdk-11.0.16.1!\jdk.jdeps;C:\Program Files\Java\jdk-11.0.16.1!\jdk.jdi;C:\Program Files\Java\jdk-11.0.16.1!\jdk.jdwp.agent;C:\Program Files\Java\jdk-11.0.16.1!\jdk.jfr;C:\Program Files\Java\jdk-11.0.16.1!\jdk.jlink;C:\Program Files\Java\jdk-11.0.16.1!\jdk.jshell;C:\Program Files\Java\jdk-11.0.16.1!\jdk.jsobject;C:\Program Files\Java\jdk-11.0.16.1!\jdk.jstatd;C:\Program Files\Java\jdk-11.0.16.1!\jdk.localedata;C:\Program Files\Java\jdk-11.0.16.1!\jdk.management;C:\Program Files\Java\jdk-11.0.16.1!\jdk.management.agent;C:\Program Files\Java\jdk-11.0.16.1!\jdk.management.jfr;C:\Program Files\Java\jdk-11.0.16.1!\jdk.naming.dns;C:\Program Files\Java\jdk-11.0.16.1!\jdk.naming.ldap;C:\Program Files\Java\jdk-11.0.16.1!\jdk.naming.rmi;C:\Program Files\Java\jdk-11.0.16.1!\jdk.net;C:\Program Files\Java\jdk-11.0.16.1!\jdk.pack;C:\Program Files\Java\jdk-11.0.16.1!\jdk.rmic;C:\Program Files\Java\jdk-11.0.16.1!\jdk.scripting.nashorn;C:\Program Files\Java\jdk-11.0.16.1!\jdk.scripting.nashorn.shell;C:\Program Files\Java\jdk-11.0.16.1!\jdk.sctp;C:\Program Files\Java\jdk-11.0.16.1!\jdk.security.auth;C:\Program Files\Java\jdk-11.0.16.1!\jdk.security.jgss;C:\Program Files\Java\jdk-11.0.16.1!\jdk.unsupported;C:\Program Files\Java\jdk-11.0.16.1!\jdk.unsupported.desktop;C:\Program Files\Java\jdk-11.0.16.1!\jdk.xml.dom;C:\Program Files\Java\jdk-11.0.16.1!\jdk.zipfs;C:\Users\testinium\Desktop\Example\QatarAirwaysProject\target\test-classes;C:\Users\testinium\.m2\repository\junit\junit\4.12\junit-4.12.jar;C:\Users\testinium\.m2\repository\org\hamcrest\hamcrest-core\1.3\hamcrest-core-1.3.jar;C:\Users\testinium\.m2\repository\com\thoughtworks\gauge\gauge-java\0.9.1\gauge-java-0.9.1.jar;C:\Users\testinium\.m2\repository\org\assertj\assertj-core\3.22.0\assertj-core-3.22.0.jar;C:\Users\testinium\.m2\repository\org\reflections\reflections\0.10.2\reflections-0.10.2.jar;C:\Users\testinium\.m2\repository\org\javassist\javassist\3.28.0-GA\javassist-3.28.0-GA.jar;C:\Users\testinium\.m2\repository\com\google\code\findbugs\jsr305\3.0.2\jsr305-3.0.2.jar;C:\Users\testinium\.m2\repository\com\github\javaparser\javaparser-core\3.16.3\javaparser-core-3.16.3.jar;C:\Users\testinium\.m2\repository\commons-io\commons-io\2.11.0\commons-io-2.11.0.jar;C:\Users\testinium\.m2\repository\commons-lang\commons-lang\2.6\commons-lang-2.6.jar;C:\Users\testinium\.m2\repository\org\json\json\20220320\json-20220320.jar;C:\Users\testinium\.m2\repository\com\google\protobuf\protobuf-java\3.19.4\protobuf-java-3.19.4.jar;C:\Users\testinium\.m2\repository\com\google\guava\guava\31.0.1-jre\guava-31.0.1-jre.jar;C:\Users\testinium\.m2\repository\com\google\guava\failureaccess\1.0.1\failureaccess-1.0.1.jar;C:\Users\testinium\.m2\repository\com\google\guava\listenablefuture\9999.0-empty-to-avoid-conflict-with-guava\listenablefuture-9999.0-empty-to-avoid-conflict-with-guava.jar;C:\Users\testinium\.m2\repository\org\checkerframework\checker-qual\3.12.0\checker-qual-3.12.0.jar;C:\Users\testinium\.m2\repository\com\google\errorprone\error_prone_annotations\2.7.1\error_prone_annotations-2.7.1.jar;C:\Users\testinium\.m2\repository\com\google\j2objc\j2objc-annotations\1.3\j2objc-annotations-1.3.jar;C:\Users\testinium\.m2\repository\io\grpc\grpc-netty-shaded\1.41.2\grpc-netty-shaded-1.41.2.jar;C:\Users\testinium\.m2\repository\io\perfmark\perfmark-api\0.23.0\perfmark-api-0.23.0.jar;C:\Users\testinium\.m2\repository\io\grpc\grpc-core\1.41.2\grpc-core-1.41.2.jar;C:\Users\testinium\.m2\repository\com\google\android\annotations\4.1.1.4\annotations-4.1.1.4.jar;C:\Users\testinium\.m2\repository\org\codehaus\mojo\animal-sniffer-annotations\1.19\animal-sniffer-annotations-1.19.jar;C:\Users\testinium\.m2\repository\io\grpc\grpc-protobuf\1.41.2\grpc-protobuf-1.41.2.jar;C:\Users\testinium\.m2\repository\io\grpc\grpc-api\1.41.2\grpc-api-1.41.2.jar;C:\Users\testinium\.m2\repository\io\grpc\grpc-context\1.41.2\grpc-context-1.41.2.jar;C:\Users\testinium\.m2\repository\com\google\api\grpc\proto-google-common-protos\2.0.1\proto-google-common-protos-2.0.1.jar;C:\Users\testinium\.m2\repository\io\grpc\grpc-protobuf-lite\1.41.2\grpc-protobuf-lite-1.41.2.jar;C:\Users\testinium\.m2\repository\io\grpc\grpc-stub\1.41.2\grpc-stub-1.41.2.jar;C:\Users\testinium\.m2\repository\javax\annotation\javax.annotation-api\1.3.2\javax.annotation-api-1.3.2.jar;C:\Users\testinium\.m2\repository\io\appium\java-client\7.3.0\java-client-7.3.0.jar;C:\Users\testinium\.m2\repository\org\seleniumhq\selenium\selenium-java\3.141.59\selenium-java-3.141.59.jar;C:\Users\testinium\.m2\repository\org\seleniumhq\selenium\selenium-chrome-driver\3.141.59\selenium-chrome-driver-3.141.59.jar;C:\Users\testinium\.m2\repository\org\seleniumhq\selenium\selenium-edge-driver\3.141.59\selenium-edge-driver-3.141.59.jar;C:\Users\testinium\.m2\repository\org\seleniumhq\selenium\selenium-firefox-driver\3.141.59\selenium-firefox-driver-3.141.59.jar;C:\Users\testinium\.m2\repository\org\seleniumhq\selenium\selenium-ie-driver\3.141.59\selenium-ie-driver-3.141.59.jar;C:\Users\testinium\.m2\repository\org\seleniumhq\selenium\selenium-opera-driver\3.141.59\selenium-opera-driver-3.141.59.jar;C:\Users\testinium\.m2\repository\org\seleniumhq\selenium\selenium-remote-driver\3.141.59\selenium-remote-driver-3.141.59.jar;C:\Users\testinium\.m2\repository\org\seleniumhq\selenium\selenium-safari-driver\3.141.59\selenium-safari-driver-3.141.59.jar;C:\Users\testinium\.m2\repository\net\bytebuddy\byte-buddy\1.8.15\byte-buddy-1.8.15.jar;C:\Users\testinium\.m2\repository\org\apache\commons\commons-exec\1.3\commons-exec-1.3.jar;C:\Users\testinium\.m2\repository\com\squareup\okhttp3\okhttp\3.11.0\okhttp-3.11.0.jar;C:\Users\testinium\.m2\repository\com\squareup\okio\okio\1.14.0\okio-1.14.0.jar;C:\Users\testinium\.m2\repository\org\seleniumhq\selenium\selenium-support\3.141.59\selenium-support-3.141.59.jar;C:\Users\testinium\.m2\repository\org\seleniumhq\selenium\selenium-api\3.141.59\selenium-api-3.141.59.jar;C:\Users\testinium\.m2\repository\com\google\code\gson\gson\2.8.5\gson-2.8.5.jar;C:\Users\testinium\.m2\repository\org\apache\httpcomponents\httpclient\4.5.9\httpclient-4.5.9.jar;C:\Users\testinium\.m2\repository\org\apache\httpcomponents\httpcore\4.4.11\httpcore-4.4.11.jar;C:\Users\testinium\.m2\repository\commons-logging\commons-logging\1.2\commons-logging-1.2.jar;C:\Users\testinium\.m2\repository\commons-codec\commons-codec\1.11\commons-codec-1.11.jar;C:\Users\testinium\.m2\repository\cglib\cglib\3.2.12\cglib-3.2.12.jar;C:\Users\testinium\.m2\repository\org\ow2\asm\asm\7.1\asm-7.1.jar;C:\Users\testinium\.m2\repository\commons-validator\commons-validator\1.6\commons-validator-1.6.jar;C:\Users\testinium\.m2\repository\commons-beanutils\commons-beanutils\1.9.2\commons-beanutils-1.9.2.jar;C:\Users\testinium\.m2\repository\commons-digester\commons-digester\1.8.1\commons-digester-1.8.1.jar;C:\Users\testinium\.m2\repository\commons-collections\commons-collections\3.2.2\commons-collections-3.2.2.jar;C:\Users\testinium\.m2\repository\org\apache\commons\commons-lang3\3.9\commons-lang3-3.9.jar;C:\Users\testinium\.m2\repository\org\springframework\spring-context\5.1.8.RELEASE\spring-context-5.1.8.RELEASE.jar;C:\Users\testinium\.m2\repository\org\springframework\spring-aop\5.1.8.RELEASE\spring-aop-5.1.8.RELEASE.jar;C:\Users\testinium\.m2\repository\org\springframework\spring-beans\5.1.8.RELEASE\spring-beans-5.1.8.RELEASE.jar;C:\Users\testinium\.m2\repository\org\springframework\spring-core\5.1.8.RELEASE\spring-core-5.1.8.RELEASE.jar;C:\Users\testinium\.m2\repository\org\springframework\spring-jcl\5.1.8.RELEASE\spring-jcl-5.1.8.RELEASE.jar;C:\Users\testinium\.m2\repository\org\springframework\spring-expression\5.1.8.RELEASE\spring-expression-5.1.8.RELEASE.jar;C:\Users\testinium\.m2\repository\org\aspectj\aspectjweaver\1.9.4\aspectjweaver-1.9.4.jar;C:\Users\testinium\.m2\repository\org\slf4j\slf4j-api\1.7.30\slf4j-api-1.7.30.jar;C:\Users\testinium\.m2\repository\org\apache\logging\log4j\log4j-core\2.17.1\log4j-core-2.17.1.jar;C:\Users\testinium\.m2\repository\org\apache\logging\log4j\log4j-api\2.17.1\log4j-api-2.17.1.jar
26-12-2022 21:22:16.999 [java] [DEBUG] found java executable in C:\Program Files\Java\jdk-11.0.16.1\bin\java.exe
26-12-2022 21:22:16.999 [java] [DEBUG] running - C:\Program Files\Java\jdk-11.0.16.1\bin\java.exe [-Dfile.encoding=UTF-8 com.thoughtworks.gauge.GaugeRuntime --start]
26-12-2022 21:22:16.999 [java] [DEBUG] stdout/stderr is logged to logs\28264-java.exe.out
26-12-2022 21:22:17.210 [java] [DEBUG] multithreading is set to false
26-12-2022 21:22:17.626 [java] [DEBUG] Using reflection to scan dependencies for gauge implementations...
26-12-2022 21:22:17.700 [java] [ERROR] SLF4J: Failed to load class "org.slf4j.impl.StaticLoggerBinder".
26-12-2022 21:22:17.700 [java] [ERROR] SLF4J: Defaulting to no-operation (NOP) logger implementation
26-12-2022 21:22:17.700 [java] [ERROR] SLF4J: See http://www.slf4j.org/codes.html#StaticLoggerBinder for further details.
26-12-2022 21:22:20.079 [java] [DEBUG] gauge-java took 2868milliseconds to load and scan. This should be less than 'runner_connection_timeout' config value.
26-12-2022 21:22:20.079 [java] [DEBUG] run 'gauge config runner_connection_timeout' and verify that it is < 2868
26-12-2022 21:22:20.079 [java] [DEBUG] starting gRPC server...
26-12-2022 21:22:20.230 [java] [DEBUG] Scanning packages for steps
26-12-2022 21:22:20.284 [java] [DEBUG] Comparing 'page.FlyPage.clickStepButton' and 'page.FlyPage.clickStepButton'
26-12-2022 21:22:20.284 [java] [DEBUG] Found {} xpath li elemente tıklanır in current project scope.
26-12-2022 21:22:20.285 [java] [DEBUG] Comparing 'page.FlyPage.selectFlightDate' and 'page.FlyPage.selectFlightDate'
26-12-2022 21:22:20.285 [java] [DEBUG] Found Bugünün tarihi +7 gün seçilir. in current project scope.
26-12-2022 21:22:20.286 [java] [DEBUG] Comparing 'page.FlyPage.randomSelectFly' and 'page.FlyPage.randomSelectFly'
26-12-2022 21:22:20.286 [java] [DEBUG] Found {} 'li uçuşlardan rastgele seç ve {} ile {} değerlerini kaydet in current project scope.
26-12-2022 21:22:20.287 [java] [DEBUG] Comparing 'page.FlyPage.lastDataFlyHours' and 'page.FlyPage.lastDataFlyHours'
26-12-2022 21:22:20.287 [java] [DEBUG] Found {} ile {} sondaki uçuş saatleri verileri in current project scope.
26-12-2022 21:22:20.288 [java] [DEBUG] Comparing 'page.HomePage.clickStepButton' and 'page.HomePage.clickStepButton'
26-12-2022 21:22:20.288 [java] [DEBUG] Found {} id li elemente tıklanır in current project scope.
26-12-2022 21:22:20.288 [java] [DEBUG] Comparing 'page.FlyPage.sendKeyById' and 'page.FlyPage.sendKeyById'
26-12-2022 21:22:20.288 [java] [DEBUG] Found {} id li elemente tıkla {} değerini gir in current project scope.
26-12-2022 21:22:20.288 [java] [DEBUG] Comparing 'page.HomePage.checkOpenApp' and 'page.HomePage.checkOpenApp'
26-12-2022 21:22:20.288 [java] [DEBUG] Found {} id li element bulunur ve görünür mü kontrol edilir in current project scope.
26-12-2022 21:22:20.288 [java] [DEBUG] Scanning packages for hooks
26-12-2022 21:22:20.300 [java] [DEBUG] Scanned steps (using static parsing + reflections): 
26-12-2022 21:22:20.300 [java] [DEBUG] 	Bugünün tarihi +7 gün seçilir. : public void selectFlightDate()
26-12-2022 21:22:20.300 [java] [DEBUG] 	{} id li element bulunur ve görünür mü kontrol edilir : public void checkOpenApp(String id)
26-12-2022 21:22:20.300 [java] [DEBUG] 	{} id li elemente tıklanır : public void clickStepButton(String id)
26-12-2022 21:22:20.300 [java] [DEBUG] 	{} xpath li elemente tıklanır : public void clickStepButton(String xpath)
26-12-2022 21:22:20.301 [java] [DEBUG] 	{} id li elemente tıkla {} değerini gir : public void sendKeyById(String id, String text)
26-12-2022 21:22:20.301 [java] [DEBUG] 	{} 'li uçuşlardan rastgele seç ve {} ile {} değerlerini kaydet : public void randomSelectFly(String xpath, String departurePath, String arrivalPath)
26-12-2022 21:22:20.301 [java] [DEBUG] 	{} ile {} sondaki uçuş saatleri verileri : public void lastDataFlyHours(String departurePath, String arrivalPath)
26-12-2022 21:22:20.635 [java] [DEBUG] started gRPC server on port 61640
26-12-2022 21:22:20.636 [Gauge] [DEBUG] Attempting to connect to grpc server at port: 61640
26-12-2022 21:22:20.751 [Gauge] [DEBUG] Successfully made the connection with runner with port: 61640
26-12-2022 21:22:20.751 [Gauge] [DEBUG] Validation started.
26-12-2022 21:22:21.532 [Gauge] [DEBUG] Validation completed.
26-12-2022 21:22:21.534 [Gauge] [DEBUG] Run started
26-12-2022 21:22:21.535 [Gauge] [DEBUG] Starting Html Report plugin
26-12-2022 21:22:21.573 [html-report] [DEBUG] Setting MaxRecvMsgSize = 1024 MB
26-12-2022 21:22:21.573 [Gauge] [DEBUG] Attempting to connect to grpc server at port: 61643
26-12-2022 21:22:21.574 [Gauge] [DEBUG] Successfully made the connection with plugin with port: 61643
26-12-2022 21:22:21.574 [Gauge] [DEBUG] Initialising suite data store.
26-12-2022 21:22:21.622 [java] [INFO] 2022-12-26 21:22:21,618 +03:00 INFO  b.BaseTest:30 setup - !!!!!!!!!!! Localde test başlıyor !!!!!!!!!!
26-12-2022 21:22:21.622 [java] [INFO] 2022-12-26 21:22:21,622 +03:00 INFO  b.BaseTest:33 setup - !!!!!!!!!!! Localde Android  testi başlıyor !!!!!!!!!!
26-12-2022 21:22:34.683 [java] [ERROR] Dec 26, 2022 9:22:34 PM io.appium.java_client.remote.AppiumCommandExecutor$1 lambda$0
26-12-2022 21:22:34.683 [java] [ERROR] INFO: Detected dialect: W3C
26-12-2022 21:22:34.751 [java] [DEBUG] Executing '{} id li element bulunur ve görünür mü kontrol edilir' using 'class page.HomePage.checkOpenApp
26-12-2022 21:22:38.986 [html-report] [DEBUG] Transformed SuiteResult to report structure
26-12-2022 21:22:39.288 [html-report] [INFO] Successfully generated html-report to => C:\Users\testinium\Desktop\Example\QatarAirwaysProject\reports\html-report\index.html
26-12-2022 21:22:39.288 [html-report] [DEBUG] Done generating HTML report using theme from C:\Users\testinium\AppData\Roaming\gauge\plugins\html-report\4.2.0\themes\default
26-12-2022 21:22:39.294 [Gauge] [DEBUG] Sending kill message to Html Report plugin.
26-12-2022 21:22:39.348 [java] [DEBUG] Killing Java runner...
26-12-2022 21:22:39.352 [java] [DEBUG] Stopping execution pool...
26-12-2022 21:22:39.356 [java] [DEBUG] Shutting down grpc server...
26-12-2022 21:22:39.398 [java] [DEBUG] Runner killed gracefully.
26-12-2022 21:22:40.414 [Gauge] [DEBUG] Runner with PID:28264 has exited
26-12-2022 21:22:40.414 [Gauge] [INFO] Specifications:	1 executed	0 passed	1 failed	0 skipped
26-12-2022 21:22:40.414 [Gauge] [INFO] Scenarios:	1 executed	0 passed	1 failed	0 skipped
26-12-2022 21:22:40.415 [Gauge] [INFO] 
Total time taken: 17.44s
26-12-2022 21:26:19.918 [Gauge] [DEBUG] Created gauge_screenshots_dir at C:\Users\testinium\Desktop\Example\QatarAirwaysProject\.gauge\screenshots
26-12-2022 21:26:19.922 [Gauge] [DEBUG] Plugin java is already installed.
26-12-2022 21:26:19.922 [Gauge] [DEBUG] Plugin html-report is already installed.
26-12-2022 21:26:19.924 [Gauge] [DEBUG] Parsing started.
26-12-2022 21:26:19.924 [Gauge] [DEBUG] Started concepts parsing.
26-12-2022 21:26:19.934 [Gauge] [DEBUG] 11 concepts parsing completed.
26-12-2022 21:26:19.934 [Gauge] [DEBUG] Started specifications parsing.
26-12-2022 21:26:19.937 [Gauge] [DEBUG] 1 specifications parsing completed.
26-12-2022 21:26:19.937 [Gauge] [DEBUG] Parsing completed.
26-12-2022 21:26:19.970 [java] [DEBUG] ***** Printing Properties/Env Values *****
26-12-2022 21:26:19.971 [java] [DEBUG] PATH: C:\Program Files\Common Files\Oracle\Java\javapath_target_204140046;C:\WINDOWS\system32;C:\WINDOWS;C:\WINDOWS\System32\Wbem;C:\WINDOWS\System32\WindowsPowerShell\v1.0\;C:\WINDOWS\System32\OpenSSH\;C:\Program Files (x86)\Intel\Intel(R) Management Engine Components\DAL;C:\Program Files\Intel\Intel(R) Management Engine Components\DAL;C:\Program Files\nodejs\;C:\Program Files\Maven\apache-maven-3.8.6\bin;C:\Program Files\Git\cmd;C:\Program Files\Gauge\bin;C:\WINDOWS\system32;C:\WINDOWS;C:\WINDOWS\System32\Wbem;C:\WINDOWS\System32\WindowsPowerShell\v1.0\;C:\WINDOWS\System32\OpenSSH\;C:\Program Files (x86)\Micro Focus\Unified Functional Testing\bin;C:\Users\testinium\AppData\Local\Android\Sdk\platform-tools;C:\Users\testinium\AppData\Local\Android\Sdk\tools;C:\Users\testinium\AppData\Local\Android\Sdk\build-tools;C:\Users\testinium\AppData\Local\Microsoft\WindowsApps;C:\Users\testinium\AppData\Roaming\npm;C:\Users\testinium\AppData\Roaming\gauge\plugins\screenshot\0.1.0
26-12-2022 21:26:19.971 [java] [DEBUG] JAVA_HOME: C:\Program Files\Java\jdk-11.0.16.1
26-12-2022 21:26:19.971 [java] [DEBUG] gauge_project_root: C:\Users\testinium\Desktop\Example\QatarAirwaysProject
26-12-2022 21:26:19.971 [java] [DEBUG] gauge_parallel_streams_count: 8
26-12-2022 21:26:19.971 [java] [DEBUG] gauge_reports_dir: reports
26-12-2022 21:26:19.971 [java] [DEBUG] overwrite_reports: true
26-12-2022 21:26:19.971 [java] [DEBUG] logs_directory: logs
26-12-2022 21:26:19.971 [java] [DEBUG] enable_multithreading: false
26-12-2022 21:26:19.971 [java] [DEBUG] gauge_specs_dir: specs
26-12-2022 21:26:19.971 [java] [DEBUG] csv_delimiter: ,
26-12-2022 21:26:19.971 [java] [DEBUG] gauge_java_home: 
26-12-2022 21:26:19.971 [java] [DEBUG] gauge_custom_build_path: 
26-12-2022 21:26:19.971 [java] [DEBUG] gauge_additional_libs: libs/*
26-12-2022 21:26:19.971 [java] [DEBUG] gauge_jvm_args: 
26-12-2022 21:26:19.971 [java] [DEBUG] gauge_custom_compile_dir: 
26-12-2022 21:26:19.971 [java] [DEBUG] gauge_clear_state_level: scenario
26-12-2022 21:26:19.971 [java] [DEBUG] ***** END *****
26-12-2022 21:26:20.287 [Gauge] [DEBUG] Checking updates...
26-12-2022 21:26:20.289 [Gauge] [DEBUG] Downloading https://downloads.gauge.org/plugin/html-report?l=java&p=html-report,java,screenshot,spectacle,xml-report&o=windows&a=amd64
26-12-2022 21:26:20.592 [Gauge] [DEBUG] Downloading https://downloads.gauge.org/plugin/java?l=java&p=html-report,java,screenshot,spectacle,xml-report&o=windows&a=amd64
26-12-2022 21:26:20.685 [Gauge] [DEBUG] Downloading https://downloads.gauge.org/plugin/screenshot?l=java&p=html-report,java,screenshot,spectacle,xml-report&o=windows&a=amd64
26-12-2022 21:26:20.756 [Gauge] [DEBUG] Downloading https://downloads.gauge.org/plugin/spectacle?l=java&p=html-report,java,screenshot,spectacle,xml-report&o=windows&a=amd64
26-12-2022 21:26:20.841 [Gauge] [DEBUG] Downloading https://downloads.gauge.org/plugin/xml-report?l=java&p=html-report,java,screenshot,spectacle,xml-report&o=windows&a=amd64
26-12-2022 21:26:24.242 [java] [DEBUG] classpath set to C:\Program Files\Java\jdk-11.0.16.1!\java.base;C:\Program Files\Java\jdk-11.0.16.1!\java.compiler;C:\Program Files\Java\jdk-11.0.16.1!\java.datatransfer;C:\Program Files\Java\jdk-11.0.16.1!\java.desktop;C:\Program Files\Java\jdk-11.0.16.1!\java.instrument;C:\Program Files\Java\jdk-11.0.16.1!\java.logging;C:\Program Files\Java\jdk-11.0.16.1!\java.management;C:\Program Files\Java\jdk-11.0.16.1!\java.management.rmi;C:\Program Files\Java\jdk-11.0.16.1!\java.naming;C:\Program Files\Java\jdk-11.0.16.1!\java.net.http;C:\Program Files\Java\jdk-11.0.16.1!\java.prefs;C:\Program Files\Java\jdk-11.0.16.1!\java.rmi;C:\Program Files\Java\jdk-11.0.16.1!\java.scripting;C:\Program Files\Java\jdk-11.0.16.1!\java.se;C:\Program Files\Java\jdk-11.0.16.1!\java.security.jgss;C:\Program Files\Java\jdk-11.0.16.1!\java.security.sasl;C:\Program Files\Java\jdk-11.0.16.1!\java.smartcardio;C:\Program Files\Java\jdk-11.0.16.1!\java.sql;C:\Program Files\Java\jdk-11.0.16.1!\java.sql.rowset;C:\Program Files\Java\jdk-11.0.16.1!\java.transaction.xa;C:\Program Files\Java\jdk-11.0.16.1!\java.xml;C:\Program Files\Java\jdk-11.0.16.1!\java.xml.crypto;C:\Program Files\Java\jdk-11.0.16.1!\jdk.accessibility;C:\Program Files\Java\jdk-11.0.16.1!\jdk.attach;C:\Program Files\Java\jdk-11.0.16.1!\jdk.charsets;C:\Program Files\Java\jdk-11.0.16.1!\jdk.compiler;C:\Program Files\Java\jdk-11.0.16.1!\jdk.crypto.cryptoki;C:\Program Files\Java\jdk-11.0.16.1!\jdk.crypto.ec;C:\Program Files\Java\jdk-11.0.16.1!\jdk.crypto.mscapi;C:\Program Files\Java\jdk-11.0.16.1!\jdk.dynalink;C:\Program Files\Java\jdk-11.0.16.1!\jdk.editpad;C:\Program Files\Java\jdk-11.0.16.1!\jdk.hotspot.agent;C:\Program Files\Java\jdk-11.0.16.1!\jdk.httpserver;C:\Program Files\Java\jdk-11.0.16.1!\jdk.internal.ed;C:\Program Files\Java\jdk-11.0.16.1!\jdk.internal.jvmstat;C:\Program Files\Java\jdk-11.0.16.1!\jdk.internal.le;C:\Program Files\Java\jdk-11.0.16.1!\jdk.internal.opt;C:\Program Files\Java\jdk-11.0.16.1!\jdk.internal.vm.ci;C:\Program Files\Java\jdk-11.0.16.1!\jdk.internal.vm.compiler;C:\Program Files\Java\jdk-11.0.16.1!\jdk.internal.vm.compiler.management;C:\Program Files\Java\jdk-11.0.16.1!\jdk.jartool;C:\Program Files\Java\jdk-11.0.16.1!\jdk.javadoc;C:\Program Files\Java\jdk-11.0.16.1!\jdk.jcmd;C:\Program Files\Java\jdk-11.0.16.1!\jdk.jconsole;C:\Program Files\Java\jdk-11.0.16.1!\jdk.jdeps;C:\Program Files\Java\jdk-11.0.16.1!\jdk.jdi;C:\Program Files\Java\jdk-11.0.16.1!\jdk.jdwp.agent;C:\Program Files\Java\jdk-11.0.16.1!\jdk.jfr;C:\Program Files\Java\jdk-11.0.16.1!\jdk.jlink;C:\Program Files\Java\jdk-11.0.16.1!\jdk.jshell;C:\Program Files\Java\jdk-11.0.16.1!\jdk.jsobject;C:\Program Files\Java\jdk-11.0.16.1!\jdk.jstatd;C:\Program Files\Java\jdk-11.0.16.1!\jdk.localedata;C:\Program Files\Java\jdk-11.0.16.1!\jdk.management;C:\Program Files\Java\jdk-11.0.16.1!\jdk.management.agent;C:\Program Files\Java\jdk-11.0.16.1!\jdk.management.jfr;C:\Program Files\Java\jdk-11.0.16.1!\jdk.naming.dns;C:\Program Files\Java\jdk-11.0.16.1!\jdk.naming.ldap;C:\Program Files\Java\jdk-11.0.16.1!\jdk.naming.rmi;C:\Program Files\Java\jdk-11.0.16.1!\jdk.net;C:\Program Files\Java\jdk-11.0.16.1!\jdk.pack;C:\Program Files\Java\jdk-11.0.16.1!\jdk.rmic;C:\Program Files\Java\jdk-11.0.16.1!\jdk.scripting.nashorn;C:\Program Files\Java\jdk-11.0.16.1!\jdk.scripting.nashorn.shell;C:\Program Files\Java\jdk-11.0.16.1!\jdk.sctp;C:\Program Files\Java\jdk-11.0.16.1!\jdk.security.auth;C:\Program Files\Java\jdk-11.0.16.1!\jdk.security.jgss;C:\Program Files\Java\jdk-11.0.16.1!\jdk.unsupported;C:\Program Files\Java\jdk-11.0.16.1!\jdk.unsupported.desktop;C:\Program Files\Java\jdk-11.0.16.1!\jdk.xml.dom;C:\Program Files\Java\jdk-11.0.16.1!\jdk.zipfs;C:\Users\testinium\Desktop\Example\QatarAirwaysProject\target\test-classes;C:\Users\testinium\.m2\repository\junit\junit\4.12\junit-4.12.jar;C:\Users\testinium\.m2\repository\org\hamcrest\hamcrest-core\1.3\hamcrest-core-1.3.jar;C:\Users\testinium\.m2\repository\com\thoughtworks\gauge\gauge-java\0.9.1\gauge-java-0.9.1.jar;C:\Users\testinium\.m2\repository\org\assertj\assertj-core\3.22.0\assertj-core-3.22.0.jar;C:\Users\testinium\.m2\repository\org\reflections\reflections\0.10.2\reflections-0.10.2.jar;C:\Users\testinium\.m2\repository\org\javassist\javassist\3.28.0-GA\javassist-3.28.0-GA.jar;C:\Users\testinium\.m2\repository\com\google\code\findbugs\jsr305\3.0.2\jsr305-3.0.2.jar;C:\Users\testinium\.m2\repository\com\github\javaparser\javaparser-core\3.16.3\javaparser-core-3.16.3.jar;C:\Users\testinium\.m2\repository\commons-io\commons-io\2.11.0\commons-io-2.11.0.jar;C:\Users\testinium\.m2\repository\commons-lang\commons-lang\2.6\commons-lang-2.6.jar;C:\Users\testinium\.m2\repository\org\json\json\20220320\json-20220320.jar;C:\Users\testinium\.m2\repository\com\google\protobuf\protobuf-java\3.19.4\protobuf-java-3.19.4.jar;C:\Users\testinium\.m2\repository\com\google\guava\guava\31.0.1-jre\guava-31.0.1-jre.jar;C:\Users\testinium\.m2\repository\com\google\guava\failureaccess\1.0.1\failureaccess-1.0.1.jar;C:\Users\testinium\.m2\repository\com\google\guava\listenablefuture\9999.0-empty-to-avoid-conflict-with-guava\listenablefuture-9999.0-empty-to-avoid-conflict-with-guava.jar;C:\Users\testinium\.m2\repository\org\checkerframework\checker-qual\3.12.0\checker-qual-3.12.0.jar;C:\Users\testinium\.m2\repository\com\google\errorprone\error_prone_annotations\2.7.1\error_prone_annotations-2.7.1.jar;C:\Users\testinium\.m2\repository\com\google\j2objc\j2objc-annotations\1.3\j2objc-annotations-1.3.jar;C:\Users\testinium\.m2\repository\io\grpc\grpc-netty-shaded\1.41.2\grpc-netty-shaded-1.41.2.jar;C:\Users\testinium\.m2\repository\io\perfmark\perfmark-api\0.23.0\perfmark-api-0.23.0.jar;C:\Users\testinium\.m2\repository\io\grpc\grpc-core\1.41.2\grpc-core-1.41.2.jar;C:\Users\testinium\.m2\repository\com\google\android\annotations\4.1.1.4\annotations-4.1.1.4.jar;C:\Users\testinium\.m2\repository\org\codehaus\mojo\animal-sniffer-annotations\1.19\animal-sniffer-annotations-1.19.jar;C:\Users\testinium\.m2\repository\io\grpc\grpc-protobuf\1.41.2\grpc-protobuf-1.41.2.jar;C:\Users\testinium\.m2\repository\io\grpc\grpc-api\1.41.2\grpc-api-1.41.2.jar;C:\Users\testinium\.m2\repository\io\grpc\grpc-context\1.41.2\grpc-context-1.41.2.jar;C:\Users\testinium\.m2\repository\com\google\api\grpc\proto-google-common-protos\2.0.1\proto-google-common-protos-2.0.1.jar;C:\Users\testinium\.m2\repository\io\grpc\grpc-protobuf-lite\1.41.2\grpc-protobuf-lite-1.41.2.jar;C:\Users\testinium\.m2\repository\io\grpc\grpc-stub\1.41.2\grpc-stub-1.41.2.jar;C:\Users\testinium\.m2\repository\javax\annotation\javax.annotation-api\1.3.2\javax.annotation-api-1.3.2.jar;C:\Users\testinium\.m2\repository\io\appium\java-client\7.3.0\java-client-7.3.0.jar;C:\Users\testinium\.m2\repository\org\seleniumhq\selenium\selenium-java\3.141.59\selenium-java-3.141.59.jar;C:\Users\testinium\.m2\repository\org\seleniumhq\selenium\selenium-chrome-driver\3.141.59\selenium-chrome-driver-3.141.59.jar;C:\Users\testinium\.m2\repository\org\seleniumhq\selenium\selenium-edge-driver\3.141.59\selenium-edge-driver-3.141.59.jar;C:\Users\testinium\.m2\repository\org\seleniumhq\selenium\selenium-firefox-driver\3.141.59\selenium-firefox-driver-3.141.59.jar;C:\Users\testinium\.m2\repository\org\seleniumhq\selenium\selenium-ie-driver\3.141.59\selenium-ie-driver-3.141.59.jar;C:\Users\testinium\.m2\repository\org\seleniumhq\selenium\selenium-opera-driver\3.141.59\selenium-opera-driver-3.141.59.jar;C:\Users\testinium\.m2\repository\org\seleniumhq\selenium\selenium-remote-driver\3.141.59\selenium-remote-driver-3.141.59.jar;C:\Users\testinium\.m2\repository\org\seleniumhq\selenium\selenium-safari-driver\3.141.59\selenium-safari-driver-3.141.59.jar;C:\Users\testinium\.m2\repository\net\bytebuddy\byte-buddy\1.8.15\byte-buddy-1.8.15.jar;C:\Users\testinium\.m2\repository\org\apache\commons\commons-exec\1.3\commons-exec-1.3.jar;C:\Users\testinium\.m2\repository\com\squareup\okhttp3\okhttp\3.11.0\okhttp-3.11.0.jar;C:\Users\testinium\.m2\repository\com\squareup\okio\okio\1.14.0\okio-1.14.0.jar;C:\Users\testinium\.m2\repository\org\seleniumhq\selenium\selenium-support\3.141.59\selenium-support-3.141.59.jar;C:\Users\testinium\.m2\repository\org\seleniumhq\selenium\selenium-api\3.141.59\selenium-api-3.141.59.jar;C:\Users\testinium\.m2\repository\com\google\code\gson\gson\2.8.5\gson-2.8.5.jar;C:\Users\testinium\.m2\repository\org\apache\httpcomponents\httpclient\4.5.9\httpclient-4.5.9.jar;C:\Users\testinium\.m2\repository\org\apache\httpcomponents\httpcore\4.4.11\httpcore-4.4.11.jar;C:\Users\testinium\.m2\repository\commons-logging\commons-logging\1.2\commons-logging-1.2.jar;C:\Users\testinium\.m2\repository\commons-codec\commons-codec\1.11\commons-codec-1.11.jar;C:\Users\testinium\.m2\repository\cglib\cglib\3.2.12\cglib-3.2.12.jar;C:\Users\testinium\.m2\repository\org\ow2\asm\asm\7.1\asm-7.1.jar;C:\Users\testinium\.m2\repository\commons-validator\commons-validator\1.6\commons-validator-1.6.jar;C:\Users\testinium\.m2\repository\commons-beanutils\commons-beanutils\1.9.2\commons-beanutils-1.9.2.jar;C:\Users\testinium\.m2\repository\commons-digester\commons-digester\1.8.1\commons-digester-1.8.1.jar;C:\Users\testinium\.m2\repository\commons-collections\commons-collections\3.2.2\commons-collections-3.2.2.jar;C:\Users\testinium\.m2\repository\org\apache\commons\commons-lang3\3.9\commons-lang3-3.9.jar;C:\Users\testinium\.m2\repository\org\springframework\spring-context\5.1.8.RELEASE\spring-context-5.1.8.RELEASE.jar;C:\Users\testinium\.m2\repository\org\springframework\spring-aop\5.1.8.RELEASE\spring-aop-5.1.8.RELEASE.jar;C:\Users\testinium\.m2\repository\org\springframework\spring-beans\5.1.8.RELEASE\spring-beans-5.1.8.RELEASE.jar;C:\Users\testinium\.m2\repository\org\springframework\spring-core\5.1.8.RELEASE\spring-core-5.1.8.RELEASE.jar;C:\Users\testinium\.m2\repository\org\springframework\spring-jcl\5.1.8.RELEASE\spring-jcl-5.1.8.RELEASE.jar;C:\Users\testinium\.m2\repository\org\springframework\spring-expression\5.1.8.RELEASE\spring-expression-5.1.8.RELEASE.jar;C:\Users\testinium\.m2\repository\org\aspectj\aspectjweaver\1.9.4\aspectjweaver-1.9.4.jar;C:\Users\testinium\.m2\repository\org\slf4j\slf4j-api\1.7.30\slf4j-api-1.7.30.jar;C:\Users\testinium\.m2\repository\org\apache\logging\log4j\log4j-core\2.17.1\log4j-core-2.17.1.jar;C:\Users\testinium\.m2\repository\org\apache\logging\log4j\log4j-api\2.17.1\log4j-api-2.17.1.jar
26-12-2022 21:26:24.295 [java] [DEBUG] found java executable in C:\Program Files\Java\jdk-11.0.16.1\bin\java.exe
26-12-2022 21:26:24.296 [java] [DEBUG] running - C:\Program Files\Java\jdk-11.0.16.1\bin\java.exe [-Dfile.encoding=UTF-8 com.thoughtworks.gauge.GaugeRuntime --start]
26-12-2022 21:26:24.296 [java] [DEBUG] stdout/stderr is logged to logs\27668-java.exe.out
26-12-2022 21:26:24.590 [java] [DEBUG] multithreading is set to false
26-12-2022 21:26:24.930 [java] [DEBUG] Using reflection to scan dependencies for gauge implementations...
26-12-2022 21:26:25.037 [java] [ERROR] SLF4J: Failed to load class "org.slf4j.impl.StaticLoggerBinder".
26-12-2022 21:26:25.037 [java] [ERROR] SLF4J: Defaulting to no-operation (NOP) logger implementation
26-12-2022 21:26:25.037 [java] [ERROR] SLF4J: See http://www.slf4j.org/codes.html#StaticLoggerBinder for further details.
26-12-2022 21:26:28.221 [java] [DEBUG] gauge-java took 3631milliseconds to load and scan. This should be less than 'runner_connection_timeout' config value.
26-12-2022 21:26:28.221 [java] [DEBUG] run 'gauge config runner_connection_timeout' and verify that it is < 3631
26-12-2022 21:26:28.221 [java] [DEBUG] starting gRPC server...
26-12-2022 21:26:28.403 [java] [DEBUG] Scanning packages for steps
26-12-2022 21:26:28.446 [java] [DEBUG] Comparing 'page.FlyPage.clickStepButton' and 'page.FlyPage.clickStepButton'
26-12-2022 21:26:28.447 [java] [DEBUG] Found {} xpath li elemente tıklanır in current project scope.
26-12-2022 21:26:28.449 [java] [DEBUG] Comparing 'page.FlyPage.selectFlightDate' and 'page.FlyPage.selectFlightDate'
26-12-2022 21:26:28.449 [java] [DEBUG] Found Bugünün tarihi +7 gün seçilir. in current project scope.
26-12-2022 21:26:28.449 [java] [DEBUG] Comparing 'page.FlyPage.randomSelectFly' and 'page.FlyPage.randomSelectFly'
26-12-2022 21:26:28.449 [java] [DEBUG] Found {} 'li uçuşlardan rastgele seç ve {} ile {} değerlerini kaydet in current project scope.
26-12-2022 21:26:28.449 [java] [DEBUG] Comparing 'page.FlyPage.lastDataFlyHours' and 'page.FlyPage.lastDataFlyHours'
26-12-2022 21:26:28.449 [java] [DEBUG] Found {} ile {} sondaki uçuş saatleri verileri in current project scope.
26-12-2022 21:26:28.449 [java] [DEBUG] Comparing 'page.HomePage.clickStepButton' and 'page.HomePage.clickStepButton'
26-12-2022 21:26:28.449 [java] [DEBUG] Found {} id li elemente tıklanır in current project scope.
26-12-2022 21:26:28.449 [java] [DEBUG] Comparing 'page.FlyPage.sendKeyById' and 'page.FlyPage.sendKeyById'
26-12-2022 21:26:28.449 [java] [DEBUG] Found {} id li elemente tıkla {} değerini gir in current project scope.
26-12-2022 21:26:28.449 [java] [DEBUG] Comparing 'page.HomePage.checkOpenApp' and 'page.HomePage.checkOpenApp'
26-12-2022 21:26:28.449 [java] [DEBUG] Found {} id li element bulunur ve görünür mü kontrol edilir in current project scope.
26-12-2022 21:26:28.450 [java] [DEBUG] Scanning packages for hooks
26-12-2022 21:26:28.459 [java] [DEBUG] Scanned steps (using static parsing + reflections): 
26-12-2022 21:26:28.459 [java] [DEBUG] 	Bugünün tarihi +7 gün seçilir. : public void selectFlightDate()
26-12-2022 21:26:28.459 [java] [DEBUG] 	{} id li element bulunur ve görünür mü kontrol edilir : public void checkOpenApp(String id)
26-12-2022 21:26:28.459 [java] [DEBUG] 	{} id li elemente tıklanır : public void clickStepButton(String id)
26-12-2022 21:26:28.459 [java] [DEBUG] 	{} xpath li elemente tıklanır : public void clickStepButton(String xpath)
26-12-2022 21:26:28.460 [java] [DEBUG] 	{} id li elemente tıkla {} değerini gir : public void sendKeyById(String id, String text)
26-12-2022 21:26:28.460 [java] [DEBUG] 	{} 'li uçuşlardan rastgele seç ve {} ile {} değerlerini kaydet : public void randomSelectFly(String xpath, String departurePath, String arrivalPath)
26-12-2022 21:26:28.460 [java] [DEBUG] 	{} ile {} sondaki uçuş saatleri verileri : public void lastDataFlyHours(String departurePath, String arrivalPath)
26-12-2022 21:26:28.699 [java] [DEBUG] started gRPC server on port 62656
26-12-2022 21:26:28.700 [Gauge] [DEBUG] Attempting to connect to grpc server at port: 62656
26-12-2022 21:26:28.820 [Gauge] [DEBUG] Successfully made the connection with runner with port: 62656
26-12-2022 21:26:28.820 [Gauge] [DEBUG] Validation started.
26-12-2022 21:26:30.050 [Gauge] [DEBUG] Validation completed.
26-12-2022 21:26:30.054 [Gauge] [DEBUG] Run started
26-12-2022 21:26:30.057 [Gauge] [DEBUG] Starting Html Report plugin
26-12-2022 21:26:30.102 [html-report] [DEBUG] Setting MaxRecvMsgSize = 1024 MB
26-12-2022 21:26:30.102 [Gauge] [DEBUG] Attempting to connect to grpc server at port: 62660
26-12-2022 21:26:30.105 [Gauge] [DEBUG] Successfully made the connection with plugin with port: 62660
26-12-2022 21:26:30.105 [Gauge] [DEBUG] Initialising suite data store.
26-12-2022 21:26:30.281 [java] [INFO] 2022-12-26 21:26:30,265 +03:00 INFO  b.BaseTest:30 setup - !!!!!!!!!!! Localde test başlıyor !!!!!!!!!!
26-12-2022 21:26:30.282 [java] [INFO] 2022-12-26 21:26:30,279 +03:00 INFO  b.BaseTest:33 setup - !!!!!!!!!!! Localde Android  testi başlıyor !!!!!!!!!!
26-12-2022 21:26:47.537 [java] [ERROR] Dec 26, 2022 9:26:47 PM io.appium.java_client.remote.AppiumCommandExecutor$1 lambda$0
26-12-2022 21:26:47.537 [java] [ERROR] INFO: Detected dialect: W3C
26-12-2022 21:26:47.650 [java] [DEBUG] Executing '{} id li element bulunur ve görünür mü kontrol edilir' using 'class page.HomePage.checkOpenApp
26-12-2022 21:26:50.197 [html-report] [DEBUG] Transformed SuiteResult to report structure
26-12-2022 21:26:50.438 [html-report] [INFO] Successfully generated html-report to => C:\Users\testinium\Desktop\Example\QatarAirwaysProject\reports\html-report\index.html
26-12-2022 21:26:50.438 [html-report] [DEBUG] Done generating HTML report using theme from C:\Users\testinium\AppData\Roaming\gauge\plugins\html-report\4.2.0\themes\default
26-12-2022 21:26:50.440 [Gauge] [DEBUG] Sending kill message to Html Report plugin.
26-12-2022 21:26:50.452 [java] [DEBUG] Killing Java runner...
26-12-2022 21:26:50.455 [java] [DEBUG] Stopping execution pool...
26-12-2022 21:26:50.455 [java] [DEBUG] Shutting down grpc server...
26-12-2022 21:26:50.498 [java] [DEBUG] Runner killed gracefully.
26-12-2022 21:26:51.344 [Gauge] [DEBUG] Runner with PID:27668 has exited
26-12-2022 21:26:51.344 [Gauge] [INFO] Specifications:	1 executed	0 passed	1 failed	0 skipped
26-12-2022 21:26:51.345 [Gauge] [INFO] Scenarios:	1 executed	0 passed	1 failed	0 skipped
26-12-2022 21:26:51.404 [Gauge] [INFO] 
Total time taken: 20.072s
